Iter     Function value   Gradient norm 
     0     2.732715e+04     5.231976e+03
     1     1.972505e+04     1.510253e+04
     2     1.506637e+04     3.192668e+04
     3     1.336507e+04     1.675301e+04
     4     1.260324e+04     2.423752e+03
     5     1.198576e+04     1.723058e+03
     6     1.197915e+04     1.210649e+03
     7     1.197543e+04     1.193942e+03
     8     1.193083e+04     3.243760e+03
     9     1.182682e+04     3.171940e+02
    10     1.181540e+04     9.849842e+02
    11     1.181090e+04     1.193126e+03
    12     1.180806e+04     1.054634e+03
    13     1.180414e+04     6.302063e+02
    14     1.180167e+04     4.171051e+02
    15     1.180049e+04     1.166525e+02
    16     1.179974e+04     4.568792e+01
    17     1.179944e+04     3.285826e+01
    18     1.179922e+04     4.473883e+01
    19     1.179912e+04     1.220136e+02
    20     1.179909e+04     1.372230e+02
    21     1.179909e+04     1.455621e+02
    22     1.179909e+04     1.449385e+02
    23     1.179909e+04     1.454407e+02
    24     1.179909e+04     1.483184e+02
    25     1.179908e+04     1.571595e+02
    26     1.179908e+04     1.584574e+02
    27     1.179908e+04     1.547790e+02
    28     1.179908e+04     1.526997e+02
    29     1.179908e+04     1.578440e+02
    30     1.179904e+04     1.534895e+02
    31     1.179759e+04     3.119918e+02
    32     1.179621e+04     4.195067e+02
    33     1.179331e+04     6.428096e+02
    34     1.179257e+04     8.015902e+02
    35     1.179245e+04     8.973052e+02
    36     1.179098e+04     8.837223e+02
    37     1.178912e+04     1.781706e+02
    38     1.178871e+04     1.097960e+02
    39     1.178810e+04     4.606770e+01
    40     1.178795e+04     7.007820e+01
    41     1.178789e+04     3.458400e+01
    42     1.178784e+04     2.963831e+01
    43     1.178774e+04     2.365313e+01
    44     1.178744e+04     7.514748e+01
    45     1.178735e+04     3.251395e+01
    46     1.178733e+04     2.746620e+01
    47     1.178732e+04     3.546803e+00
    48     1.178731e+04     1.693381e+00
    49     1.178731e+04     1.442706e+00
    50     1.178731e+04     1.251607e-01
    51     1.178731e+04     4.226204e-02
    52     1.178731e+04     2.160043e-02
    53     1.178731e+04     1.525287e-02
    54     1.178731e+04     1.558509e-02
    55     1.178731e+04     3.466484e-03
    56     1.178731e+04     3.538138e-03
    57     1.178731e+04     1.835577e-03
    58     1.178731e+04     4.000664e-03
    59     1.178731e+04     7.889071e-04
    60     1.178731e+04     2.254417e-03
    61     1.178731e+04     7.354763e-04
    62     1.178731e+04     3.306991e-04
    63     1.178731e+04     1.600218e-04
    64     1.178731e+04     1.600081e-04
    65     1.178731e+04     1.600076e-04
    66     1.178731e+04     1.600071e-04
ERROR: LoadError: UndefVarError: path not defined
Stacktrace:
 [1] top-level scope at none:0
 [2] include at ./boot.jl:317 [inlined]
 [3] include_relative(::Module, ::String) at ./loading.jl:1038
 [4] include(::Module, ::String) at ./sysimg.jl:29
 [5] exec_options(::Base.JLOptions) at ./client.jl:229
 [6] _start() at ./client.jl:421
in expression starting at /usr/people/briandd/Projects/pulse_input_DDM.jl/src/test_recovery_choice_model-v2.jl:43
