Iter     Function value   Gradient norm 
     0     9.057322e+04     6.504311e+02
     1     8.963584e+04     3.124816e+02
     2     8.902065e+04     2.414807e+02
     3     8.856011e+04     2.808530e+02
     4     8.826218e+04     3.625246e+02
     5     8.794042e+04     3.857011e+02
     6     8.764550e+04     4.194098e+02
     7     8.738696e+04     4.195945e+02
     8     8.714647e+04     3.689949e+02
     9     8.691104e+04     3.145837e+02
    10     8.667861e+04     2.773235e+02
    11     8.645337e+04     2.518329e+02
    12     8.622855e+04     2.268447e+02
    13     8.600578e+04     1.994416e+02
    14     8.579451e+04     1.766927e+02
    15     8.559346e+04     1.540234e+02
    16     8.540077e+04     1.581575e+02
    17     8.521909e+04     1.554199e+02
    18     8.505497e+04     1.407644e+02
    19     8.490074e+04     1.356984e+02
    20     8.475435e+04     1.312631e+02
    21     8.461501e+04     1.208159e+02
    22     8.448395e+04     1.148816e+02
    23     8.436784e+04     9.833891e+01
    24     8.426143e+04     9.450285e+01
    25     8.415935e+04     1.017221e+02
    26     8.406251e+04     9.950985e+01
    27     8.397331e+04     1.112655e+02
    28     8.388989e+04     1.049735e+02
    29     8.381405e+04     9.066287e+01
    30     8.374161e+04     9.427597e+01
    31     8.367379e+04     1.070875e+02
    32     8.360720e+04     1.087412e+02
    33     8.354462e+04     1.083164e+02
    34     8.348537e+04     1.021973e+02
    35     8.342848e+04     8.916281e+01
    36     8.337556e+04     9.473328e+01
    37     8.332598e+04     9.516292e+01
    38     8.327812e+04     9.333612e+01
    39     8.323342e+04     7.807070e+01
    40     8.319051e+04     7.848355e+01
    41     8.314942e+04     8.482005e+01
    42     8.310784e+04     7.064239e+01
    43     8.306612e+04     7.546253e+01
    44     8.302518e+04     1.075052e+02
    45     8.298715e+04     1.056515e+02
    46     8.294974e+04     8.328933e+01
    47     8.291485e+04     6.961083e+01
    48     8.288110e+04     9.058766e+01
    49     8.284932e+04     5.443601e+01
    50     8.281886e+04     4.300379e+01
    51     8.278999e+04     5.607053e+01
    52     8.276332e+04     4.986802e+01
    53     8.273874e+04     1.746799e+02
    54     8.271349e+04     6.106741e+01
    55     8.269095e+04     4.472958e+01
    56     8.266772e+04     4.488336e+01
    57     8.264735e+04     4.330267e+01
    58     8.262744e+04     4.734107e+01
    59     8.260879e+04     4.943897e+01
    60     8.259169e+04     4.866290e+01
    61     8.257664e+04     5.481345e+01
    62     8.256023e+04     5.906940e+01
    63     8.254104e+04     4.214461e+01
    64     8.252466e+04     4.043432e+01
    65     8.251110e+04     3.942174e+01
    66     8.250052e+04     3.152414e+01
    67     8.249099e+04     4.709590e+01
    68     8.248334e+04     3.757777e+01
    69     8.247604e+04     5.321626e+01
    70     8.247022e+04     4.062962e+01
    71     8.246478e+04     1.639218e+01
    72     8.246294e+04     4.736200e+01
    73     8.246043e+04     3.398040e+01
    74     8.245703e+04     2.330337e+01
    75     8.245522e+04     4.262911e+01
    76     8.245275e+04     8.052014e+01
    77     8.245029e+04     1.142167e+02
    78     8.244834e+04     1.356149e+02
    79     8.244611e+04     1.457071e+02
    80     8.244408e+04     1.467468e+02
    81     8.244216e+04     1.424497e+02
    82     8.244006e+04     1.213561e+02
    83     8.243801e+04     8.426073e+01
    84     8.243677e+04     4.106104e+01
    85     8.243545e+04     1.836610e+01
    86     8.243439e+04     2.978438e+01
    87     8.243356e+04     4.904908e+01
    88     8.243318e+04     5.220308e+01
    89     8.243293e+04     5.577370e+01
    90     8.243209e+04     3.462897e+01
    91     8.243187e+04     2.068964e+01
    92     8.243135e+04     2.117312e+01
    93     8.243013e+04     2.188551e+01
    94     8.242863e+04     1.551296e+01
    95     8.242787e+04     2.086670e+01
    96     8.242687e+04     3.409693e+01
    97     8.242644e+04     3.448222e+01
    98     8.242544e+04     3.098200e+01
    99     8.242434e+04     2.966437e+01
   100     8.242300e+04     2.583268e+01
   101     8.242220e+04     1.616215e+01
   102     8.242179e+04     1.328538e+01
   103     8.242157e+04     1.513445e+01
   104     8.242124e+04     1.096568e+01
   105     8.242102e+04     5.783652e+00
   106     8.242057e+04     6.239128e+00
   107     8.242030e+04     9.946240e+00
   108     8.242009e+04     2.406571e+01
   109     8.241988e+04     2.021208e+01
   110     8.241972e+04     2.512283e+01
   111     8.241949e+04     1.676527e+01
   112     8.241928e+04     8.920643e+00
   113     8.241904e+04     1.979664e+01
   114     8.241871e+04     1.076236e+01
   115     8.241845e+04     1.987884e+01
   116     8.241820e+04     9.877688e+00
   117     8.241795e+04     1.776975e+01
   118     8.241766e+04     9.406573e+00
   119     8.241739e+04     1.206047e+01
   120     8.241715e+04     1.741202e+01
   121     8.241713e+04     1.716799e+01
   122     8.241709e+04     5.934182e+00
   123     8.241708e+04     4.959201e+00
   124     8.241708e+04     4.928270e+00
Iter     Function value   Gradient norm 
     0     8.240393e+04     2.530986e+02
     1     8.239874e+04     1.057204e+02
     2     8.239837e+04     6.844947e+01
     3     8.239675e+04     1.110194e+02
     4     8.239567e+04     1.067969e+02
     5     8.238223e+04     8.794021e+01
     6     8.237330e+04     1.276297e+02
     7     8.235883e+04     1.224256e+02
     8     8.234789e+04     1.282736e+02
     9     8.233774e+04     1.773923e+02
    10     8.232184e+04     1.552602e+02
    11     8.231174e+04     2.743621e+02
    12     8.230067e+04     2.562090e+02
    13     8.228961e+04     3.813370e+02
    14     8.228577e+04     3.882030e+02
    15     8.228177e+04     4.121285e+02
    16     8.227660e+04     4.414911e+02
    17     8.227484e+04     5.022399e+02
    18     8.227475e+04     5.826654e+02
    19     8.227296e+04     5.842973e+02
    20     8.226674e+04     5.715452e+02
    21     8.225998e+04     4.652794e+02
    22     8.225341e+04     2.199389e+02
    23     8.224938e+04     8.511192e+01
    24     8.224723e+04     3.548950e+02
    25     8.224387e+04     4.347821e+02
    26     8.224098e+04     4.831728e+02
    27     8.223588e+04     4.023615e+02
    28     8.223453e+04     2.604451e+02
    29     8.223234e+04     1.938627e+02
    30     8.222611e+04     1.776990e+02
    31     8.222248e+04     1.651023e+02
    32     8.222074e+04     1.601950e+02
    33     8.221824e+04     1.352353e+02
    34     8.221362e+04     1.038453e+02
    35     8.221199e+04     1.573343e+02
    36     8.221151e+04     1.905283e+02
    37     8.220693e+04     1.202819e+02
    38     8.220510e+04     1.268589e+02
    39     8.220278e+04     1.183456e+02
    40     8.220078e+04     1.251280e+02
    41     8.219745e+04     1.191389e+02
    42     8.219643e+04     1.101403e+02
    43     8.219291e+04     5.375148e+01
    44     8.219243e+04     4.800052e+01
    45     8.219025e+04     7.312754e+01
    46     8.218969e+04     1.230287e+02
    47     8.218604e+04     1.395251e+02
    48     8.218502e+04     8.004434e+01
    49     8.218130e+04     6.566433e+01
    50     8.217983e+04     8.982510e+01
    51     8.217501e+04     7.157391e+01
    52     8.217372e+04     1.608731e+02
    53     8.217173e+04     1.013873e+02
    54     8.216960e+04     7.729208e+01
    55     8.216641e+04     4.650821e+01
    56     8.216498e+04     4.346237e+01
    57     8.216428e+04     3.182329e+01
    58     8.216392e+04     4.431457e+01
    59     8.216281e+04     9.089461e+01
    60     8.216151e+04     9.604890e+01
    61     8.216111e+04     7.097438e+01
    62     8.216072e+04     3.825304e+01
    63     8.216045e+04     8.870933e+00
    64     8.216027e+04     2.973700e+01
    65     8.216001e+04     1.568533e+01
    66     8.215951e+04     2.947855e+01
    67     8.215903e+04     4.660043e+01
    68     8.215854e+04     4.081702e+01
    69     8.215815e+04     5.230629e+01
    70     8.215773e+04     2.036966e+01
    71     8.215746e+04     5.137415e+01
    72     8.215719e+04     2.133635e+01
    73     8.215707e+04     6.648033e+01
    74     8.215693e+04     1.594828e+01
    75     8.215650e+04     7.529449e+00
    76     8.215610e+04     1.322799e+01
    77     8.215578e+04     3.325410e+01
    78     8.215550e+04     1.095711e+01
    79     8.215532e+04     3.235305e+01
    80     8.215517e+04     3.350327e+01
    81     8.215502e+04     5.168089e+01
    82     8.215494e+04     1.894507e+01
    83     8.215451e+04     2.864171e+01
    84     8.215429e+04     1.664193e+01
    85     8.215410e+04     3.916384e+01
    86     8.215395e+04     2.573044e+01
    87     8.215379e+04     1.658573e+01
    88     8.215370e+04     3.327668e+01
    89     8.215340e+04     2.812009e+01
    90     8.215318e+04     2.398916e+01
    91     8.215305e+04     1.765549e+01
    92     8.215294e+04     3.978508e+01
    93     8.215247e+04     2.885025e+01
    94     8.215206e+04     2.459397e+01
    95     8.215171e+04     2.855670e+01
    96     8.215133e+04     2.156528e+01
    97     8.215108e+04     2.999672e+01
    98     8.215077e+04     1.922746e+01
    99     8.215047e+04     3.638291e+01
   100     8.214974e+04     3.952881e+01
   101     8.214961e+04     3.246664e+01
   102     8.214937e+04     3.119798e+01
   103     8.214927e+04     3.066158e+01
   104     8.214919e+04     3.032753e+01
   105     8.214903e+04     2.789784e+01
   106     8.214891e+04     3.449039e+01
   107     8.214882e+04     2.744625e+01
   108     8.214861e+04     1.914395e+01
   109     8.214848e+04     4.009332e+01
   110     8.214814e+04     2.817848e+01
   111     8.214787e+04     2.832674e+01
   112     8.214761e+04     2.791917e+01
   113     8.214736e+04     2.854279e+01
   114     8.214709e+04     2.572151e+01
   115     8.214684e+04     3.089321e+01
   116     8.214657e+04     2.643182e+01
   117     8.214632e+04     3.058164e+01
   118     8.214605e+04     2.334632e+01
   119     8.214580e+04     2.801787e+01
   120     8.214554e+04     2.206054e+01
   121     8.214531e+04     2.562882e+01
   122     8.214505e+04     2.016002e+01
   123     8.214481e+04     2.136973e+01
   124     8.214458e+04     1.975434e+01
   125     8.214434e+04     1.969783e+01
   126     8.214410e+04     2.148360e+01
   127     8.214387e+04     2.027496e+01
   128     8.214364e+04     2.056102e+01
   129     8.214341e+04     2.152530e+01
   130     8.214319e+04     2.094279e+01
   131     8.214298e+04     2.240650e+01
   132     8.214277e+04     2.432943e+01
   133     8.214257e+04     2.378417e+01
   134     8.214239e+04     2.383248e+01
   135     8.214220e+04     2.546214e+01
   136     8.214204e+04     2.291950e+01
   137     8.214188e+04     2.456490e+01
   138     8.214172e+04     2.157621e+01
   139     8.214158e+04     2.254651e+01
   140     8.214144e+04     2.123693e+01
   141     8.214130e+04     1.564799e+01
   142     8.214119e+04     1.723993e+01
   143     8.214107e+04     5.188815e+00
   144     8.214096e+04     1.177412e+01
   145     8.214088e+04     1.108816e+01
   146     8.214082e+04     1.966977e+01
   147     8.214075e+04     1.377473e+01
   148     8.214071e+04     1.092503e+01
   149     8.214068e+04     9.360090e+00
   150     8.214065e+04     7.934772e+00
   151     8.214063e+04     4.391647e+00
   152     8.214059e+04     3.627087e+00
   153     8.214055e+04     5.953090e+00
   154     8.214050e+04     1.168434e+01
   155     8.214045e+04     1.376818e+01
   156     8.214041e+04     1.654837e+01
   157     8.214036e+04     6.988656e+00
   158     8.214033e+04     9.862589e+00
   159     8.214030e+04     2.537553e+00
   160     8.214026e+04     5.465933e+00
   161     8.214023e+04     4.198987e+00
   162     8.214021e+04     2.964712e+00
   163     8.214019e+04     1.851556e+00
   164     8.214018e+04     2.936747e+00
   165     8.214017e+04     1.933305e+00
   166     8.214016e+04     2.164664e+00
   167     8.214013e+04     3.261363e+00
   168     8.214011e+04     2.883776e+00
   169     8.214007e+04     2.395031e+00
   170     8.214002e+04     2.444551e+00
   171     8.213997e+04     5.867010e+00
   172     8.213992e+04     6.405087e+00
   173     8.213988e+04     5.917391e+00
   174     8.213984e+04     5.356699e+00
   175     8.213980e+04     4.089039e+00
   176     8.213977e+04     2.893097e+00
   177     8.213976e+04     2.603070e+00
   178     8.213973e+04     4.056623e+00
   179     8.213970e+04     2.345448e+00
   180     8.213967e+04     2.486767e+00
   181     8.213965e+04     2.734779e+00
   182     8.213963e+04     2.344990e+00
   183     8.213961e+04     1.954168e+00
   184     8.213959e+04     2.191873e+00
   185     8.213957e+04     2.295394e+00
   186     8.213953e+04     4.267293e+00
   187     8.213947e+04     7.449171e+00
   188     8.213942e+04     1.815535e+01
   189     8.213938e+04     3.145263e+01
   190     8.213929e+04     1.649405e+01
   191     8.213910e+04     1.952329e+01
   192     8.213890e+04     2.472133e+01
   193     8.213860e+04     1.564442e+01
   194     8.213847e+04     3.158630e+01
   195     8.213812e+04     2.455018e+01
   196     8.213781e+04     3.020512e+01
   197     8.213743e+04     1.738036e+01
   198     8.213719e+04     3.760394e+01
   199     8.213693e+04     3.547693e+01
   200     8.213669e+04     2.150520e+01
   201     8.213647e+04     1.561292e+01
   202     8.213626e+04     9.575955e+00
   203     8.213606e+04     1.197875e+01
   204     8.213588e+04     1.310276e+01
   205     8.213568e+04     1.511921e+01
   206     8.213551e+04     1.468547e+01
   207     8.213533e+04     1.373909e+01
   208     8.213515e+04     1.294332e+01
   209     8.213497e+04     1.176877e+01
   210     8.213478e+04     8.014101e+00
   211     8.213461e+04     8.161362e+00
   212     8.213444e+04     2.861962e+00
   213     8.213430e+04     5.359933e+00
   214     8.213414e+04     2.758653e+00
   215     8.213402e+04     3.693751e+00
   216     8.213388e+04     4.568724e+00
   217     8.213377e+04     5.697641e+00
   218     8.213366e+04     6.717292e+00
   219     8.213356e+04     1.055867e+01
   220     8.213348e+04     1.070667e+01
   221     8.213336e+04     1.006734e+01
   222     8.213326e+04     9.065175e+00
   223     8.213313e+04     9.848209e+00
   224     8.213304e+04     6.573484e+00
   225     8.213297e+04     3.032349e+01
   226     8.213288e+04     1.033094e+01
   227     8.213281e+04     9.939891e+00
   228     8.213271e+04     8.449276e+00
   229     8.213263e+04     4.675373e+00
   230     8.213255e+04     3.405392e+00
   231     8.213247e+04     2.008331e+00
   232     8.213240e+04     3.941087e+00
   233     8.213237e+04     3.902679e+00
   234     8.213234e+04     3.618407e+00
   235     8.213231e+04     5.006117e+00
   236     8.213229e+04     2.667315e+00
   237     8.213227e+04     2.645697e+00
   238     8.213222e+04     7.204211e+00
   239     8.213219e+04     7.242756e+00
   240     8.213218e+04     4.667489e+00
   241     8.213215e+04     2.880279e+00
   242     8.213213e+04     2.581455e+00
   243     8.213212e+04     3.869521e+00
   244     8.213209e+04     1.854860e+00
   245     8.213209e+04     4.561928e+00
   246     8.213206e+04     1.767225e+00
   247     8.213205e+04     2.477596e+00
   248     8.213204e+04     3.083846e+00
   249     8.213203e+04     2.617398e+00
   250     8.213202e+04     2.973152e+00
   251     8.213201e+04     3.364406e+00
   252     8.213200e+04     2.846682e+00
   253     8.213199e+04     5.301682e+00
   254     8.213197e+04     2.164903e+00
   255     8.213195e+04     1.586211e+00
   256     8.213193e+04     4.701113e+00
   257     8.213191e+04     2.169412e+00
   258     8.213189e+04     3.536275e+00
   259     8.213188e+04     4.371184e+00
   260     8.213186e+04     5.656602e+00
   261     8.213185e+04     1.431072e+00
   262     8.213184e+04     8.278989e-01
   263     8.213182e+04     1.186134e+00
   264     8.213181e+04     2.773581e+00
   265     8.213179e+04     2.319468e+00
   266     8.213177e+04     2.422752e+00
   267     8.213176e+04     2.115914e+00
   268     8.213175e+04     2.381477e+00
   269     8.213175e+04     8.712445e-01
   270     8.213173e+04     1.796231e+00
   271     8.213171e+04     3.598743e+00
   272     8.213170e+04     5.356156e+00
   273     8.213167e+04     2.649862e+00
   274     8.213167e+04     1.943228e+00
   275     8.213166e+04     1.200221e+00
   276     8.213166e+04     1.407737e+00
   277     8.213165e+04     1.561715e+00
   278     8.213164e+04     1.470074e+00
   279     8.213163e+04     1.200843e+00
   280     8.213163e+04     1.197857e+00
   281     8.213163e+04     7.566479e-01
   282     8.213162e+04     8.949964e-01
   283     8.213162e+04     1.348461e+00
   284     8.213161e+04     2.065361e+00
   285     8.213161e+04     2.309376e+00
   286     8.213160e+04     1.871765e+00
   287     8.213160e+04     1.016458e+00
   288     8.213160e+04     6.906792e-01
   289     8.213159e+04     7.472165e-01
   290     8.213159e+04     7.799592e-01
   291     8.213158e+04     8.416687e-01
   292     8.213158e+04     8.810842e-01
   293     8.213157e+04     8.656414e-01
   294     8.213156e+04     7.279262e-01
   295     8.213155e+04     6.778220e-01
   296     8.213154e+04     1.309511e+00
   297     8.213153e+04     1.396192e+00
   298     8.213152e+04     1.756601e+00
   299     8.213150e+04     1.399584e+00
   300     8.213149e+04     1.427965e+00
   301     8.213147e+04     1.572796e+00
   302     8.213146e+04     1.601599e+00
   303     8.213144e+04     2.117563e+00
   304     8.213142e+04     2.817830e+00
   305     8.213141e+04     3.766894e+00
   306     8.213139e+04     4.519126e+00
   307     8.213137e+04     5.077359e+00
   308     8.213135e+04     5.960582e+00
   309     8.213133e+04     6.673899e+00
   310     8.213131e+04     7.585755e+00
   311     8.213130e+04     9.421995e+00
   312     8.213130e+04     1.651332e+00
   313     8.213129e+04     1.822667e+00
   314     8.213129e+04     2.587976e+00
┌ Warning: CI computation failed.
└ @ pulse_input_DDM ~/Projects/pulse_input_DDM.jl/src/neural_model/wrapper_functions.jl:78
28677.617446 seconds (10.88 G allocations: 1.273 TiB, 1.69% gc time)
11813.494976 seconds (1.10 G allocations: 154.037 GiB, 1.60% gc time)
