Iter     Function value   Gradient norm 
     0     1.476743e+05     1.228054e+03
 * time: 1.1205673217773438e-5
     1     1.459457e+05     5.639664e+02
 * time: 6.371236085891724
     2     1.450101e+05     5.313675e+02
 * time: 10.211393117904663
     3     1.444959e+05     6.363002e+02
 * time: 14.079045057296753
     4     1.441241e+05     6.880148e+02
 * time: 17.985904216766357
     5     1.437761e+05     5.788105e+02
 * time: 21.898635149002075
     6     1.434255e+05     5.423877e+02
 * time: 25.77083420753479
     7     1.430806e+05     5.497040e+02
 * time: 29.655217170715332
     8     1.427417e+05     5.920231e+02
 * time: 33.52918720245361
     9     1.424043e+05     6.962746e+02
 * time: 37.39243698120117
    10     1.420695e+05     8.157116e+02
 * time: 41.21983218193054
    11     1.417398e+05     9.611866e+02
 * time: 45.17798709869385
    12     1.414173e+05     1.016890e+03
 * time: 49.06401515007019
    13     1.411085e+05     1.060075e+03
 * time: 53.02541518211365
    14     1.408014e+05     1.132184e+03
 * time: 56.91529202461243
    15     1.404997e+05     1.009249e+03
 * time: 60.86267805099487
    16     1.402043e+05     9.178780e+02
 * time: 64.80950117111206
    17     1.399177e+05     8.783579e+02
 * time: 68.67850708961487
    18     1.396446e+05     7.808024e+02
 * time: 72.58793020248413
    19     1.393734e+05     7.757200e+02
 * time: 76.59289813041687
    20     1.391072e+05     7.537098e+02
 * time: 80.70024418830872
    21     1.388442e+05     7.923704e+02
 * time: 84.58609509468079
    22     1.385928e+05     7.758639e+02
 * time: 88.45647406578064
    23     1.383481e+05     8.656730e+02
 * time: 92.40975308418274
    24     1.381086e+05     8.686710e+02
 * time: 96.2763090133667
    25     1.378932e+05     9.241594e+02
 * time: 100.17570400238037
    26     1.376801e+05     9.469848e+02
 * time: 104.0217080116272
    27     1.374749e+05     9.298573e+02
 * time: 107.86993312835693
    28     1.372696e+05     9.521093e+02
 * time: 111.6827781200409
    29     1.370637e+05     9.554005e+02
 * time: 115.45977807044983
    30     1.368661e+05     9.360840e+02
 * time: 119.30944299697876
    31     1.366701e+05     9.347285e+02
 * time: 123.12781715393066
    32     1.364853e+05     8.780135e+02
 * time: 126.92150712013245
    33     1.363035e+05     7.946125e+02
 * time: 130.76347708702087
    34     1.361264e+05     6.942776e+02
 * time: 134.58806109428406
    35     1.359565e+05     6.005808e+02
 * time: 138.37432718276978
    36     1.357847e+05     5.188987e+02
 * time: 142.17028713226318
    37     1.356260e+05     4.819854e+02
 * time: 146.01094913482666
    38     1.354739e+05     4.395316e+02
 * time: 149.8293480873108
    39     1.353298e+05     3.598128e+02
 * time: 153.72453117370605
    40     1.351881e+05     3.267874e+02
 * time: 157.4994351863861
    41     1.350519e+05     3.112462e+02
 * time: 161.30949020385742
    42     1.349235e+05     2.949723e+02
 * time: 165.1352150440216
    43     1.348020e+05     2.787409e+02
 * time: 168.91466212272644
    44     1.346888e+05     2.541865e+02
 * time: 172.69133520126343
    45     1.345711e+05     2.428826e+02
 * time: 176.48157119750977
    46     1.344599e+05     2.388953e+02
 * time: 180.21314907073975
    47     1.343535e+05     2.403149e+02
 * time: 183.95730018615723
    48     1.342558e+05     2.308556e+02
 * time: 187.69872403144836
    49     1.341584e+05     2.364844e+02
 * time: 191.45615100860596
    50     1.340656e+05     2.354986e+02
 * time: 195.21728706359863
    51     1.339694e+05     2.197038e+02
 * time: 198.9684271812439
    52     1.338791e+05     2.154349e+02
 * time: 202.74345803260803
    53     1.337917e+05     2.102919e+02
 * time: 206.49908304214478
    54     1.337040e+05     2.155994e+02
 * time: 210.2509481906891
    55     1.336160e+05     2.012696e+02
 * time: 214.0422501564026
    56     1.335328e+05     2.201001e+02
 * time: 217.7935950756073
    57     1.334546e+05     2.252186e+02
 * time: 221.58284211158752
    58     1.333675e+05     2.054101e+02
 * time: 225.37318015098572
    59     1.332841e+05     2.099193e+02
 * time: 229.20096111297607
    60     1.331971e+05     2.083188e+02
 * time: 233.03856110572815
    61     1.331237e+05     2.044275e+02
 * time: 236.85558915138245
    62     1.330359e+05     2.037444e+02
 * time: 240.66890120506287
    63     1.329594e+05     1.914694e+02
 * time: 244.48826909065247
    64     1.328807e+05     2.055534e+02
 * time: 248.26139307022095
    65     1.328040e+05     1.782603e+02
 * time: 252.05750107765198
    66     1.327319e+05     1.804669e+02
 * time: 255.90812802314758
    67     1.326534e+05     1.707591e+02
 * time: 259.6844940185547
    68     1.325864e+05     1.668336e+02
 * time: 263.5059380531311
    69     1.325151e+05     1.512546e+02
 * time: 267.31628608703613
    70     1.324452e+05     1.722281e+02
 * time: 271.1893651485443
    71     1.323800e+05     1.569139e+02
 * time: 275.0244162082672
    72     1.323149e+05     1.486848e+02
 * time: 278.9138431549072
    73     1.322550e+05     1.497594e+02
 * time: 282.7909231185913
    74     1.321936e+05     1.763417e+02
 * time: 286.6907579898834
    75     1.321370e+05     1.909817e+02
 * time: 290.62749218940735
    76     1.320825e+05     1.826888e+02
 * time: 294.564738035202
    77     1.320259e+05     1.468321e+02
 * time: 298.4261031150818
    78     1.319578e+05     1.506666e+02
 * time: 302.4277811050415
    79     1.318968e+05     1.655226e+02
 * time: 306.27764415740967
    80     1.318350e+05     1.478828e+02
 * time: 310.1525990962982
    81     1.317776e+05     1.378641e+02
 * time: 314.0568480491638
    82     1.317215e+05     1.827445e+02
 * time: 317.96126413345337
    83     1.316666e+05     1.404158e+02
 * time: 321.8529682159424
    84     1.316124e+05     1.345340e+02
 * time: 325.7374801635742
    85     1.315596e+05     1.539061e+02
 * time: 329.64668917655945
    86     1.315038e+05     1.493634e+02
 * time: 333.57534098625183
    87     1.314560e+05     1.481584e+02
 * time: 337.4666950702667
    88     1.314038e+05     1.365672e+02
 * time: 341.3507101535797
    89     1.313569e+05     1.861390e+02
 * time: 345.18959307670593
    90     1.313072e+05     1.798231e+02
 * time: 349.0635759830475
    91     1.312582e+05     1.445282e+02
 * time: 352.9043650627136
    92     1.312088e+05     1.888622e+02
 * time: 356.8668429851532
    93     1.311614e+05     1.690207e+02
 * time: 360.7619650363922
    94     1.311132e+05     1.667311e+02
 * time: 364.61072516441345
    95     1.310676e+05     1.445197e+02
 * time: 368.4581460952759
    96     1.310279e+05     1.111270e+02
 * time: 372.32440209388733
    97     1.309838e+05     1.017165e+02
 * time: 376.2348861694336
    98     1.309444e+05     1.845131e+02
 * time: 380.19429302215576
    99     1.309056e+05     1.577420e+02
 * time: 384.100191116333
   100     1.308680e+05     1.728933e+02
 * time: 388.02136516571045
   101     1.308323e+05     1.313551e+02
 * time: 391.87084317207336
   102     1.307996e+05     1.585434e+02
 * time: 395.76523900032043
   103     1.307654e+05     1.292437e+02
 * time: 399.60387921333313
   104     1.307419e+05     1.467662e+02
 * time: 403.49207520484924
   105     1.307051e+05     7.274662e+01
 * time: 407.3982791900635
   106     1.306797e+05     1.107304e+02
 * time: 411.2564342021942
   107     1.306534e+05     1.573882e+02
 * time: 415.15312004089355
   108     1.306220e+05     1.503361e+02
 * time: 419.0321350097656
   109     1.305939e+05     1.049231e+02
 * time: 422.9198579788208
   110     1.305724e+05     1.174373e+02
 * time: 426.8158211708069
   111     1.305556e+05     1.227247e+02
 * time: 430.7301661968231
   112     1.305292e+05     1.334251e+02
 * time: 434.7138161659241
   113     1.305098e+05     1.664528e+02
 * time: 438.54382514953613
   114     1.304893e+05     1.355587e+02
 * time: 442.4294731616974
   115     1.304687e+05     1.162235e+02
 * time: 446.3100891113281
   116     1.304498e+05     1.070434e+02
 * time: 450.23086404800415
   117     1.304318e+05     7.529167e+01
 * time: 454.23313999176025
   118     1.304110e+05     1.362259e+02
 * time: 458.12848711013794
   119     1.303909e+05     1.579241e+02
 * time: 462.01778411865234
   120     1.303857e+05     1.472142e+02
 * time: 465.8754150867462
   121     1.303650e+05     1.363006e+02
 * time: 469.7875771522522
   122     1.303634e+05     9.303347e+01
 * time: 473.64134216308594
   123     1.303452e+05     6.204483e+01
 * time: 477.5038380622864
   124     1.303325e+05     1.213743e+02
 * time: 481.38987016677856
   125     1.303288e+05     8.949298e+01
 * time: 486.9687020778656
   126     1.303246e+05     9.806350e+01
 * time: 490.8331561088562
   127     1.303124e+05     1.041967e+02
 * time: 494.7116611003876
   128     1.302997e+05     1.097671e+02
 * time: 498.64115715026855
   129     1.302961e+05     1.187530e+02
 * time: 502.55083298683167
   130     1.302806e+05     1.368049e+02
 * time: 506.4073541164398
   131     1.302709e+05     1.345500e+02
 * time: 510.2340819835663
   132     1.302552e+05     1.039808e+02
 * time: 514.0949590206146
   133     1.302643e+05     1.039808e+02
 * time: 520.111622095108
Iter     Function value   Gradient norm 
     0     1.302402e+05     5.243609e+02
 * time: 9.059906005859375e-6
     1     1.302389e+05     5.419972e+02
 * time: 74.41392207145691
     2     1.302333e+05     4.810550e+02
 * time: 144.0434091091156
     3     1.302316e+05     4.885334e+02
 * time: 213.31525802612305
     4     1.302267e+05     4.689115e+02
 * time: 282.8919951915741
     5     1.302236e+05     4.508376e+02
 * time: 352.2739200592041
     6     1.302212e+05     4.319134e+02
 * time: 420.4339129924774
     7     1.302187e+05     4.111871e+02
 * time: 488.3080790042877
     8     1.302151e+05     3.671322e+02
 * time: 555.867495059967
     9     1.301930e+05     2.598582e+02
 * time: 621.9044890403748
    10     1.301723e+05     4.563167e+02
 * time: 687.4576032161713
    11     1.301511e+05     5.994312e+02
 * time: 754.134449005127
    12     1.301298e+05     7.199478e+02
 * time: 821.6311600208282
    13     1.301062e+05     7.867429e+02
 * time: 888.6331300735474
    14     1.300856e+05     8.252553e+02
 * time: 953.9109151363373
    15     1.300686e+05     9.387112e+02
 * time: 1019.130359172821
    16     1.300515e+05     7.720809e+02
 * time: 1084.803712129593
    17     1.300360e+05     6.765702e+02
 * time: 1149.9280030727386
    18     1.300264e+05     6.460888e+02
 * time: 1215.2467341423035
    19     1.300179e+05     4.119030e+02
 * time: 1280.5124680995941
    20     1.300067e+05     4.666314e+02
 * time: 1345.7702541351318
    21     1.299979e+05     5.957277e+02
 * time: 1411.725925207138
    22     1.299869e+05     7.004459e+02
 * time: 1477.714340209961
    23     1.299748e+05     1.085395e+03
 * time: 1543.4893190860748
    24     1.299625e+05     1.194806e+03
 * time: 1608.941745042801
    25     1.299509e+05     1.094250e+03
 * time: 1673.9347341060638
    26     1.299382e+05     1.111757e+03
 * time: 1739.3162910938263
    27     1.299253e+05     8.504688e+02
 * time: 1804.973639011383
    28     1.299124e+05     5.489308e+02
 * time: 1870.4479701519012
    29     1.299019e+05     2.156764e+02
 * time: 1936.0794351100922
    30     1.298933e+05     1.967876e+02
 * time: 2001.7316172122955
    31     1.298832e+05     3.143802e+02
 * time: 2067.5506072044373
    32     1.298762e+05     3.828374e+02
 * time: 2133.48131108284
    33     1.298701e+05     4.195301e+02
 * time: 2199.4285881519318
    34     1.298655e+05     3.397659e+02
 * time: 2265.332069158554
    35     1.298600e+05     1.851180e+02
 * time: 2331.137906074524
    36     1.298542e+05     6.184787e+01
 * time: 2397.3864891529083
    37     1.298497e+05     1.368066e+02
 * time: 2462.8924582004547
    38     1.298457e+05     1.533672e+02
 * time: 2528.050460100174
    39     1.298414e+05     9.591037e+01
 * time: 2593.1718230247498
    40     1.298383e+05     1.270094e+02
 * time: 2658.2892410755157
    41     1.298344e+05     1.503630e+02
 * time: 2724.0122179985046
    42     1.298305e+05     1.631331e+02
 * time: 2789.2289340496063
    43     1.298266e+05     2.006902e+02
 * time: 2854.633863210678
    44     1.298233e+05     2.891692e+02
 * time: 2919.922516107559
    45     1.298209e+05     2.292191e+02
 * time: 2985.807271003723
    46     1.298175e+05     2.158595e+02
 * time: 3051.2345921993256
    47     1.298139e+05     2.475938e+02
 * time: 3116.6306121349335
    48     1.298107e+05     2.566038e+02
 * time: 3182.3475971221924
    49     1.298076e+05     3.192578e+02
 * time: 3247.646618127823
    50     1.298047e+05     3.357429e+02
 * time: 3312.7275471687317
    51     1.298016e+05     3.633447e+02
 * time: 3378.2415800094604
    52     1.297987e+05     4.167303e+02
 * time: 3443.7506442070007
    53     1.297960e+05     3.915020e+02
 * time: 3511.784341096878
    54     1.297930e+05     4.334018e+02
 * time: 3577.5009059906006
    55     1.297900e+05     4.339362e+02
 * time: 3642.7567682266235
    56     1.297875e+05     3.958168e+02
 * time: 3707.685716152191
    57     1.297848e+05     4.073749e+02
 * time: 3773.224105119705
    58     1.297817e+05     3.672143e+02
 * time: 3839.169361114502
    59     1.297785e+05     3.647200e+02
 * time: 3905.167724132538
    60     1.297757e+05     4.644386e+02
 * time: 3970.72034406662
    61     1.297731e+05     4.575224e+02
 * time: 4036.3205530643463
    62     1.297704e+05     4.761323e+02
 * time: 4102.537075996399
    63     1.297673e+05     4.121721e+02
 * time: 4170.83469414711
    64     1.297641e+05     4.144089e+02
 * time: 4237.742091178894
    65     1.297609e+05     4.377765e+02
 * time: 4304.882748126984
    66     1.297577e+05     4.802601e+02
 * time: 4372.558603048325
    67     1.297545e+05     5.291122e+02
 * time: 4439.995498180389
    68     1.297515e+05     5.760651e+02
 * time: 4508.054203033447
    69     1.297486e+05     6.933392e+02
 * time: 4575.261307001114
    70     1.297457e+05     6.245395e+02
 * time: 4642.890142202377
    71     1.297426e+05     7.015396e+02
 * time: 4710.544558048248
    72     1.297391e+05     7.724254e+02
 * time: 4778.635486125946
    73     1.297361e+05     7.813089e+02
 * time: 4844.990562200546
    74     1.297341e+05     6.874262e+02
 * time: 4910.607390165329
    75     1.297313e+05     5.765575e+02
 * time: 4978.867918014526
    76     1.297288e+05     5.870172e+02
 * time: 5045.249423027039
    77     1.297282e+05     4.728921e+02
 * time: 5111.341257095337
    78     1.297263e+05     3.351383e+02
 * time: 5177.6811439991
    79     1.297252e+05     4.038770e+02
 * time: 5243.590730190277
    80     1.297251e+05     4.402271e+02
 * time: 5311.073733091354
    81     1.297250e+05     4.709203e+02
 * time: 5379.297941207886
    82     1.297245e+05     1.230584e+02
 * time: 5451.058319091797
    83     1.297242e+05     3.405868e+01
 * time: 5521.713932991028
    84     1.297242e+05     2.064474e+01
 * time: 5593.533555030823
    85     1.297241e+05     8.300934e+01
 * time: 5662.518921136856
    86     1.297240e+05     1.096339e+02
 * time: 5733.015114068985
    87     1.297235e+05     4.586797e+01
 * time: 5802.91702914238
    88     1.297235e+05     9.948440e+01
 * time: 5873.385721206665
    89     1.297221e+05     3.994068e+01
 * time: 5942.154166221619
    90     1.297209e+05     4.403930e+01
 * time: 6010.481427192688
    91     1.297200e+05     4.898667e+01
 * time: 6079.280669212341
    92     1.297177e+05     1.036627e+02
 * time: 6148.554373025894
    93     1.297148e+05     3.053482e+02
 * time: 6216.931174039841
    94     1.297137e+05     3.789460e+02
 * time: 6286.598355054855
    95     1.297128e+05     4.054471e+02
 * time: 6354.767294168472
    96     1.297116e+05     4.627632e+02
 * time: 6422.988663196564
    97     1.297104e+05     6.138224e+02
 * time: 6490.763347148895
    98     1.297104e+05     7.255469e+02
 * time: 6558.412616014481
    99     1.297087e+05     9.334539e+02
 * time: 6626.470329046249
   100     1.297073e+05     1.121554e+03
 * time: 6693.9468631744385
   101     1.297059e+05     1.181758e+03
 * time: 6762.312338113785
   102     1.297050e+05     1.201358e+03
 * time: 6828.446706056595
   103     1.297028e+05     9.879840e+02
 * time: 6894.48340511322
   104     1.297007e+05     7.273576e+02
 * time: 6960.570536136627
   105     1.296991e+05     4.624779e+02
 * time: 7026.97228717804
   106     1.296984e+05     4.168972e+02
 * time: 7095.822523117065
   107     1.296967e+05     3.817858e+02
 * time: 7164.079710006714
   108     1.296929e+05     3.283959e+02
 * time: 7229.573351144791
   109     1.296928e+05     3.107380e+02
 * time: 7295.404518127441
   110     1.296919e+05     3.465386e+02
 * time: 7363.561492204666
   111     1.296905e+05     3.814970e+02
 * time: 7431.273488044739
   112     1.296888e+05     2.686121e+02
 * time: 7499.050343036652
   113     1.296850e+05     3.607640e+02
 * time: 7565.158411026001
   114     1.296844e+05     3.690493e+02
 * time: 7632.993658065796
   115     1.296838e+05     3.362914e+02
 * time: 7700.922291994095
   116     1.296837e+05     2.443998e+02
 * time: 7766.874182224274
   117     1.296828e+05     1.946560e+02
 * time: 7835.095892190933
   118     1.296801e+05     4.360502e+02
 * time: 7900.9702961444855
   119     1.296799e+05     5.415159e+02
 * time: 7968.140438079834
   120     1.296768e+05     5.262395e+02
 * time: 8035.10111618042
   121     1.296745e+05     5.992928e+02
 * time: 8102.236263036728
   122     1.296726e+05     5.141216e+02
 * time: 8168.788275003433
   123     1.296699e+05     5.063973e+02
 * time: 8236.369324207306
   124     1.296682e+05     7.131313e+02
 * time: 8302.941053152084
   125     1.296654e+05     5.688529e+02
 * time: 8368.784436225891
   126     1.296633e+05     5.464872e+02
 * time: 8434.849697113037
   127     1.296601e+05     4.480839e+02
 * time: 8501.236799001694
   128     1.296588e+05     4.142618e+02
 * time: 8568.63809800148
   129     1.296574e+05     3.258360e+02
 * time: 8634.480140209198
   130     1.296524e+05     2.073212e+02
 * time: 8700.679240226746
   131     1.296473e+05     2.987735e+02
 * time: 8765.967744112015
   132     1.296451e+05     3.531284e+02
 * time: 8832.112015008926
   133     1.296425e+05     3.554542e+02
 * time: 8898.244541168213
   134     1.296405e+05     3.140539e+02
 * time: 8965.728494167328
   135     1.296386e+05     3.324384e+02
 * time: 9032.520911216736
   136     1.296365e+05     3.221641e+02
 * time: 9098.453780174255
   137     1.296350e+05     1.121133e+02
 * time: 9164.377235174179
   138     1.296332e+05     1.474103e+02
 * time: 9231.729697227478
   139     1.296300e+05     2.357971e+02
 * time: 9299.945050001144
   140     1.296287e+05     1.349424e+02
 * time: 9367.351807117462
   141     1.296273e+05     2.548093e+02
 * time: 9433.10926103592
   142     1.296258e+05     2.096799e+02
 * time: 9499.1699051857
   143     1.296244e+05     1.528911e+02
 * time: 9566.634192228317
   144     1.296228e+05     9.575927e+01
 * time: 9634.271299123764
   145     1.296214e+05     1.709686e+02
 * time: 9700.237221002579
   146     1.296204e+05     1.919279e+02
 * time: 9766.880421161652
   147     1.296193e+05     1.623963e+02
 * time: 9832.29841208458
   148     1.296184e+05     2.202305e+02
 * time: 9897.902073144913
   149     1.296176e+05     1.669427e+02
 * time: 9963.692667007446
   150     1.296168e+05     1.527875e+02
 * time: 10030.400943994522
   151     1.296159e+05     1.707369e+02
 * time: 10096.752652168274
   152     1.296151e+05     1.967319e+02
 * time: 10162.88984322548
   153     1.296142e+05     1.996175e+02
 * time: 10228.818716049194
   154     1.296134e+05     3.051778e+02
 * time: 10294.691615104675
   155     1.296122e+05     2.966790e+02
 * time: 10360.77100110054
   156     1.296109e+05     5.122360e+02
 * time: 10427.26324915886
   157     1.296099e+05     8.087628e+02
 * time: 10493.678084135056
   158     1.296092e+05     8.339991e+02
 * time: 10558.960906028748
   159     1.296090e+05     9.897778e+02
 * time: 10624.158877134323
   160     1.296070e+05     5.246070e+02
 * time: 10689.906685113907
   161     1.296060e+05     5.152193e+02
 * time: 10757.54202413559
   162     1.296035e+05     3.944197e+02
 * time: 10823.477117061615
   163     1.296017e+05     4.180566e+02
 * time: 10888.701412200928
   164     1.296016e+05     4.810210e+02
 * time: 10954.111004114151
   165     1.295995e+05     2.855415e+02
 * time: 11019.317791223526
   166     1.295977e+05     4.017273e+02
 * time: 11087.151214122772
   167     1.295958e+05     2.784958e+02
 * time: 11152.823562145233
   168     1.295949e+05     3.337862e+02
 * time: 11218.342451095581
   169     1.295937e+05     3.820173e+02
 * time: 11285.347129106522
   170     1.295923e+05     2.080151e+02
 * time: 11351.448974132538
   171     1.295923e+05     4.080936e+02
 * time: 11418.461426019669
   172     1.295911e+05     5.887401e+02
 * time: 11484.955537080765
   173     1.295896e+05     2.112997e+02
 * time: 11551.056286096573
   174     1.295887e+05     1.308912e+02
 * time: 11619.950675010681
   175     1.295879e+05     1.592844e+02
 * time: 11688.573589086533
   176     1.295874e+05     1.086058e+02
 * time: 11754.605247020721
   177     1.295860e+05     1.429202e+02
 * time: 11820.340422153473
   178     1.295849e+05     2.461818e+02
 * time: 11886.025775194168
   179     1.295846e+05     3.412012e+02
 * time: 11951.96780705452
   180     1.295840e+05     1.315767e+02
 * time: 12017.876720190048
   181     1.295835e+05     1.396719e+02
 * time: 12083.765658140182
   182     1.295828e+05     7.749501e+01
 * time: 12149.193471193314
   183     1.295822e+05     1.946214e+02
 * time: 12214.864559173584
   184     1.295817e+05     1.449109e+02
 * time: 12280.574075222015
   185     1.295812e+05     1.401788e+02
 * time: 12346.417897224426
   186     1.295806e+05     8.759073e+01
 * time: 12411.89203119278
   187     1.295800e+05     1.060421e+02
 * time: 12477.185007095337
   188     1.295797e+05     1.430628e+02
 * time: 12542.81609916687
   189     1.295795e+05     1.639328e+02
 * time: 12610.854361057281
   190     1.295787e+05     2.262726e+02
 * time: 12676.507877111435
   191     1.295783e+05     3.149903e+02
 * time: 12744.072124004364
   192     1.295776e+05     3.025973e+02
 * time: 12810.615524053574
   193     1.295773e+05     4.431675e+02
 * time: 12877.40272307396
   194     1.295769e+05     7.319417e+02
 * time: 12945.813437223434
   195     1.295763e+05     5.648153e+02
 * time: 13015.789353132248
   196     1.295756e+05     2.823458e+02
 * time: 13085.051344156265
   197     1.295756e+05     4.502562e+02
 * time: 13151.341288089752
   198     1.295755e+05     5.728080e+02
 * time: 13218.744729042053
   199     1.295748e+05     5.396952e+02
 * time: 13288.546006202698
   200     1.295742e+05     5.317653e+01
 * time: 13355.784261226654
   201     1.295740e+05     7.558276e+01
 * time: 13424.055705070496
   202     1.295737e+05     2.130226e+02
 * time: 13489.774936199188
   203     1.295733e+05     1.337573e+02
 * time: 13555.5413210392
   204     1.295731e+05     6.620070e+01
 * time: 13622.778531074524
   205     1.295729e+05     5.122232e+01
 * time: 13690.434063196182
   206     1.295728e+05     6.731224e+01
 * time: 13756.005733013153
   207     1.295728e+05     2.508362e+02
 * time: 13821.719984054565
   208     1.295725e+05     1.755405e+02
 * time: 13887.895952224731
   209     1.295723e+05     1.160179e+02
 * time: 13955.00771021843
   210     1.295722e+05     2.477346e+02
 * time: 14020.986054182053
   211     1.295720e+05     1.289422e+02
 * time: 14086.940501213074
   212     1.295719e+05     6.577536e+01
 * time: 14152.827681064606
   213     1.295718e+05     1.324534e+02
 * time: 14218.191920042038
   214     1.295716e+05     9.204545e+01
 * time: 14283.859738111496
   215     1.295715e+05     1.220494e+02
 * time: 14349.81283211708
   216     1.295713e+05     8.591364e+01
 * time: 14415.435798168182
   217     1.295712e+05     8.942193e+01
 * time: 14481.104490995407
   218     1.295711e+05     8.352634e+01
 * time: 14546.67569899559
   219     1.295709e+05     8.185052e+01
 * time: 14612.648766040802
   220     1.295707e+05     7.617869e+01
 * time: 14679.038536071777
   221     1.295706e+05     7.330587e+01
 * time: 14744.283922195435
   222     1.295704e+05     5.585397e+01
 * time: 14809.9278922081
   223     1.295703e+05     7.372355e+01
 * time: 14875.859753131866
   224     1.295702e+05     5.551678e+01
 * time: 14940.89543914795
   225     1.295700e+05     4.790727e+01
 * time: 15005.845053195953
   226     1.295699e+05     4.917767e+01
 * time: 15070.483305215836
   227     1.295698e+05     3.057454e+01
 * time: 15136.077232122421
   228     1.295697e+05     4.452092e+01
 * time: 15202.227357149124
   229     1.295696e+05     6.009332e+01
 * time: 15269.712051153183
   230     1.295695e+05     4.861949e+01
 * time: 15335.129135131836
   231     1.295695e+05     1.182193e+02
 * time: 15400.272213220596
   232     1.295694e+05     8.435861e+01
 * time: 15465.475485086441
   233     1.295693e+05     4.541269e+01
 * time: 15530.278724193573
   234     1.295692e+05     9.254390e+01
 * time: 15596.46489906311
   235     1.295691e+05     1.673355e+02
 * time: 15662.952870130539
   236     1.295691e+05     5.618030e+02
 * time: 15729.294741153717
   237     1.295689e+05     2.985838e+02
 * time: 15795.82184100151
   238     1.295687e+05     1.470727e+02
 * time: 15861.82785820961
   239     1.295685e+05     1.227210e+02
 * time: 15927.63062119484
   240     1.295683e+05     2.687050e+01
 * time: 15992.734928131104
   241     1.295682e+05     2.483552e+02
 * time: 16058.491124153137
   242     1.295682e+05     4.200276e+02
 * time: 16126.265305042267
   243     1.295681e+05     2.292980e+01
 * time: 16200.845584154129
   244     1.295681e+05     4.552274e+01
 * time: 16275.75709605217
16348.725964 seconds (7.69 G allocations: 925.519 GiB, 2.39% gc time)
8354.218078 seconds (973.78 M allocations: 130.939 GiB, 1.62% gc time)
