orig nsessions: 19 
orig N_per_sess: [1, 1, 1, 1, 1, 1, 2, 1, 2, 2, 2, 1, 1, 1, 1, 3, 1, 1, 2] 
new nsessions: 2 
new N_per_sess: [1, 1] 
Iter     Function value   Gradient norm 
     0     1.689076e+04     6.503985e+02
 * time: 1.0967254638671875e-5
     1     1.625404e+04     2.783358e+02
 * time: 2.149749994277954
     2     1.605824e+04     2.178523e+02
 * time: 2.2490129470825195
     3     1.592574e+04     2.030083e+02
 * time: 2.348536968231201
     4     1.579681e+04     1.752149e+02
 * time: 2.4320068359375
     5     1.570865e+04     1.834650e+02
 * time: 2.504693031311035
     6     1.561435e+04     1.772793e+02
 * time: 2.6037509441375732
     7     1.552635e+04     1.675313e+02
 * time: 2.714448928833008
     8     1.545781e+04     1.514250e+02
 * time: 2.7919628620147705
     9     1.538788e+04     1.240429e+02
 * time: 2.8689348697662354
    10     1.532888e+04     9.718101e+01
 * time: 2.9485208988189697
    11     1.524555e+04     8.035550e+01
 * time: 3.0360748767852783
    12     1.517672e+04     6.549211e+01
 * time: 3.1264829635620117
    13     1.513230e+04     5.797856e+01
 * time: 3.2111599445343018
    14     1.508870e+04     5.222658e+01
 * time: 3.2950849533081055
    15     1.504718e+04     4.524551e+01
 * time: 3.419517993927002
    16     1.501882e+04     3.784946e+01
 * time: 3.4976160526275635
    17     1.499087e+04     3.177505e+01
 * time: 3.58133602142334
    18     1.496535e+04     2.594366e+01
 * time: 3.662755012512207
    19     1.494728e+04     1.849339e+01
 * time: 3.7490758895874023
    20     1.493570e+04     1.118265e+01
 * time: 3.8325798511505127
    21     1.492679e+04     1.361001e+01
 * time: 3.9144229888916016
    22     1.492520e+04     1.274789e+01
 * time: 4.503994941711426
Iter     Function value   Gradient norm 
     0     1.490630e+04     4.112086e+01
 * time: 1.4066696166992188e-5
     1     1.490067e+04     2.039218e+01
 * time: 4.284102916717529
     2     1.487568e+04     2.385037e+01
 * time: 6.225796937942505
     3     1.485550e+04     8.498406e+01
 * time: 8.163405895233154
     4     1.483794e+04     9.444262e+01
 * time: 10.094712972640991
     5     1.482921e+04     7.378586e+01
 * time: 12.096771955490112
     6     1.482555e+04     4.424602e+01
 * time: 14.375349044799805
     7     1.481762e+04     9.469572e+01
 * time: 16.331414937973022
     8     1.481498e+04     1.883973e+02
 * time: 18.599961042404175
     9     1.480502e+04     9.289337e+01
 * time: 20.58523392677307
    10     1.479721e+04     2.622725e+01
 * time: 22.543933868408203
    11     1.478862e+04     2.755386e+01
 * time: 24.507405996322632
    12     1.478374e+04     4.169298e+01
 * time: 26.48720407485962
    13     1.478064e+04     1.223034e+01
 * time: 28.472464084625244
    14     1.477887e+04     1.780834e+01
 * time: 30.457390069961548
    15     1.477749e+04     1.961331e+01
 * time: 32.46740794181824
    16     1.477616e+04     4.109673e+01
 * time: 34.415711879730225
    17     1.477501e+04     7.895668e+01
 * time: 36.344992876052856
    18     1.477392e+04     9.884231e+01
 * time: 38.27745294570923
    19     1.477291e+04     2.811564e+01
 * time: 40.25692701339722
    20     1.477240e+04     2.632271e+01
 * time: 42.221879959106445
    21     1.477177e+04     8.126517e+00
 * time: 44.19739603996277
    22     1.477169e+04     1.244842e+01
 * time: 46.167765855789185
    23     1.477153e+04     2.674510e+00
 * time: 48.11572289466858
    24     1.477147e+04     8.322858e-01
 * time: 50.08007001876831
    25     1.477133e+04     1.919120e+01
 * time: 52.055301904678345
    26     1.477114e+04     4.322066e+00
 * time: 54.01732087135315
    27     1.477085e+04     1.303653e+01
 * time: 55.97284698486328
    28     1.477051e+04     6.823728e+00
 * time: 57.94225096702576
    29     1.477044e+04     6.670951e+00
 * time: 60.183367013931274
    30     1.477035e+04     1.434405e+01
 * time: 62.179139852523804
    31     1.477031e+04     1.010952e+01
 * time: 64.13898491859436
    32     1.477029e+04     8.405603e-01
 * time: 66.14793395996094
    33     1.477026e+04     7.221462e+00
 * time: 68.1268150806427
    34     1.477015e+04     3.025173e+01
 * time: 70.10978388786316
    35     1.477009e+04     6.855564e+01
 * time: 72.07950806617737
    36     1.476984e+04     3.189480e+01
 * time: 74.64900803565979
    37     1.476981e+04     3.199190e+01
 * time: 77.27473497390747
    38     1.476978e+04     3.368225e+01
 * time: 79.55757594108582
    39     1.476952e+04     1.580907e+01
 * time: 81.84540486335754
    40     1.476887e+04     5.142271e+01
 * time: 83.82180285453796
    41     1.476863e+04     6.561392e+01
 * time: 86.11359286308289
    42     1.476856e+04     1.294985e+02
 * time: 88.10057091712952
    43     1.476777e+04     1.917615e+01
 * time: 90.09716486930847
    44     1.476724e+04     2.476926e+01
 * time: 92.37394595146179
    45     1.476665e+04     5.900883e+01
 * time: 94.4148519039154
    46     1.476591e+04     1.090955e+01
 * time: 96.40536499023438
    47     1.476453e+04     3.544048e+01
 * time: 98.41715502738953
    48     1.476446e+04     6.870711e+00
 * time: 101.32983589172363
    49     1.476444e+04     5.762705e+00
 * time: 103.92375588417053
    50     1.476395e+04     5.296482e+00
 * time: 106.37306785583496
    51     1.476005e+04     3.100083e+01
 * time: 108.45884990692139
    52     1.475975e+04     5.161248e+01
 * time: 110.9535129070282
    53     1.475951e+04     1.909266e+01
 * time: 113.52189302444458
    54     1.475830e+04     3.672148e+01
 * time: 115.73404002189636
    55     1.475570e+04     3.373296e+01
 * time: 117.69423604011536
    56     1.475287e+04     7.010503e+01
 * time: 119.89168190956116
    57     1.474684e+04     1.705720e+02
 * time: 121.81994199752808
    58     1.474610e+04     2.549423e+02
 * time: 124.01909589767456
    59     1.473571e+04     1.842942e+02
 * time: 125.94353795051575
    60     1.472255e+04     1.713004e+02
 * time: 127.86839389801025
    61     1.470962e+04     1.500336e+02
 * time: 129.7977590560913
    62     1.469744e+04     1.064033e+02
 * time: 131.71502685546875
    63     1.468675e+04     7.946761e+01
 * time: 133.6240689754486
    64     1.467882e+04     4.684704e+01
 * time: 135.62195587158203
    65     1.467047e+04     9.115246e+01
 * time: 137.55672907829285
    66     1.466376e+04     5.601128e+01
 * time: 139.47220706939697
    67     1.466019e+04     5.765539e+01
 * time: 141.37036395072937
    68     1.465735e+04     7.522653e+01
 * time: 143.2806580066681
    69     1.465465e+04     8.229225e+01
 * time: 145.20154285430908
    70     1.465243e+04     9.032174e+01
 * time: 147.13887405395508
    71     1.465050e+04     9.661509e+01
 * time: 149.05093502998352
    72     1.464886e+04     9.125541e+01
 * time: 150.96686792373657
    73     1.464717e+04     9.123337e+01
 * time: 152.8632938861847
    74     1.464526e+04     7.979878e+01
 * time: 154.76773405075073
    75     1.464319e+04     7.912544e+01
 * time: 156.6573190689087
    76     1.464089e+04     7.293184e+01
 * time: 158.52965593338013
    77     1.463837e+04     7.007420e+01
 * time: 160.40048098564148
    78     1.463625e+04     6.237984e+01
 * time: 162.2951729297638
    79     1.463361e+04     6.078340e+01
 * time: 164.16683197021484
    80     1.463054e+04     5.275772e+01
 * time: 166.04904198646545
    81     1.462796e+04     5.398541e+01
 * time: 167.93950295448303
    82     1.462518e+04     5.085978e+01
 * time: 169.84534788131714
    83     1.462240e+04     4.857448e+01
 * time: 171.7443768978119
    84     1.461965e+04     4.363367e+01
 * time: 173.66787791252136
    85     1.461641e+04     6.018321e+01
 * time: 175.60064387321472
    86     1.461281e+04     5.634495e+01
 * time: 177.50998091697693
    87     1.460850e+04     1.113585e+02
 * time: 179.4055528640747
    88     1.460456e+04     1.575579e+02
 * time: 181.32148694992065
    89     1.460088e+04     3.487606e+02
 * time: 183.22777390480042
    90     1.459753e+04     3.299153e+02
 * time: 185.15113306045532
    91     1.459697e+04     4.961370e+02
 * time: 187.0585880279541
    92     1.459454e+04     3.036783e+02
 * time: 188.9647409915924
    93     1.459015e+04     8.766507e+01
 * time: 190.91245698928833
    94     1.458940e+04     3.170103e+02
 * time: 192.8290309906006
    95     1.458749e+04     9.947623e+01
 * time: 194.7426369190216
    96     1.458636e+04     1.864332e+02
 * time: 196.65413904190063
    97     1.458541e+04     6.765875e+01
 * time: 198.57089400291443
    98     1.458469e+04     1.078878e+02
 * time: 200.48321390151978
    99     1.458416e+04     5.701887e+01
 * time: 202.39169788360596
   100     1.458381e+04     9.170582e+01
 * time: 204.30514001846313
   101     1.458347e+04     8.278198e+01
 * time: 206.2507860660553
   102     1.458319e+04     8.450521e+01
 * time: 208.189435005188
   103     1.458295e+04     7.812756e+01
 * time: 210.12064385414124
   104     1.458273e+04     7.177351e+01
 * time: 212.05604887008667
   105     1.458256e+04     7.153318e+01
 * time: 213.9675178527832
   106     1.458240e+04     5.408373e+01
 * time: 215.8605899810791
   107     1.458229e+04     6.705812e+01
 * time: 217.77959394454956
   108     1.458218e+04     5.816915e+01
 * time: 219.71303796768188
   109     1.458210e+04     5.053982e+01
 * time: 221.603257894516
   110     1.458202e+04     5.711141e+01
 * time: 223.48881888389587
   111     1.458195e+04     4.358726e+01
 * time: 225.3989338874817
   112     1.458189e+04     5.908994e+01
 * time: 227.32005095481873
   113     1.458183e+04     4.456269e+01
 * time: 229.22570705413818
   114     1.458178e+04     5.014076e+01
 * time: 231.09918403625488
   115     1.458174e+04     5.357651e+01
 * time: 233.00723004341125
   116     1.458170e+04     4.837725e+01
 * time: 234.92912697792053
   117     1.458166e+04     4.713811e+01
 * time: 236.8243489265442
   118     1.458163e+04     5.144708e+01
 * time: 238.73014497756958
   119     1.458160e+04     4.513545e+01
 * time: 240.63941502571106
   120     1.458158e+04     5.292688e+01
 * time: 242.57152700424194
   121     1.458157e+04     3.694387e+01
 * time: 244.49550604820251
   122     1.458156e+04     5.707120e+01
 * time: 246.3980929851532
   123     1.458155e+04     4.024165e+01
 * time: 248.29909491539001
   124     1.458155e+04     4.059602e+01
 * time: 250.49436807632446
257.287458 seconds (133.24 M allocations: 12.243 GiB, 1.91% gc time)
optimization complete 
converged: true 
computing Hessian 
 46.031652 seconds (25.52 M allocations: 1.369 GiB, 2.69% gc time)
computing samples from ML parameters 
done, saving. 
