orig nsessions: 12 
orig N_per_sess: [1, 1, 1, 2, 2, 1, 2, 3, 3, 3, 3, 4] 
new nsessions: 6 
new N_per_sess: [1, 1, 1, 2, 1, 1] 
Iter     Function value   Gradient norm 
     0     7.317198e+04     1.225264e+03
 * time: 1.0013580322265625e-5
     1     7.133418e+04     6.416748e+02
 * time: 3.062251091003418
     2     7.071547e+04     4.936648e+02
 * time: 3.5224881172180176
     3     7.048624e+04     5.946645e+02
 * time: 3.9919190406799316
     4     7.024866e+04     5.449125e+02
 * time: 4.475386142730713
     5     6.998917e+04     4.685879e+02
 * time: 4.937213182449341
     6     6.971531e+04     4.304128e+02
 * time: 5.394834041595459
     7     6.947229e+04     3.832084e+02
 * time: 5.860000133514404
     8     6.922309e+04     3.535795e+02
 * time: 6.331125020980835
     9     6.903350e+04     3.528244e+02
 * time: 6.790443181991577
    10     6.886227e+04     3.375197e+02
 * time: 7.2412800788879395
    11     6.867822e+04     3.239250e+02
 * time: 7.741481065750122
    12     6.851948e+04     3.160520e+02
 * time: 8.205658197402954
    13     6.835383e+04     3.201670e+02
 * time: 8.66674017906189
    14     6.819189e+04     3.028108e+02
 * time: 9.142436027526855
    15     6.803141e+04     2.930864e+02
 * time: 9.595698118209839
    16     6.788555e+04     2.798437e+02
 * time: 10.047473192214966
    17     6.772991e+04     2.844711e+02
 * time: 10.5086669921875
    18     6.757504e+04     2.802173e+02
 * time: 10.963252067565918
    19     6.742891e+04     2.783475e+02
 * time: 11.430871963500977
    20     6.728953e+04     2.793974e+02
 * time: 11.885508060455322
    21     6.716698e+04     2.749382e+02
 * time: 12.339156150817871
    22     6.704201e+04     2.763301e+02
 * time: 12.806005001068115
    23     6.692134e+04     2.798740e+02
 * time: 13.261682033538818
    24     6.680590e+04     2.810201e+02
 * time: 13.71328616142273
    25     6.668922e+04     2.861904e+02
 * time: 14.182289123535156
    26     6.657895e+04     2.756093e+02
 * time: 14.657522201538086
    27     6.647707e+04     2.757308e+02
 * time: 15.161878108978271
    28     6.636580e+04     2.749779e+02
 * time: 15.613929986953735
    29     6.625847e+04     2.807376e+02
 * time: 16.07414698600769
    30     6.614867e+04     2.726937e+02
 * time: 16.58554196357727
    31     6.604436e+04     2.703607e+02
 * time: 17.02705407142639
    32     6.593054e+04     2.618682e+02
 * time: 17.49719500541687
    33     6.583387e+04     2.647057e+02
 * time: 17.950345993041992
    34     6.574157e+04     2.652226e+02
 * time: 18.398837089538574
    35     6.564434e+04     2.649418e+02
 * time: 18.85166907310486
    36     6.554582e+04     2.643956e+02
 * time: 19.31834101676941
    37     6.546861e+04     2.702658e+02
 * time: 19.77084517478943
    38     6.537920e+04     2.618522e+02
 * time: 20.23837113380432
    39     6.529767e+04     2.636689e+02
 * time: 20.71619200706482
    40     6.519919e+04     2.723090e+02
 * time: 21.172307014465332
    41     6.511636e+04     2.599318e+02
 * time: 21.640603065490723
    42     6.503626e+04     2.688251e+02
 * time: 22.09904408454895
    43     6.494429e+04     2.688703e+02
 * time: 22.558921098709106
    44     6.487527e+04     2.604208e+02
 * time: 23.035211086273193
    45     6.480771e+04     2.558837e+02
 * time: 23.492391109466553
    46     6.474857e+04     2.425621e+02
 * time: 23.951789140701294
    47     6.468974e+04     2.373508e+02
 * time: 24.408545970916748
    48     6.462298e+04     2.276543e+02
 * time: 24.86117696762085
    49     6.457033e+04     2.283475e+02
 * time: 25.33510398864746
    50     6.451467e+04     2.267391e+02
 * time: 25.792375087738037
    51     6.443916e+04     2.184888e+02
 * time: 26.25106406211853
    52     6.426984e+04     9.797510e+01
 * time: 26.709336042404175
    53     6.413249e+04     7.285613e+01
 * time: 27.164628982543945
    54     6.409681e+04     1.941967e+02
 * time: 27.70862913131714
    55     6.401251e+04     4.688431e+02
 * time: 28.164177179336548
    56     6.391431e+04     3.367210e+02
 * time: 28.64699912071228
    57     6.382523e+04     3.032037e+02
 * time: 29.097625970840454
    58     6.373948e+04     3.137733e+02
 * time: 29.574320077896118
    59     6.366258e+04     3.646721e+02
 * time: 30.047600030899048
    60     6.358578e+04     3.442213e+02
 * time: 30.492650032043457
    61     6.351969e+04     3.181856e+02
 * time: 30.94693899154663
    62     6.345771e+04     3.495747e+02
 * time: 31.39309811592102
    63     6.340148e+04     3.910953e+02
 * time: 31.858153104782104
    64     6.334748e+04     3.391900e+02
 * time: 32.34253001213074
    65     6.329015e+04     3.746735e+02
 * time: 32.812841176986694
    66     6.324891e+04     3.642418e+02
 * time: 33.2730929851532
    67     6.319621e+04     3.642357e+02
 * time: 33.74546718597412
    68     6.316077e+04     2.969804e+02
 * time: 34.20292401313782
    69     6.311937e+04     2.835929e+02
 * time: 34.6639940738678
    70     6.309158e+04     3.025489e+02
 * time: 35.14889097213745
    71     6.304672e+04     2.368973e+02
 * time: 35.60889911651611
    72     6.301699e+04     1.993017e+02
 * time: 36.069207191467285
    73     6.299287e+04     1.473032e+02
 * time: 36.54080510139465
    74     6.295369e+04     1.119143e+02
 * time: 36.99935507774353
    75     6.291981e+04     6.945165e+01
 * time: 37.460216999053955
    76     6.290459e+04     4.051743e+01
 * time: 38.011720180511475
    77     6.288404e+04     3.338132e+01
 * time: 38.49067211151123
    78     6.287247e+04     3.368788e+01
 * time: 38.99631714820862
    79     6.286530e+04     1.002600e+02
 * time: 39.55603313446045
    80     6.281519e+04     5.339777e+01
 * time: 40.02293610572815
    81     6.276416e+04     3.182038e+02
 * time: 40.488341093063354
    82     6.272245e+04     5.772937e+01
 * time: 40.95186901092529
    83     6.266937e+04     6.515822e+01
 * time: 41.41373014450073
    84     6.262629e+04     5.250640e+01
 * time: 41.87692713737488
    85     6.257121e+04     5.922083e+01
 * time: 42.33604311943054
    86     6.252885e+04     4.567089e+01
 * time: 42.79929208755493
    87     6.250873e+04     9.193062e+01
 * time: 43.26603817939758
    88     6.246799e+04     6.402493e+01
 * time: 43.73096418380737
    89     6.243873e+04     1.100617e+02
 * time: 44.20030999183655
    90     6.241051e+04     6.022112e+01
 * time: 44.6843581199646
    91     6.238424e+04     9.435609e+01
 * time: 45.14568305015564
    92     6.235394e+04     1.586985e+02
 * time: 45.600425004959106
    93     6.232961e+04     1.410932e+02
 * time: 46.062440156936646
    94     6.231048e+04     2.953655e+02
 * time: 46.522221088409424
    95     6.229123e+04     1.621978e+02
 * time: 46.98551917076111
    96     6.226134e+04     2.879798e+02
 * time: 47.46704316139221
    97     6.224572e+04     1.447827e+02
 * time: 47.927536964416504
    98     6.222140e+04     3.437328e+02
 * time: 48.38964605331421
    99     6.220605e+04     2.281282e+02
 * time: 48.86178708076477
   100     6.218146e+04     3.838961e+02
 * time: 49.32690906524658
   101     6.216427e+04     2.406841e+02
 * time: 49.81807899475098
   102     6.214845e+04     3.934473e+02
 * time: 50.31636309623718
   103     6.213346e+04     1.187286e+02
 * time: 50.780776023864746
   104     6.211278e+04     1.278540e+02
 * time: 51.248717069625854
   105     6.210618e+04     6.028782e+01
 * time: 51.73047113418579
   106     6.207389e+04     1.684245e+02
 * time: 52.19939708709717
   107     6.207196e+04     1.743970e+02
 * time: 52.7565701007843
   108     6.207007e+04     6.068087e+01
 * time: 53.214954137802124
   109     6.206011e+04     4.546184e+01
 * time: 53.732917070388794
   110     6.205120e+04     3.821618e+01
 * time: 54.20091104507446
   111     6.204503e+04     3.158001e+01
 * time: 54.68605017662048
   112     6.203519e+04     2.003673e+02
 * time: 55.257007122039795
   113     6.202140e+04     1.158441e+02
 * time: 55.73107600212097
   114     6.204387e+04     1.158441e+02
 * time: 57.65477919578552
Iter     Function value   Gradient norm 
     0     6.196448e+04     8.285797e+02
 * time: 7.867813110351562e-6
     1     6.195737e+04     2.267622e+02
 * time: 13.234662055969238
     2     6.193899e+04     1.075517e+02
 * time: 21.78789186477661
     3     6.192318e+04     1.371331e+02
 * time: 30.533928871154785
     4     6.189339e+04     6.650272e+01
 * time: 38.44029188156128
     5     6.185302e+04     4.117074e+01
 * time: 46.310303926467896
     6     6.182585e+04     5.802142e+01
 * time: 54.07113790512085
     7     6.180681e+04     7.373349e+01
 * time: 61.8338840007782
     8     6.179331e+04     9.401620e+01
 * time: 69.58697199821472
     9     6.178394e+04     1.273562e+02
 * time: 77.29496598243713
    10     6.177022e+04     1.351369e+02
 * time: 84.93591809272766
    11     6.176268e+04     1.394478e+02
 * time: 92.5056369304657
    12     6.175894e+04     1.327696e+02
 * time: 100.71958088874817
    13     6.174365e+04     1.289013e+02
 * time: 108.3698480129242
    14     6.172934e+04     1.281720e+02
 * time: 115.95996308326721
    15     6.171537e+04     1.408810e+02
 * time: 123.56256198883057
    16     6.170352e+04     1.180244e+02
 * time: 131.18965792655945
    17     6.169222e+04     8.380144e+01
 * time: 138.8289840221405
    18     6.168257e+04     9.613636e+01
 * time: 146.35844588279724
    19     6.167281e+04     7.802878e+01
 * time: 154.04684686660767
    20     6.166250e+04     6.657175e+01
 * time: 161.75534391403198
    21     6.165346e+04     7.352024e+01
 * time: 169.42139792442322
    22     6.164470e+04     5.298695e+01
 * time: 177.04046297073364
    23     6.163671e+04     4.854462e+01
 * time: 184.7565689086914
    24     6.162962e+04     3.506597e+01
 * time: 192.41624307632446
    25     6.162257e+04     3.082962e+01
 * time: 200.05040001869202
    26     6.161650e+04     2.980791e+01
 * time: 207.72386693954468
    27     6.161111e+04     3.111326e+01
 * time: 215.3792610168457
    28     6.160590e+04     2.468379e+01
 * time: 223.01571893692017
    29     6.160145e+04     2.409632e+01
 * time: 230.6415820121765
    30     6.159744e+04     2.536127e+01
 * time: 238.39694905281067
    31     6.159362e+04     3.153331e+01
 * time: 246.07955193519592
    32     6.158993e+04     4.185063e+01
 * time: 253.71500492095947
    33     6.158623e+04     5.731695e+01
 * time: 261.3645758628845
    34     6.158251e+04     7.725944e+01
 * time: 268.986536026001
    35     6.157892e+04     1.094367e+02
 * time: 276.6647710800171
    36     6.157608e+04     1.591504e+02
 * time: 284.32658886909485
    37     6.157529e+04     1.987878e+02
 * time: 292.066663980484
    38     6.157400e+04     1.086307e+02
 * time: 301.1035840511322
    39     6.157253e+04     8.217437e+01
 * time: 309.52274894714355
    40     6.157249e+04     8.695865e+01
 * time: 317.9783639907837
    41     6.157184e+04     7.870223e+01
 * time: 326.366329908371
    42     6.157067e+04     5.722116e+01
 * time: 334.5876178741455
    43     6.156806e+04     2.105649e+01
 * time: 342.9386100769043
    44     6.156739e+04     1.666315e+01
 * time: 351.20376205444336
    45     6.156701e+04     1.903947e+01
 * time: 359.58360600471497
    46     6.156628e+04     1.616075e+01
 * time: 368.01133394241333
    47     6.156564e+04     1.595435e+01
 * time: 376.3013970851898
    48     6.156563e+04     2.125451e+01
 * time: 384.5455479621887
    49     6.156517e+04     1.850970e+01
 * time: 392.8280770778656
    50     6.156432e+04     1.989701e+01
 * time: 401.16963291168213
    51     6.156357e+04     1.675970e+01
 * time: 409.4366719722748
    52     6.156116e+04     1.307020e+01
 * time: 417.1184868812561
    53     6.155856e+04     8.268716e+00
 * time: 424.7272779941559
    54     6.155855e+04     1.083666e+01
 * time: 432.34547090530396
    55     6.155706e+04     1.105357e+01
 * time: 440.022127866745
    56     6.155597e+04     1.186800e+01
 * time: 447.64254093170166
    57     6.155568e+04     1.068243e+01
 * time: 455.9647889137268
    58     6.155451e+04     7.516017e+00
 * time: 463.66652607917786
    59     6.155433e+04     1.270343e+01
 * time: 471.5071499347687
    60     6.155427e+04     1.311370e+01
 * time: 479.12164402008057
    61     6.155348e+04     1.221227e+01
 * time: 486.9158079624176
    62     6.155312e+04     9.762440e+00
 * time: 495.23884892463684
    63     6.155284e+04     5.553568e+00
 * time: 503.56985807418823
    64     6.155245e+04     2.061189e+00
 * time: 511.23382687568665
    65     6.155177e+04     5.442690e+00
 * time: 518.8231499195099
    66     6.155168e+04     4.423423e+00
 * time: 527.8195729255676
    67     6.155166e+04     1.170516e+01
 * time: 536.7842879295349
    68     6.155160e+04     4.409466e+00
 * time: 545.832398891449
    69     6.155157e+04     4.287455e+00
 * time: 554.9347450733185
    70     6.155145e+04     4.818722e+00
 * time: 563.257364988327
    71     6.155140e+04     4.820793e+00
 * time: 572.2924110889435
    72     6.155137e+04     4.456639e+00
 * time: 581.3436539173126
    73     6.155134e+04     4.623457e+00
 * time: 590.2299530506134
    74     6.155107e+04     2.477048e+01
 * time: 597.7867760658264
    75     6.155071e+04     2.176309e+01
 * time: 606.1801788806915
    76     6.155064e+04     2.122182e+01
 * time: 614.6127738952637
    77     6.155051e+04     2.455326e+01
 * time: 622.8983678817749
    78     6.155035e+04     2.611051e+01
 * time: 631.1774480342865
    79     6.155022e+04     2.478568e+01
 * time: 639.44313788414
    80     6.155010e+04     2.514372e+01
 * time: 647.6868829727173
    81     6.154992e+04     2.609424e+01
 * time: 655.6247000694275
    82     6.154988e+04     1.982975e+01
 * time: 663.5508599281311
    83     6.154756e+04     3.572129e+01
 * time: 671.6082038879395
    84     6.154620e+04     3.662514e+01
 * time: 679.6019580364227
    85     6.154416e+04     3.877204e+01
 * time: 687.2171559333801
    86     6.153930e+04     3.265663e+01
 * time: 694.8451099395752
    87     6.153509e+04     3.152662e+01
 * time: 702.6031529903412
    88     6.153366e+04     1.961746e+01
 * time: 710.326611995697
    89     6.153353e+04     1.592363e+01
 * time: 718.1410019397736
    90     6.153205e+04     2.069544e+01
 * time: 726.3700439929962
    91     6.153118e+04     1.325830e+01
 * time: 734.0525970458984
    92     6.152912e+04     1.016957e+01
 * time: 741.7410309314728
    93     6.152731e+04     1.364715e+01
 * time: 749.4474709033966
    94     6.152642e+04     1.214458e+01
 * time: 757.0672678947449
    95     6.152591e+04     8.629520e+00
 * time: 765.4210059642792
    96     6.152427e+04     6.338101e+00
 * time: 773.1744470596313
    97     6.152396e+04     8.963913e+00
 * time: 780.7420680522919
    98     6.152349e+04     1.282708e+01
 * time: 788.4265029430389
    99     6.152326e+04     1.695365e+01
 * time: 796.0893909931183
   100     6.152250e+04     1.774762e+01
 * time: 803.6627600193024
   101     6.152182e+04     4.125577e+00
 * time: 811.3740029335022
   102     6.152081e+04     6.180387e+00
 * time: 819.0136940479279
   103     6.152077e+04     7.519887e+00
 * time: 828.1746220588684
   104     6.152072e+04     1.831044e+00
 * time: 837.1106688976288
   105     6.152071e+04     1.779504e+00
 * time: 846.0471980571747
   106     6.152067e+04     3.088362e+00
 * time: 855.0843470096588
   107     6.152056e+04     6.101303e+00
 * time: 863.485827922821
   108     6.152036e+04     3.045400e+00
 * time: 871.8870849609375
   109     6.152032e+04     5.129746e+00
 * time: 880.2914979457855
   110     6.152018e+04     6.554953e+00
 * time: 888.5646049976349
   111     6.151984e+04     8.889226e+00
 * time: 896.8574199676514
   112     6.151947e+04     8.330362e+00
 * time: 905.1393659114838
   113     6.151914e+04     1.149091e+01
 * time: 913.3783259391785
   114     6.151846e+04     2.453201e+01
 * time: 921.6891520023346
   115     6.151834e+04     2.720551e+01
 * time: 930.0052399635315
   116     6.151825e+04     3.044219e+01
 * time: 938.2801260948181
   117     6.151787e+04     3.855297e+01
 * time: 946.70858502388
   118     6.151782e+04     4.113778e+01
 * time: 955.1068649291992
   119     6.151716e+04     5.552498e+01
 * time: 963.4152960777283
   120     6.151693e+04     5.971073e+01
 * time: 971.7312829494476
   121     6.151615e+04     7.127802e+01
 * time: 980.0990118980408
   122     6.151534e+04     7.722956e+01
 * time: 988.455826997757
   123     6.151181e+04     5.394441e+01
 * time: 996.2250850200653
   124     6.151005e+04     9.521394e+01
 * time: 1003.8387200832367
   125     6.150815e+04     1.874240e+02
 * time: 1011.5654098987579
   126     6.150712e+04     1.079517e+02
 * time: 1019.9058179855347
   127     6.150340e+04     6.433507e+01
 * time: 1027.6172940731049
   128     6.150084e+04     4.670558e+01
 * time: 1035.4380540847778
   129     6.149949e+04     2.427976e+01
 * time: 1043.927610874176
   130     6.149707e+04     1.904681e+01
 * time: 1051.6406590938568
   131     6.149448e+04     4.247237e+01
 * time: 1059.3256940841675
   132     6.149216e+04     2.075550e+01
 * time: 1066.9844598770142
   133     6.149052e+04     2.283992e+01
 * time: 1074.648272037506
   134     6.148947e+04     2.935995e+01
 * time: 1082.2765610218048
   135     6.148864e+04     1.615237e+01
 * time: 1090.0747199058533
   136     6.148773e+04     4.010865e+01
 * time: 1097.9395220279694
   137     6.148686e+04     5.190397e+01
 * time: 1105.6890709400177
   138     6.148614e+04     4.582323e+01
 * time: 1113.488646030426
   139     6.148550e+04     3.707080e+01
 * time: 1121.1870620250702
   140     6.148503e+04     2.814108e+01
 * time: 1128.9529809951782
   141     6.148463e+04     2.783756e+01
 * time: 1136.5934720039368
   142     6.148430e+04     3.899985e+00
 * time: 1144.3351140022278
   143     6.148407e+04     2.200257e+01
 * time: 1152.0199840068817
   144     6.148388e+04     9.140418e+00
 * time: 1159.6709580421448
   145     6.148373e+04     1.619801e+01
 * time: 1167.4153230190277
   146     6.148361e+04     2.132043e+01
 * time: 1175.2138760089874
   147     6.148351e+04     5.539299e+00
 * time: 1182.9390790462494
   148     6.148346e+04     1.040255e+01
 * time: 1190.8878529071808
   149     6.148340e+04     5.990755e+00
 * time: 1198.7437598705292
   150     6.148339e+04     1.825839e+01
 * time: 1206.3898000717163
   151     6.148332e+04     1.054271e+01
 * time: 1214.0339589118958
   152     6.148330e+04     1.733093e+01
 * time: 1221.7054109573364
   153     6.148324e+04     2.373504e+01
 * time: 1229.3451199531555
   154     6.148318e+04     1.529932e+01
 * time: 1237.0218160152435
   155     6.148314e+04     3.945480e+00
 * time: 1244.6841728687286
   156     6.148310e+04     3.484963e+00
 * time: 1252.3546509742737
   157     6.148306e+04     6.476654e+00
 * time: 1260.005923986435
   158     6.148302e+04     5.083228e+00
 * time: 1267.6938500404358
   159     6.148300e+04     3.502165e+00
 * time: 1275.353317975998
   160     6.148298e+04     3.000259e+00
 * time: 1283.014209985733
   161     6.148294e+04     4.568862e+00
 * time: 1290.8207359313965
   162     6.148292e+04     1.630156e+01
 * time: 1298.5253520011902
   163     6.148289e+04     4.574698e+00
 * time: 1306.166589975357
   164     6.148286e+04     2.496193e+00
 * time: 1313.8391568660736
   165     6.148286e+04     1.608257e+00
 * time: 1321.5192148685455
   166     6.148284e+04     1.757268e+00
 * time: 1329.337496995926
   167     6.148284e+04     1.094702e+00
 * time: 1337.0038359165192
   168     6.148283e+04     1.189465e+00
 * time: 1344.6768469810486
   169     6.148283e+04     2.510730e+00
 * time: 1352.5585930347443
   170     6.148283e+04     3.547684e+00
 * time: 1360.389801979065
   171     6.148282e+04     4.447240e+00
 * time: 1368.15078997612
   172     6.148282e+04     3.558547e+00
 * time: 1376.0074970722198
   173     6.148282e+04     2.827055e+00
 * time: 1383.8466038703918
   174     6.148282e+04     1.746068e+00
 * time: 1391.5372829437256
   175     6.148282e+04     1.173894e+00
 * time: 1399.7959079742432
   176     6.148282e+04     9.410930e-01
 * time: 1407.4192900657654
1422.442837 seconds (537.33 M allocations: 65.674 GiB, 1.80% gc time)
optimization complete 
converged: true 
computing Hessian 
354.916595 seconds (58.52 M allocations: 5.886 GiB, 1.41% gc time)
computing samples from ML parameters 
done, saving. 
