orig nsessions: 16 
orig N_per_sess: [2, 2, 2, 1, 2, 2, 1, 2, 2, 1, 1, 1, 1, 3, 1, 1] 
new nsessions: 2 
new N_per_sess: [1, 1] 
Iter     Function value   Gradient norm 
     0     1.908303e+04     1.228061e+03
 * time: 1.2874603271484375e-5
     1     1.806030e+04     4.625321e+02
 * time: 2.643615961074829
     2     1.780183e+04     3.223555e+02
 * time: 2.775017023086548
     3     1.772591e+04     4.194157e+02
 * time: 2.867729902267456
     4     1.760063e+04     3.816336e+02
 * time: 2.960628032684326
     5     1.747602e+04     3.332543e+02
 * time: 3.0531938076019287
     6     1.736248e+04     2.962700e+02
 * time: 3.155028820037842
     7     1.725827e+04     2.565340e+02
 * time: 3.2400319576263428
     8     1.715903e+04     2.197835e+02
 * time: 3.334764003753662
     9     1.706180e+04     1.796380e+02
 * time: 3.4303510189056396
    10     1.697962e+04     1.659778e+02
 * time: 3.533134937286377
    11     1.692654e+04     1.619309e+02
 * time: 3.6312649250030518
    12     1.685403e+04     1.516867e+02
 * time: 3.738292932510376
    13     1.679792e+04     1.487955e+02
 * time: 3.8361268043518066
    14     1.673752e+04     1.414128e+02
 * time: 3.91935396194458
    15     1.669161e+04     1.367972e+02
 * time: 4.018697023391724
    16     1.664093e+04     1.303037e+02
 * time: 4.108574867248535
    17     1.652501e+04     4.983465e+01
 * time: 4.208460807800293
    18     1.647060e+04     4.806143e+01
 * time: 4.298728942871094
    19     1.642414e+04     4.572980e+01
 * time: 4.389204978942871
    20     1.638522e+04     4.336890e+01
 * time: 4.480123996734619
    21     1.636555e+04     2.152345e+02
 * time: 4.575326919555664
    22     1.632970e+04     1.871724e+02
 * time: 4.65805196762085
    23     1.629761e+04     1.836535e+02
 * time: 4.7489118576049805
    24     1.626136e+04     1.716496e+02
 * time: 4.836342811584473
    25     1.623342e+04     1.970386e+02
 * time: 4.940191984176636
    26     1.620692e+04     1.520158e+02
 * time: 5.039412975311279
    27     1.618364e+04     1.253352e+02
 * time: 5.159989833831787
    28     1.616568e+04     1.186030e+02
 * time: 5.245092868804932
    29     1.614552e+04     1.045998e+02
 * time: 5.336194038391113
    30     1.612827e+04     7.061366e+01
 * time: 5.4332239627838135
    31     1.611237e+04     7.451008e+01
 * time: 5.517897844314575
    32     1.609350e+04     5.882322e+01
 * time: 5.611181974411011
    33     1.607357e+04     5.633387e+01
 * time: 5.703868865966797
    34     1.605307e+04     2.275796e+01
 * time: 5.803658962249756
    35     1.604196e+04     1.302304e+01
 * time: 5.890710830688477
    36     1.603124e+04     7.551347e+00
 * time: 6.003412961959839
    37     1.602498e+04     9.375034e+00
 * time: 6.100015878677368
    38     1.601889e+04     1.976915e+02
 * time: 6.194579839706421
    39     1.601361e+04     8.713894e+01
 * time: 6.286864995956421
    40     1.600938e+04     4.623221e+01
 * time: 6.693574905395508
Iter     Function value   Gradient norm 
     0     1.598754e+04     2.665648e+02
 * time: 8.106231689453125e-6
     1     1.598304e+04     3.538762e+01
 * time: 5.369013071060181
     2     1.597774e+04     1.897044e+01
 * time: 7.489593982696533
     3     1.597178e+04     3.960028e+01
 * time: 9.562113046646118
     4     1.594804e+04     4.086777e+01
 * time: 11.364609003067017
     5     1.592883e+04     8.184414e+01
 * time: 13.16296100616455
     6     1.591546e+04     1.649446e+02
 * time: 14.949095010757446
     7     1.590341e+04     2.593292e+02
 * time: 16.73301601409912
     8     1.588909e+04     3.263100e+02
 * time: 18.56982707977295
     9     1.587734e+04     4.162680e+02
 * time: 20.36746597290039
    10     1.586548e+04     4.561407e+02
 * time: 22.153964042663574
    11     1.585359e+04     4.580318e+02
 * time: 23.965654134750366
    12     1.584168e+04     4.449491e+02
 * time: 25.762712001800537
    13     1.583134e+04     4.354172e+02
 * time: 27.548537969589233
    14     1.582007e+04     4.112246e+02
 * time: 29.333318948745728
    15     1.580916e+04     3.710910e+02
 * time: 31.12145209312439
    16     1.579908e+04     3.159204e+02
 * time: 32.93325614929199
    17     1.578892e+04     2.418852e+02
 * time: 34.7473361492157
    18     1.578007e+04     1.536518e+02
 * time: 36.550008058547974
    19     1.577264e+04     1.130797e+02
 * time: 38.334593057632446
    20     1.576702e+04     7.813608e+01
 * time: 40.12610197067261
    21     1.576209e+04     7.787634e+01
 * time: 41.94796800613403
    22     1.575792e+04     6.659464e+01
 * time: 43.81461501121521
    23     1.575408e+04     6.185938e+01
 * time: 45.6208701133728
    24     1.575070e+04     5.548828e+01
 * time: 47.42263102531433
    25     1.574754e+04     5.061913e+01
 * time: 49.21226906776428
    26     1.574476e+04     4.554442e+01
 * time: 51.04541015625
    27     1.574208e+04     4.191863e+01
 * time: 52.845107078552246
    28     1.573984e+04     3.890598e+01
 * time: 54.65166401863098
    29     1.573766e+04     3.569877e+01
 * time: 56.46648597717285
    30     1.573578e+04     3.377950e+01
 * time: 58.282570123672485
    31     1.573411e+04     3.190811e+01
 * time: 60.08211898803711
    32     1.573259e+04     2.865562e+01
 * time: 61.88431406021118
    33     1.573129e+04     2.984636e+01
 * time: 63.702298164367676
    34     1.573016e+04     2.602403e+01
 * time: 65.48464703559875
    35     1.572915e+04     2.787639e+01
 * time: 67.28486204147339
    36     1.572831e+04     2.442444e+01
 * time: 69.06538200378418
    37     1.572754e+04     2.705818e+01
 * time: 70.86621809005737
    38     1.572685e+04     2.765226e+01
 * time: 72.69015002250671
    39     1.572622e+04     2.990964e+01
 * time: 74.53349304199219
    40     1.572562e+04     3.090672e+01
 * time: 76.36394214630127
    41     1.572506e+04     3.255814e+01
 * time: 78.14812707901001
    42     1.572451e+04     3.318944e+01
 * time: 79.94591307640076
    43     1.572398e+04     3.451989e+01
 * time: 81.73921799659729
    44     1.572347e+04     3.696478e+01
 * time: 83.54643201828003
    45     1.572296e+04     3.732392e+01
 * time: 85.34652900695801
    46     1.572246e+04     3.912622e+01
 * time: 87.14661598205566
    47     1.572196e+04     3.982410e+01
 * time: 88.98355197906494
    48     1.572145e+04     4.131788e+01
 * time: 90.78221297264099
    49     1.572094e+04     4.255529e+01
 * time: 92.55888605117798
    50     1.572043e+04     4.471696e+01
 * time: 94.36190700531006
    51     1.572010e+04     2.201359e+01
 * time: 96.72538995742798
    52     1.571999e+04     1.684404e+01
 * time: 99.04059100151062
    53     1.571973e+04     1.241838e+01
 * time: 101.43217396736145
    54     1.571815e+04     1.137951e+01
 * time: 103.52647113800049
    55     1.571681e+04     1.749829e+01
 * time: 105.5944299697876
    56     1.571547e+04     2.722194e+01
 * time: 107.69239401817322
    57     1.571429e+04     5.518495e+01
 * time: 109.54814910888672
    58     1.571172e+04     8.842333e+01
 * time: 111.33627104759216
    59     1.570791e+04     3.414442e+01
 * time: 113.14157700538635
    60     1.570500e+04     2.029213e+01
 * time: 115.0482771396637
    61     1.570369e+04     1.254459e+02
 * time: 116.91817212104797
    62     1.570103e+04     5.802578e+01
 * time: 118.82261896133423
    63     1.569857e+04     8.602895e+01
 * time: 120.68090915679932
    64     1.569627e+04     1.227271e+02
 * time: 122.46341896057129
    65     1.569416e+04     1.398957e+02
 * time: 124.25851106643677
    66     1.569174e+04     7.565279e+01
 * time: 126.05933499336243
    67     1.568951e+04     7.353685e+01
 * time: 127.80997109413147
    68     1.568776e+04     1.872230e+01
 * time: 129.57331895828247
    69     1.568682e+04     5.635079e+01
 * time: 131.3310329914093
    70     1.568670e+04     4.312064e+01
 * time: 133.12420797348022
    71     1.568631e+04     1.675630e+02
 * time: 135.15976214408875
    72     1.568558e+04     1.547062e+02
 * time: 136.92682909965515
    73     1.568515e+04     4.067582e+01
 * time: 138.69425797462463
    74     1.568500e+04     7.517631e+01
 * time: 140.45736598968506
    75     1.568441e+04     1.455655e+02
 * time: 142.46857595443726
    76     1.568401e+04     5.109836e+01
 * time: 144.5736689567566
    77     1.568357e+04     9.804636e+01
 * time: 146.4911949634552
    78     1.568320e+04     1.796871e+02
 * time: 148.56530904769897
    79     1.568281e+04     2.497253e+01
 * time: 150.40281510353088
    80     1.568268e+04     8.692214e+01
 * time: 152.1592481136322
    81     1.568261e+04     4.029803e+01
 * time: 153.93103003501892
    82     1.568260e+04     5.807436e+01
 * time: 155.694815158844
    83     1.568252e+04     8.417945e+00
 * time: 157.44043517112732
    84     1.568246e+04     8.085789e+00
 * time: 159.2165801525116
    85     1.568241e+04     8.663621e+00
 * time: 160.98167300224304
    86     1.568238e+04     3.177042e+00
 * time: 162.73831295967102
    87     1.568238e+04     4.528289e+00
 * time: 164.45784997940063
    88     1.568237e+04     4.857319e+00
 * time: 166.20363903045654
    89     1.568236e+04     1.808474e+01
 * time: 167.93833303451538
    90     1.568234e+04     5.032144e+00
 * time: 169.69765496253967
    91     1.568232e+04     6.506435e+01
 * time: 171.4658761024475
    92     1.568228e+04     8.976498e+00
 * time: 173.23210096359253
    93     1.568224e+04     4.092220e+01
 * time: 174.98341012001038
    94     1.568223e+04     1.726973e+01
 * time: 176.75851202011108
    95     1.568223e+04     7.679947e+00
 * time: 178.5358669757843
    96     1.568222e+04     2.439743e+00
 * time: 180.2654161453247
    97     1.568222e+04     5.370040e+00
 * time: 182.02189803123474
    98     1.568222e+04     1.707037e+00
 * time: 183.7813069820404
    99     1.568222e+04     4.172898e+00
 * time: 185.54862999916077
   100     1.568222e+04     9.799275e-01
 * time: 187.29988503456116
   101     1.568222e+04     1.767472e+00
 * time: 189.05353498458862
   102     1.568222e+04     1.190965e+00
 * time: 190.82016801834106
   103     1.568222e+04     2.842724e-01
 * time: 192.63105607032776
   104     1.568222e+04     5.922326e-01
 * time: 194.42181396484375
   105     1.568222e+04     1.518909e+00
 * time: 196.18940114974976
204.757473 seconds (123.91 M allocations: 11.141 GiB, 2.25% gc time)
optimization complete 
converged: true 
computing Hessian 
 48.009223 seconds (25.88 M allocations: 1.388 GiB, 3.52% gc time)
computing samples from ML parameters 
done, saving. 
