Iter     Function value   Gradient norm 
     0     5.218049e+03     3.894501e+01
 * time: 1.4066696166992188e-5
     1     5.214170e+03     3.830037e+01
 * time: 10.71383810043335
     2     5.189957e+03     2.934252e+01
 * time: 16.681644201278687
     3     5.178835e+03     5.238020e+01
 * time: 22.722058057785034
     4     5.171273e+03     6.924027e+01
 * time: 28.76525616645813
     5     5.165416e+03     6.074033e+01
 * time: 34.852445125579834
     6     5.163788e+03     7.530310e+01
 * time: 41.96801519393921
     7     5.156660e+03     6.109834e+01
 * time: 48.13004803657532
     8     5.150811e+03     4.328135e+01
 * time: 54.21718716621399
     9     5.145480e+03     3.788348e+01
 * time: 60.53378200531006
    10     5.141000e+03     2.879662e+01
 * time: 66.61992907524109
    11     5.137334e+03     3.179512e+01
 * time: 72.75999212265015
    12     5.134435e+03     2.178052e+01
 * time: 79.2814040184021
    13     5.132345e+03     2.120675e+01
 * time: 85.88335609436035
    14     5.130602e+03     1.426341e+01
 * time: 92.06481313705444
    15     5.129350e+03     1.336911e+01
 * time: 98.38501715660095
    16     5.128350e+03     8.254943e+00
 * time: 104.5420491695404
    17     5.127677e+03     1.480344e+01
 * time: 110.8915581703186
    18     5.127108e+03     9.397266e+00
 * time: 116.97811508178711
    19     5.126727e+03     1.011174e+01
 * time: 123.16255021095276
    20     5.126430e+03     6.804113e+00
 * time: 129.13012599945068
    21     5.126230e+03     6.997388e+00
 * time: 135.2173252105713
    22     5.126075e+03     5.005664e+00
 * time: 141.22535920143127
    23     5.125970e+03     3.479150e+00
 * time: 147.41663599014282
    24     5.125901e+03     5.604010e+00
 * time: 153.45907020568848
    25     5.125841e+03     1.480017e+00
 * time: 159.63059210777283
    26     5.125807e+03     3.280780e+00
 * time: 165.719092130661
    27     5.125781e+03     2.813341e+00
 * time: 171.80500316619873
    28     5.125763e+03     1.530271e+00
 * time: 177.9451720714569
    29     5.125755e+03     1.132552e+00
 * time: 183.91854810714722
    30     5.125751e+03     4.316674e-01
 * time: 190.21553015708923
    31     5.125750e+03     4.259000e-01
 * time: 197.48338413238525
    32     5.125749e+03     1.912650e-01
 * time: 203.5091941356659
    33     5.125748e+03     7.459931e-01
 * time: 209.41860699653625
    34     5.125748e+03     3.731139e-01
 * time: 215.44812202453613
    35     5.125746e+03     1.991923e-01
 * time: 221.86508917808533
    36     5.125732e+03     8.643737e-01
 * time: 227.9429440498352
    37     5.125721e+03     1.764433e+00
 * time: 234.18008708953857
    38     5.125714e+03     2.064793e+00
 * time: 240.15371417999268
    39     5.125709e+03     1.156527e+00
 * time: 246.39984703063965
    40     5.125708e+03     1.545738e-01
 * time: 252.49361300468445
    41     5.125707e+03     1.350061e-01
 * time: 258.62364506721497
    42     5.125706e+03     8.941606e-02
 * time: 265.12632417678833
    43     5.125705e+03     2.299701e-01
 * time: 271.3302550315857
    44     5.125705e+03     4.178737e-01
 * time: 277.3587951660156
    45     5.125705e+03     4.315160e-01
 * time: 283.4990520477295
    46     5.125704e+03     2.433053e-01
 * time: 289.63392400741577
    47     5.125704e+03     2.113136e-01
 * time: 295.7115731239319
    48     5.125704e+03     1.533969e-01
 * time: 302.02353620529175
    49     5.125703e+03     1.436629e-01
 * time: 308.10809206962585
    50     5.125703e+03     1.215835e-01
 * time: 314.0786221027374
    51     5.125703e+03     7.522305e-02
 * time: 320.1274080276489
    52     5.125703e+03     8.960994e-02
 * time: 326.1560950279236
    53     5.125703e+03     2.354918e-02
 * time: 332.58816409111023
    54     5.125703e+03     7.982378e-02
 * time: 338.7365791797638
    55     5.125702e+03     3.592592e-02
 * time: 344.65332412719727
    56     5.125702e+03     4.493797e-02
 * time: 350.5766761302948
    57     5.125702e+03     1.940303e-02
 * time: 356.5328450202942
    58     5.125702e+03     2.495586e-02
 * time: 362.5853350162506
    59     5.125702e+03     1.311743e-02
 * time: 368.9365382194519
    60     5.125702e+03     2.411751e-02
 * time: 374.88220500946045
    61     5.125702e+03     3.290390e-03
 * time: 381.05960607528687
401.517520 seconds (270.28 M allocations: 20.509 GiB, 2.60% gc time)
106.925245 seconds (33.33 M allocations: 1.542 GiB, 2.22% gc time)
