Iter     Function value   Gradient norm 
     0     3.667012e+05     1.969449e+03
 * time: 2.5987625122070312e-5
     1     3.628345e+05     8.488290e+02
 * time: 6.660292863845825
     2     3.604742e+05     7.736538e+02
 * time: 10.681200981140137
     3     3.594144e+05     7.393477e+02
 * time: 14.683600902557373
     4     3.587462e+05     9.862439e+02
 * time: 18.653537034988403
     5     3.581122e+05     1.072415e+03
 * time: 22.623491048812866
     6     3.574326e+05     7.061373e+02
 * time: 26.785651922225952
     7     3.567607e+05     9.281034e+02
 * time: 30.815043926239014
     8     3.561147e+05     1.389461e+03
 * time: 34.89021897315979
     9     3.554965e+05     1.425903e+03
 * time: 38.94774889945984
    10     3.548469e+05     1.465289e+03
 * time: 43.04909706115723
    11     3.542077e+05     1.796753e+03
 * time: 47.26778793334961
    12     3.535795e+05     2.214782e+03
 * time: 51.39498496055603
    13     3.529663e+05     1.830979e+03
 * time: 55.60047388076782
    14     3.523461e+05     1.814941e+03
 * time: 59.846380949020386
    15     3.517151e+05     1.963620e+03
 * time: 63.93757486343384
    16     3.511009e+05     1.834845e+03
 * time: 68.09155988693237
    17     3.504967e+05     2.149039e+03
 * time: 72.14159989356995
    18     3.499009e+05     2.239364e+03
 * time: 76.19543886184692
    19     3.493492e+05     2.396154e+03
 * time: 80.3489019870758
    20     3.487638e+05     2.306337e+03
 * time: 84.45854496955872
    21     3.482015e+05     2.342544e+03
 * time: 88.60274887084961
    22     3.476713e+05     2.385056e+03
 * time: 92.64744687080383
    23     3.471378e+05     2.339114e+03
 * time: 96.67976784706116
    24     3.466309e+05     2.281573e+03
 * time: 100.73662805557251
    25     3.461224e+05     2.452988e+03
 * time: 104.80387687683105
    26     3.456401e+05     2.351746e+03
 * time: 108.86357402801514
    27     3.451664e+05     2.312141e+03
 * time: 112.92223787307739
    28     3.446709e+05     2.208677e+03
 * time: 116.98364090919495
    29     3.442335e+05     2.413429e+03
 * time: 121.03663086891174
    30     3.438258e+05     2.820706e+03
 * time: 125.21042704582214
    31     3.434046e+05     2.727159e+03
 * time: 129.30275893211365
    32     3.429707e+05     2.635512e+03
 * time: 133.41808795928955
    33     3.425438e+05     2.356911e+03
 * time: 137.46974897384644
    34     3.421418e+05     2.386036e+03
 * time: 141.52074694633484
    35     3.417775e+05     2.511944e+03
 * time: 145.66952204704285
    36     3.414092e+05     2.485915e+03
 * time: 149.77523398399353
    37     3.410122e+05     2.326475e+03
 * time: 153.88150787353516
    38     3.406652e+05     2.398175e+03
 * time: 157.9505259990692
    39     3.402948e+05     2.320143e+03
 * time: 162.0173590183258
    40     3.399492e+05     2.121566e+03
 * time: 166.14179396629333
    41     3.396215e+05     2.065730e+03
 * time: 170.24256300926208
    42     3.392822e+05     1.896473e+03
 * time: 174.32221484184265
    43     3.389324e+05     1.849453e+03
 * time: 178.44192004203796
    44     3.386266e+05     1.830055e+03
 * time: 182.60788989067078
    45     3.382869e+05     1.773792e+03
 * time: 186.6917278766632
    46     3.379997e+05     1.670958e+03
 * time: 190.8237600326538
    47     3.376761e+05     1.627447e+03
 * time: 194.8772759437561
    48     3.373939e+05     1.631851e+03
 * time: 198.8825399875641
    49     3.371266e+05     1.496526e+03
 * time: 202.9819860458374
    50     3.368651e+05     1.478687e+03
 * time: 207.0235300064087
    51     3.366051e+05     1.457137e+03
 * time: 211.09830284118652
    52     3.363384e+05     1.382644e+03
 * time: 215.21897196769714
    53     3.361139e+05     1.359843e+03
 * time: 219.30513286590576
    54     3.358763e+05     1.303635e+03
 * time: 223.40716695785522
    55     3.356273e+05     1.219296e+03
 * time: 227.47810006141663
    56     3.353999e+05     1.174837e+03
 * time: 231.52983784675598
    57     3.351591e+05     1.247956e+03
 * time: 235.64754700660706
    58     3.349311e+05     1.247143e+03
 * time: 239.73489904403687
    59     3.347128e+05     1.281438e+03
 * time: 243.84588599205017
    60     3.344974e+05     1.324487e+03
 * time: 247.93309497833252
    61     3.342545e+05     1.414704e+03
 * time: 252.0070240497589
    62     3.340304e+05     1.356321e+03
 * time: 256.07062005996704
    63     3.338036e+05     1.331528e+03
 * time: 260.179151058197
    64     3.335771e+05     1.305054e+03
 * time: 264.2647850513458
    65     3.333912e+05     1.386199e+03
 * time: 268.3664779663086
    66     3.331726e+05     1.333506e+03
 * time: 272.4293420314789
    67     3.329812e+05     1.491949e+03
 * time: 276.4777820110321
    68     3.327720e+05     1.332554e+03
 * time: 280.5651378631592
    69     3.325500e+05     1.490693e+03
 * time: 284.6816909313202
    70     3.323715e+05     1.448280e+03
 * time: 288.80523204803467
    71     3.321826e+05     1.331003e+03
 * time: 292.8868839740753
    72     3.319774e+05     1.557635e+03
 * time: 296.9910340309143
    73     3.317883e+05     1.469268e+03
 * time: 301.08965396881104
    74     3.316026e+05     1.511910e+03
 * time: 305.16895294189453
    75     3.314180e+05     1.558520e+03
 * time: 309.23355507850647
    76     3.312213e+05     1.475702e+03
 * time: 313.4181170463562
    77     3.310371e+05     1.529872e+03
 * time: 317.48577094078064
    78     3.308722e+05     1.384458e+03
 * time: 321.5320360660553
    79     3.306838e+05     1.381542e+03
 * time: 325.62909984588623
    80     3.305313e+05     1.323648e+03
 * time: 329.80148005485535
    81     3.303727e+05     1.308370e+03
 * time: 333.94894194602966
    82     3.301903e+05     1.399286e+03
 * time: 338.0801799297333
    83     3.300487e+05     1.314345e+03
 * time: 342.1348478794098
    84     3.298907e+05     1.419934e+03
 * time: 346.3162109851837
    85     3.297430e+05     1.418817e+03
 * time: 350.5121359825134
    86     3.296045e+05     1.375202e+03
 * time: 354.6487638950348
    87     3.294493e+05     1.300440e+03
 * time: 358.7048439979553
    88     3.292956e+05     1.365745e+03
 * time: 362.810693025589
    89     3.291678e+05     1.412965e+03
 * time: 366.9337480068207
    90     3.290262e+05     1.483255e+03
 * time: 371.0119459629059
    91     3.288871e+05     1.411649e+03
 * time: 375.18675088882446
    92     3.287597e+05     1.464618e+03
 * time: 379.2968759536743
    93     3.286358e+05     1.446445e+03
 * time: 383.39995288848877
    94     3.285142e+05     1.439319e+03
 * time: 387.5945918560028
    95     3.283855e+05     1.382721e+03
 * time: 391.68688702583313
    96     3.282620e+05     1.443897e+03
 * time: 395.7785110473633
    97     3.281647e+05     1.391290e+03
 * time: 399.8858289718628
    98     3.280402e+05     1.400781e+03
 * time: 404.11264395713806
    99     3.279272e+05     1.338162e+03
 * time: 408.2489559650421
   100     3.278074e+05     1.294424e+03
 * time: 412.4029150009155
   101     3.276812e+05     1.206982e+03
 * time: 416.56786584854126
   102     3.276081e+05     1.113369e+03
 * time: 420.6954388618469
   103     3.274772e+05     9.815830e+02
 * time: 424.8391649723053
   104     3.273689e+05     8.578040e+02
 * time: 428.9616470336914
   105     3.272561e+05     7.188733e+02
 * time: 433.1316330432892
   106     3.271379e+05     6.052715e+02
 * time: 437.2922739982605
   107     3.270368e+05     4.920926e+02
 * time: 441.48565888404846
   108     3.269266e+05     3.879390e+02
 * time: 445.59506392478943
   109     3.268167e+05     3.034833e+02
 * time: 449.726243019104
   110     3.267148e+05     2.338858e+02
 * time: 453.85727190971375
   111     3.266159e+05     1.911418e+02
 * time: 457.95608496665955
   112     3.264796e+05     2.340535e+02
 * time: 462.0769009590149
   113     3.263750e+05     1.333843e+02
 * time: 466.2680869102478
   114     3.262744e+05     1.166941e+02
 * time: 470.4341070652008
   115     3.261793e+05     1.385325e+02
 * time: 474.51985907554626
   116     3.261460e+05     1.360021e+02
 * time: 478.60167503356934
   117     3.260994e+05     2.431192e+02
 * time: 482.77262806892395
   118     3.260907e+05     4.899869e+02
 * time: 486.9006679058075
   119     3.260818e+05     2.688016e+02
 * time: 492.0920150279999
Iter     Function value   Gradient norm 
     0     3.259502e+05     2.412437e+03
 * time: 1.3113021850585938e-5
     1     3.259319e+05     9.000468e+02
 * time: 130.74527096748352
     2     3.258799e+05     7.954874e+02
 * time: 252.88760113716125
     3     3.256339e+05     8.335471e+02
 * time: 371.97258496284485
     4     3.254796e+05     1.551211e+03
 * time: 491.57548213005066
     5     3.253762e+05     1.124629e+03
 * time: 610.462574005127
     6     3.252484e+05     2.090494e+03
 * time: 727.7995269298553
     7     3.249889e+05     1.831139e+03
 * time: 847.2408890724182
     8     3.248187e+05     1.345436e+03
 * time: 965.2203459739685
     9     3.246303e+05     1.192737e+03
 * time: 1083.0327849388123
    10     3.244479e+05     9.377442e+02
 * time: 1201.0722529888153
    11     3.242850e+05     7.624945e+02
 * time: 1318.9839680194855
    12     3.241211e+05     6.364415e+02
 * time: 1435.3127989768982
    13     3.239809e+05     5.601585e+02
 * time: 1552.519560098648
    14     3.238428e+05     5.674903e+02
 * time: 1669.3494040966034
    15     3.237034e+05     6.082161e+02
 * time: 1786.559905052185
    16     3.235656e+05     6.171259e+02
 * time: 1902.7423350811005
    17     3.234296e+05     6.426760e+02
 * time: 2019.1989030838013
    18     3.232966e+05     6.469404e+02
 * time: 2137.1260130405426
    19     3.231677e+05     6.772494e+02
 * time: 2255.5457479953766
    20     3.230413e+05     7.180851e+02
 * time: 2372.5462470054626
    21     3.229174e+05     7.587247e+02
 * time: 2488.495763063431
    22     3.228006e+05     7.958956e+02
 * time: 2604.1611909866333
    23     3.226860e+05     8.392553e+02
 * time: 2719.9790320396423
    24     3.225732e+05     8.360222e+02
 * time: 2836.4903819561005
    25     3.224630e+05     7.902445e+02
 * time: 2952.558984041214
    26     3.223532e+05     7.159085e+02
 * time: 3068.2588229179382
    27     3.222451e+05     6.700908e+02
 * time: 3183.6239919662476
    28     3.221419e+05     6.039047e+02
 * time: 3299.9792771339417
    29     3.220483e+05     4.993442e+02
 * time: 3415.608701944351
    30     3.219633e+05     4.659511e+02
 * time: 3530.811203956604
    31     3.218816e+05     5.071892e+02
 * time: 3646.814752101898
    32     3.218008e+05     4.803034e+02
 * time: 3763.5476500988007
    33     3.217194e+05     4.463571e+02
 * time: 3880.0482800006866
    34     3.216430e+05     6.390549e+02
 * time: 3995.899302005768
    35     3.215679e+05     4.570927e+02
 * time: 4112.514339923859
    36     3.214989e+05     2.691621e+02
 * time: 4228.653769016266
    37     3.214319e+05     2.369803e+02
 * time: 4345.330734968185
    38     3.213664e+05     3.914078e+02
 * time: 4461.302581071854
    39     3.213057e+05     3.634849e+02
 * time: 4577.306679010391
    40     3.212469e+05     3.830150e+02
 * time: 4692.626338005066
    41     3.211886e+05     4.360436e+02
 * time: 4807.220571041107
    42     3.211348e+05     5.070672e+02
 * time: 4922.631212949753
    43     3.210906e+05     5.732976e+02
 * time: 5038.350158929825
    44     3.210387e+05     5.945816e+02
 * time: 5155.012911081314
    45     3.209866e+05     5.591490e+02
 * time: 5270.532756090164
    46     3.209391e+05     5.056094e+02
 * time: 5386.990380048752
    47     3.208931e+05     6.375605e+02
 * time: 5503.281542062759
    48     3.208483e+05     7.055474e+02
 * time: 5620.6437220573425
    49     3.208046e+05     5.710357e+02
 * time: 5736.827888011932
    50     3.207635e+05     5.836938e+02
 * time: 5853.584043979645
    51     3.207193e+05     6.880318e+02
 * time: 5969.131381988525
    52     3.206779e+05     8.108917e+02
 * time: 6085.594242095947
    53     3.206373e+05     7.278422e+02
 * time: 6202.122421979904
    54     3.205976e+05     6.771318e+02
 * time: 6318.530257940292
    55     3.205586e+05     7.365542e+02
 * time: 6435.15745806694
    56     3.205188e+05     7.128648e+02
 * time: 6552.682445049286
    57     3.204798e+05     7.190566e+02
 * time: 6669.350834131241
    58     3.204433e+05     7.214561e+02
 * time: 6784.85969209671
    59     3.204117e+05     7.424567e+02
 * time: 6899.945161104202
    60     3.203776e+05     7.956661e+02
 * time: 7017.56884598732
    61     3.203463e+05     7.998996e+02
 * time: 7134.896577119827
    62     3.203191e+05     7.735705e+02
 * time: 7250.847543001175
    63     3.202907e+05     7.553374e+02
 * time: 7367.877984046936
    64     3.202591e+05     6.006776e+02
 * time: 7485.504890918732
    65     3.202295e+05     6.171080e+02
 * time: 7604.215788125992
    66     3.202047e+05     6.897180e+02
 * time: 7722.104453086853
    67     3.201793e+05     7.186364e+02
 * time: 7839.159974098206
    68     3.201561e+05     6.256170e+02
 * time: 7956.683984994888
    69     3.201323e+05     5.395148e+02
 * time: 8073.885653972626
    70     3.201116e+05     5.447828e+02
 * time: 8190.436790943146
    71     3.200886e+05     5.687666e+02
 * time: 8306.334753036499
    72     3.200678e+05     6.198475e+02
 * time: 8423.41983294487
    73     3.200471e+05     5.667613e+02
 * time: 8540.723786115646
    74     3.200277e+05     5.567771e+02
 * time: 8658.09284210205
    75     3.200091e+05     5.431277e+02
 * time: 8774.910525083542
    76     3.200023e+05     5.248718e+02
 * time: 8894.000721931458
    77     3.199848e+05     4.912771e+02
 * time: 9011.806093931198
    78     3.199692e+05     5.035637e+02
 * time: 9128.297665119171
    79     3.199529e+05     4.609649e+02
 * time: 9246.440581083298
    80     3.199372e+05     4.589384e+02
 * time: 9362.541839122772
    81     3.199231e+05     5.032439e+02
 * time: 9480.228647947311
    82     3.199085e+05     4.786184e+02
 * time: 9594.977694034576
    83     3.198953e+05     4.542192e+02
 * time: 9710.641194105148
    84     3.198840e+05     3.043915e+02
 * time: 9826.037979125977
    85     3.198736e+05     4.560960e+02
 * time: 9942.071059942245
    86     3.198636e+05     4.843904e+02
 * time: 10059.236047029495
    87     3.198527e+05     4.592703e+02
 * time: 10174.483935117722
    88     3.198441e+05     4.450407e+02
 * time: 10289.889153003693
    89     3.198366e+05     4.081193e+02
 * time: 10406.480144023895
    90     3.198292e+05     2.889534e+02
 * time: 10522.313884019852
    91     3.198217e+05     2.836075e+02
 * time: 10639.076028108597
    92     3.198147e+05     2.477861e+02
 * time: 10756.160385131836
    93     3.198081e+05     2.227849e+02
 * time: 10872.325383901596
    94     3.198007e+05     2.398644e+02
 * time: 10989.386820077896
    95     3.197940e+05     2.718922e+02
 * time: 11105.002650976181
    96     3.197889e+05     2.705415e+02
 * time: 11220.899415969849
    97     3.197851e+05     3.125946e+02
 * time: 11336.90120792389
    98     3.197812e+05     3.256579e+02
 * time: 11451.222916126251
    99     3.197773e+05     2.019758e+02
 * time: 11566.95646905899
   100     3.197741e+05     2.094004e+02
 * time: 11682.298986911774
   101     3.197708e+05     2.140467e+02
 * time: 11797.703825950623
   102     3.197686e+05     3.345004e+02
 * time: 11913.713527917862
   103     3.197660e+05     2.180121e+02
 * time: 12029.03799700737
   104     3.197637e+05     2.292025e+02
 * time: 12145.387990951538
   105     3.197626e+05     2.224460e+02
 * time: 12262.347559928894
   106     3.197611e+05     2.406875e+02
 * time: 12377.478863954544
   107     3.197605e+05     2.731609e+02
 * time: 12493.35754108429
   108     3.197603e+05     4.800549e+02
 * time: 12610.106066942215
   109     3.197602e+05     5.212725e+02
 * time: 12728.771795034409
   110     3.197597e+05     5.310974e+02
 * time: 12846.01111292839
   111     3.197590e+05     5.177839e+02
 * time: 12965.19671201706
   112     3.197573e+05     2.947230e+02
 * time: 13081.834438085556
   113     3.197567e+05     2.765768e+02
 * time: 13197.356457948685
   114     3.197559e+05     3.367921e+02
 * time: 13315.885334014893
   115     3.197551e+05     5.182821e+02
 * time: 13432.622009038925
   116     3.197544e+05     3.068363e+02
 * time: 13547.880019903183
   117     3.197536e+05     3.210911e+02
 * time: 13666.370526075363
   118     3.197531e+05     3.386473e+02
 * time: 13782.803240060806
   119     3.197528e+05     2.814479e+02
 * time: 13900.311502933502
   120     3.197525e+05     2.553918e+02
 * time: 14017.186084032059
   121     3.197523e+05     2.581172e+02
 * time: 14135.388294935226
   122     3.197522e+05     2.529900e+02
 * time: 14254.221080064774
   123     3.197522e+05     2.398519e+02
 * time: 14371.312937021255
   124     3.197521e+05     2.648495e+02
 * time: 14486.074105024338
   125     3.197521e+05     2.654738e+02
 * time: 14605.250849962234
   126     3.197521e+05     2.915218e+02
 * time: 14721.695506095886
   127     3.197521e+05     2.878428e+02
 * time: 14838.911921977997
   128     3.197518e+05     3.002341e+02
 * time: 14954.319222927094
   129     3.197517e+05     3.190869e+02
 * time: 15069.22986292839
   130     3.197516e+05     3.281064e+02
 * time: 15186.90158200264
   131     3.197514e+05     3.265379e+02
 * time: 15304.749763011932
   132     3.197512e+05     2.792765e+02
 * time: 15423.240620136261
   133     3.197503e+05     2.921949e+02
 * time: 15539.003717899323
   134     3.197495e+05     3.296752e+02
 * time: 15653.611038923264
   135     3.197483e+05     3.283771e+02
 * time: 15767.851238965988
   136     3.197472e+05     3.421238e+02
 * time: 15883.359966993332
   137     3.197459e+05     3.730051e+02
 * time: 15999.352518081665
   138     3.197447e+05     3.983965e+02
 * time: 16114.476031064987
   139     3.197432e+05     4.217025e+02
 * time: 16229.39820098877
   140     3.197416e+05     4.217898e+02
 * time: 16344.262172937393
   141     3.197402e+05     4.372439e+02
 * time: 16458.303869009018
   142     3.197388e+05     4.371673e+02
 * time: 16572.370543003082
   143     3.197371e+05     4.658680e+02
 * time: 16687.77751302719
   144     3.197358e+05     4.698602e+02
 * time: 16802.883188009262
   145     3.197346e+05     4.710413e+02
 * time: 16918.063959121704
   146     3.197334e+05     4.894913e+02
 * time: 17033.53292298317
   147     3.197320e+05     3.923590e+02
 * time: 17148.563471078873
   148     3.197307e+05     4.158443e+02
 * time: 17263.290790081024
   149     3.197290e+05     4.225366e+02
 * time: 17377.971384048462
   150     3.197281e+05     4.328015e+02
 * time: 17492.92690896988
   151     3.197266e+05     3.745855e+02
 * time: 17607.59982895851
   152     3.197255e+05     3.633528e+02
 * time: 17723.480443954468
   153     3.197243e+05     3.314469e+02
 * time: 17839.056870937347
   154     3.197232e+05     3.093155e+02
 * time: 17953.25734591484
   155     3.197220e+05     2.657062e+02
 * time: 18068.76818394661
   156     3.197212e+05     3.251543e+02
 * time: 18182.827549934387
   157     3.197204e+05     3.403716e+02
 * time: 18297.1942551136
   158     3.197200e+05     2.565323e+02
 * time: 18412.9803750515
   159     3.197197e+05     2.647606e+02
 * time: 18527.973870038986
   160     3.197194e+05     2.530203e+02
 * time: 18642.721488952637
   161     3.197192e+05     2.393400e+02
 * time: 18758.38415002823
   162     3.197191e+05     2.405224e+02
 * time: 18875.837150096893
   163     3.197182e+05     2.665796e+02
 * time: 18998.641210079193
   164     3.197179e+05     2.296911e+02
 * time: 19122.05070590973
   165     3.197176e+05     9.196597e+01
 * time: 19245.063117980957
   166     3.197172e+05     2.032358e+02
 * time: 19365.185598134995
   167     3.197166e+05     1.394474e+02
 * time: 19486.488074064255
   168     3.197165e+05     3.179769e+02
 * time: 19607.711861133575
   169     3.197160e+05     3.018510e+02
 * time: 19727.89960002899
   170     3.197153e+05     1.946555e+02
 * time: 19848.150068044662
   171     3.197150e+05     1.952128e+02
 * time: 19968.094392061234
   172     3.197144e+05     1.815475e+02
 * time: 20089.18063402176
   173     3.197140e+05     1.554272e+02
 * time: 20208.813715934753
   174     3.197135e+05     1.727568e+02
 * time: 20331.635735034943
   175     3.197125e+05     1.660662e+02
 * time: 20452.07363796234
   176     3.197121e+05     1.715451e+02
 * time: 20572.875914096832
   177     3.197114e+05     1.687668e+02
 * time: 20693.637893915176
   178     3.197111e+05     1.645791e+02
 * time: 20813.812348127365
   179     3.197108e+05     1.640047e+02
 * time: 20934.005861997604
   180     3.197108e+05     2.535215e+02
 * time: 21051.413024902344
   181     3.197106e+05     2.064686e+02
 * time: 21168.0006980896
   182     3.197096e+05     1.368625e+02
 * time: 21285.828598976135
   183     3.197086e+05     1.643228e+02
 * time: 21404.65583205223
   184     3.197076e+05     1.668356e+02
 * time: 21521.247101068497
   185     3.197045e+05     1.588083e+02
 * time: 21636.716121912003
   186     3.197036e+05     1.561373e+02
 * time: 21754.132817029953
   187     3.197027e+05     1.529930e+02
 * time: 21871.777756929398
   188     3.197018e+05     1.559582e+02
 * time: 21988.88912010193
   189     3.197002e+05     1.654198e+02
 * time: 22107.533776044846
   190     3.196989e+05     1.718434e+02
 * time: 22225.30027103424
   191     3.196979e+05     1.880595e+02
 * time: 22342.36959695816
   192     3.196964e+05     2.114433e+02
 * time: 22458.937699079514
   193     3.196956e+05     2.211531e+02
 * time: 22575.672960996628
   194     3.196947e+05     2.304768e+02
 * time: 22694.78419113159
   195     3.196937e+05     2.314155e+02
 * time: 22812.977733135223
   196     3.196932e+05     2.207039e+02
 * time: 22930.933346033096
   197     3.196927e+05     2.088456e+02
 * time: 23048.51705813408
   198     3.196921e+05     1.845120e+02
 * time: 23165.95958995819
   199     3.196907e+05     1.426699e+02
 * time: 23284.098998069763
   200     3.196878e+05     2.186628e+02
 * time: 23398.9362180233
   201     3.196867e+05     3.209909e+02
 * time: 23517.11178612709
   202     3.196857e+05     4.291974e+02
 * time: 23634.181036949158
   203     3.196852e+05     4.515244e+02
 * time: 23751.190485954285
   204     3.196840e+05     5.053142e+02
 * time: 23870.2579600811
   205     3.196832e+05     5.244948e+02
 * time: 23987.45357608795
   206     3.196816e+05     4.810004e+02
 * time: 24101.44040298462
   207     3.196809e+05     3.995605e+02
 * time: 24216.368917942047
   208     3.196796e+05     3.196660e+02
 * time: 24333.647967100143
   209     3.196767e+05     2.951599e+02
 * time: 24448.789669036865
   210     3.196737e+05     3.925405e+02
 * time: 24563.944962978363
   211     3.196717e+05     5.326860e+02
 * time: 24677.665690898895
   212     3.196700e+05     6.694258e+02
 * time: 24792.935246944427
   213     3.196672e+05     6.008800e+02
 * time: 24907.866353988647
   214     3.196649e+05     5.230674e+02
 * time: 25022.500015974045
   215     3.196629e+05     5.116780e+02
 * time: 25138.46598291397
   216     3.196625e+05     5.483015e+02
 * time: 25253.017427921295
   217     3.196616e+05     4.476358e+02
 * time: 25371.012871980667
   218     3.196552e+05     3.494687e+02
 * time: 25485.896747112274
   219     3.196541e+05     3.459771e+02
 * time: 25603.001384973526
   220     3.196514e+05     3.487363e+02
 * time: 25721.66075706482
   221     3.196494e+05     3.271892e+02
 * time: 25838.155774116516
   222     3.196459e+05     2.331030e+02
 * time: 25952.74568295479
   223     3.196446e+05     3.862023e+02
 * time: 26067.486073970795
   224     3.196436e+05     2.846570e+02
 * time: 26181.5055000782
   225     3.196417e+05     2.942189e+02
 * time: 26299.238786935806
   226     3.196414e+05     2.929881e+02
 * time: 26414.8679831028
   227     3.196400e+05     2.982011e+02
 * time: 26532.25981593132
   228     3.196387e+05     4.224196e+02
 * time: 26647.369816064835
   229     3.196363e+05     2.691089e+02
 * time: 26762.482000112534
   230     3.196347e+05     4.308158e+02
 * time: 26876.59591603279
   231     3.196340e+05     2.418519e+02
 * time: 26991.839067935944
   232     3.196326e+05     2.311583e+02
 * time: 27109.449985027313
   233     3.196313e+05     2.024606e+02
 * time: 27226.638509988785
   234     3.196308e+05     2.128528e+02
 * time: 27341.64139509201
   235     3.196291e+05     1.681177e+02
 * time: 27456.855731010437
   236     3.196274e+05     2.119832e+02
 * time: 27572.510951042175
   237     3.196259e+05     2.094222e+02
 * time: 27688.42397904396
   238     3.196240e+05     1.513127e+02
 * time: 27801.954029083252
   239     3.196220e+05     2.150917e+02
 * time: 27915.87289094925
   240     3.196214e+05     2.116776e+02
 * time: 28032.17528104782
   241     3.196193e+05     1.951739e+02
 * time: 28147.153127908707
   242     3.196177e+05     1.677606e+02
 * time: 28260.544497013092
   243     3.196162e+05     2.410711e+02
 * time: 28375.08779501915
   244     3.196150e+05     1.397512e+02
 * time: 28490.745500087738
   245     3.196138e+05     9.993047e+01
 * time: 28604.878607988358
   246     3.196128e+05     8.117483e+01
 * time: 28719.51290011406
   247     3.196120e+05     1.277385e+02
 * time: 28833.66909790039
   248     3.196113e+05     1.280305e+02
 * time: 28948.81494307518
   249     3.196108e+05     5.903079e+01
 * time: 29064.308457136154
   250     3.196102e+05     6.186353e+01
 * time: 29180.642359018326
   251     3.196100e+05     1.427600e+02
 * time: 29298.09854912758
   252     3.196095e+05     1.408921e+02
 * time: 29413.400593996048
   253     3.196092e+05     1.366326e+02
 * time: 29527.800360918045
   254     3.196088e+05     2.692441e+02
 * time: 29641.48404598236
   255     3.196082e+05     1.342484e+02
 * time: 29756.589673042297
   256     3.196076e+05     1.698185e+02
 * time: 29870.885740041733
   257     3.196070e+05     1.383591e+02
 * time: 29986.248794078827
   258     3.196064e+05     2.834654e+02
 * time: 30101.600853919983
   259     3.196058e+05     2.004120e+02
 * time: 30216.717432022095
   260     3.196055e+05     2.776525e+02
 * time: 30332.203993082047
   261     3.196053e+05     1.421977e+02
 * time: 30447.50751709938
   262     3.196048e+05     2.217214e+02
 * time: 30562.9300429821
   263     3.196045e+05     1.751819e+02
 * time: 30676.29048013687
   264     3.196042e+05     2.378843e+02
 * time: 30790.54580807686
   265     3.196040e+05     3.795229e+02
 * time: 30903.853437900543
   266     3.196036e+05     2.254728e+02
 * time: 31018.16718196869
   267     3.196030e+05     1.643328e+02
 * time: 31133.30158495903
   268     3.196027e+05     1.899293e+02
 * time: 31247.190623044968
   269     3.196024e+05     1.960870e+02
 * time: 31361.76478290558
   270     3.196021e+05     6.990072e+01
 * time: 31475.750096082687
   271     3.196018e+05     1.023528e+02
 * time: 31590.13594508171
   272     3.196015e+05     1.394949e+02
 * time: 31704.947391033173
   273     3.196012e+05     1.691620e+02
 * time: 31819.924591064453
   274     3.196012e+05     1.635376e+02
 * time: 31938.031887054443
   275     3.196011e+05     1.491648e+02
 * time: 32062.931231975555
   276     3.196011e+05     6.107201e+01
 * time: 32188.919286966324
┌ Warning: CI computation failed.
└ @ pulse_input_DDM ~/Projects/pulse_input_DDM.jl/src/neural_model/wrapper_functions.jl:78
32315.570110 seconds (5.39 G allocations: 828.284 GiB, 0.97% gc time)
17976.954656 seconds (808.94 M allocations: 186.533 GiB, 1.37% gc time)
