Iter     Function value   Gradient norm 
     0     3.672026e+04     4.607122e+02
 * time: 1.3113021850585938e-5
     1     3.608327e+04     1.935906e+02
 * time: 4.7409539222717285
     2     3.567812e+04     1.193108e+02
 * time: 6.798656940460205
     3     3.544644e+04     1.332800e+02
 * time: 8.887164115905762
     4     3.525735e+04     1.616908e+02
 * time: 10.89021897315979
     5     3.507882e+04     1.462807e+02
 * time: 12.980622053146362
     6     3.491702e+04     1.160891e+02
 * time: 14.994904041290283
     7     3.476938e+04     2.335844e+02
 * time: 17.02607798576355
     8     3.461488e+04     2.709867e+02
 * time: 19.012223958969116
     9     3.448335e+04     2.655337e+02
 * time: 21.0584979057312
    10     3.437637e+04     2.482235e+02
 * time: 23.060007095336914
    11     3.428387e+04     2.652257e+02
 * time: 25.10897397994995
    12     3.421845e+04     4.111012e+02
 * time: 27.135366916656494
    13     3.413540e+04     3.914215e+02
 * time: 29.11115598678589
    14     3.405167e+04     3.597079e+02
 * time: 31.15797996520996
    15     3.397211e+04     3.006339e+02
 * time: 33.18289399147034
    16     3.390184e+04     3.305263e+02
 * time: 35.29038405418396
    17     3.383389e+04     1.825352e+02
 * time: 37.372215032577515
    18     3.376609e+04     2.362587e+02
 * time: 39.440881967544556
    19     3.372320e+04     1.568598e+02
 * time: 41.51031994819641
    20     3.367607e+04     1.820553e+02
 * time: 43.565232038497925
    21     3.363004e+04     1.149984e+02
 * time: 45.62027406692505
    22     3.359047e+04     6.833386e+01
 * time: 47.67074990272522
    23     3.356909e+04     1.694105e+02
 * time: 49.74426889419556
    24     3.353215e+04     1.639803e+02
 * time: 51.82879090309143
    25     3.349971e+04     1.978661e+02
 * time: 53.85244393348694
    26     3.347122e+04     2.052152e+02
 * time: 55.94591498374939
    27     3.344653e+04     1.590702e+02
 * time: 57.980485916137695
    28     3.343550e+04     1.853025e+02
 * time: 60.09228706359863
    29     3.341924e+04     4.124611e+01
 * time: 62.1430389881134
    30     3.340188e+04     1.231752e+02
 * time: 64.17279410362244
    31     3.338809e+04     2.731564e+02
 * time: 66.35820007324219
    32     3.338531e+04     8.811078e+01
 * time: 68.41424202919006
    33     3.336976e+04     6.576776e+01
 * time: 70.42193508148193
    34     3.335951e+04     4.969743e+01
 * time: 72.50617909431458
    35     3.335619e+04     1.050905e+02
 * time: 74.63348507881165
    36     3.334898e+04     8.525833e+01
 * time: 76.63759708404541
    37     3.334004e+04     1.219277e+02
 * time: 79.21663308143616
    38     3.333994e+04     1.504349e+02
 * time: 81.51115298271179
    39     3.333970e+04     8.343565e+01
 * time: 83.68445611000061
    40     3.334459e+04     8.343565e+01
 * time: 88.33085608482361
Iter     Function value   Gradient norm 
     0     3.332901e+04     1.267026e+02
 * time: 2.5987625122070312e-5
     1     3.332792e+04     5.972153e+01
 * time: 53.62439489364624
     2     3.332786e+04     8.081914e+01
 * time: 104.06491088867188
     3     3.332782e+04     6.924319e+01
 * time: 152.608806848526
     4     3.332151e+04     9.362021e+01
 * time: 200.28648591041565
     5     3.331132e+04     2.329680e+02
 * time: 246.32170701026917
     6     3.329342e+04     2.535031e+02
 * time: 290.7015149593353
     7     3.327473e+04     2.715083e+02
 * time: 334.44898104667664
     8     3.325671e+04     3.228122e+02
 * time: 378.50354504585266
     9     3.324274e+04     3.647199e+02
 * time: 421.63424491882324
    10     3.322953e+04     3.460803e+02
 * time: 464.8087668418884
    11     3.322463e+04     2.944796e+02
 * time: 507.97717905044556
    12     3.321528e+04     4.019712e+02
 * time: 551.2692930698395
    13     3.320550e+04     5.188524e+02
 * time: 594.5383560657501
    14     3.320069e+04     5.848765e+02
 * time: 638.1350169181824
    15     3.319678e+04     5.072483e+02
 * time: 681.8749208450317
    16     3.319069e+04     2.861156e+02
 * time: 725.5449249744415
    17     3.318306e+04     1.587756e+02
 * time: 768.3279168605804
    18     3.318020e+04     9.894957e+01
 * time: 813.4371268749237
    19     3.317839e+04     7.536426e+01
 * time: 858.0151069164276
    20     3.317364e+04     6.135030e+01
 * time: 901.2492470741272
    21     3.317246e+04     1.295474e+02
 * time: 944.8737549781799
    22     3.317168e+04     1.126179e+02
 * time: 988.0284359455109
    23     3.316987e+04     9.524437e+01
 * time: 1032.6978750228882
    24     3.316881e+04     7.502782e+01
 * time: 1077.9565658569336
    25     3.316421e+04     5.393788e+01
 * time: 1120.9712488651276
    26     3.316281e+04     6.112663e+01
 * time: 1164.7639329433441
    27     3.316031e+04     8.590603e+01
 * time: 1207.2618849277496
    28     3.315895e+04     3.307656e+02
 * time: 1249.1153149604797
    29     3.315701e+04     2.452772e+02
 * time: 1291.7369430065155
    30     3.315544e+04     1.406549e+02
 * time: 1333.826959848404
    31     3.315307e+04     1.544573e+02
 * time: 1375.8554859161377
    32     3.315049e+04     5.910040e+01
 * time: 1418.1583468914032
    33     3.314934e+04     9.267848e+01
 * time: 1462.0463149547577
    34     3.314654e+04     8.159281e+01
 * time: 1503.706580877304
    35     3.314457e+04     6.044814e+01
 * time: 1545.1736030578613
    36     3.314388e+04     5.803913e+01
 * time: 1587.1160509586334
    37     3.314305e+04     2.693282e+01
 * time: 1627.993439912796
    38     3.314069e+04     1.956468e+01
 * time: 1668.913668870926
    39     3.314025e+04     2.730537e+01
 * time: 1711.1619129180908
    40     3.313898e+04     1.315651e+01
 * time: 1752.0378160476685
    41     3.313862e+04     1.187639e+02
 * time: 1793.1838760375977
    42     3.313830e+04     7.027013e+01
 * time: 1836.0892670154572
    43     3.313784e+04     3.170451e+01
 * time: 1878.1658718585968
    44     3.313748e+04     6.961007e+01
 * time: 1920.0536420345306
    45     3.313710e+04     3.144951e+01
 * time: 1961.6957550048828
    46     3.313649e+04     2.641804e+01
 * time: 2001.934399843216
    47     3.313583e+04     1.739984e+01
 * time: 2042.3451459407806
    48     3.313537e+04     1.770661e+01
 * time: 2082.784821987152
    49     3.313534e+04     2.504598e+01
 * time: 2123.208317041397
    50     3.313468e+04     6.593526e+01
 * time: 2164.2999079227448
    51     3.313441e+04     7.242950e+01
 * time: 2205.966106891632
    52     3.313415e+04     6.485361e+01
 * time: 2248.050372838974
    53     3.313392e+04     5.192118e+01
 * time: 2290.0102660655975
    54     3.313363e+04     2.417935e+01
 * time: 2331.934331893921
    55     3.313352e+04     1.663598e+01
 * time: 2373.8151988983154
    56     3.313321e+04     1.794527e+01
 * time: 2414.257598876953
    57     3.313314e+04     1.678519e+01
 * time: 2455.7236008644104
    58     3.313306e+04     1.531736e+01
 * time: 2498.0605750083923
    59     3.313287e+04     7.130552e+00
 * time: 2540.522686958313
    60     3.313275e+04     6.851779e+00
 * time: 2582.238955974579
    61     3.313265e+04     6.060364e+00
 * time: 2624.322937965393
    62     3.313254e+04     1.181948e+01
 * time: 2666.7232069969177
    63     3.313241e+04     8.749657e+00
 * time: 2709.292726993561
    64     3.313227e+04     1.866511e+01
 * time: 2750.2874009609222
    65     3.313227e+04     1.356883e+01
 * time: 2791.175101995468
    66     3.313203e+04     6.920775e+00
 * time: 2833.5976569652557
    67     3.313194e+04     3.011275e+01
 * time: 2874.2529199123383
    68     3.313166e+04     1.682425e+01
 * time: 2917.0929250717163
    69     3.313148e+04     4.397323e+00
 * time: 2959.6217789649963
    70     3.313141e+04     5.516616e+00
 * time: 3001.6292259693146
    71     3.313138e+04     5.981583e+00
 * time: 3042.724014043808
    72     3.313132e+04     6.558140e+00
 * time: 3083.2564449310303
    73     3.313131e+04     2.065850e+01
 * time: 3122.46128988266
    74     3.313125e+04     9.628481e+00
 * time: 3161.6438319683075
    75     3.313121e+04     1.081212e+01
 * time: 3200.7252950668335
    76     3.313116e+04     5.218992e+00
 * time: 3239.812110900879
    77     3.313110e+04     5.495114e+00
 * time: 3280.0394999980927
    78     3.313103e+04     6.160476e+00
 * time: 3319.097648859024
    79     3.313100e+04     9.222818e+00
 * time: 3358.490714073181
    80     3.313095e+04     8.621422e+00
 * time: 3398.100219964981
    81     3.313089e+04     1.084995e+01
 * time: 3437.7529649734497
    82     3.313083e+04     9.739085e+00
 * time: 3477.634099006653
    83     3.313075e+04     1.272725e+01
 * time: 3517.4223890304565
    84     3.313070e+04     1.426038e+01
 * time: 3556.972184896469
    85     3.313063e+04     6.255887e+00
 * time: 3596.4971630573273
    86     3.313055e+04     5.280659e+00
 * time: 3635.86478805542
    87     3.313047e+04     1.127670e+01
 * time: 3675.2193610668182
    88     3.313040e+04     7.679592e+00
 * time: 3715.2163569927216
    89     3.313035e+04     8.184288e+00
 * time: 3754.752049922943
    90     3.313028e+04     9.824206e+00
 * time: 3794.0528650283813
    91     3.313026e+04     1.367001e+01
 * time: 3833.582695007324
    92     3.313017e+04     5.889042e+00
 * time: 3873.0891029834747
    93     3.313015e+04     4.472733e+00
 * time: 3912.120892047882
    94     3.313012e+04     6.715331e+00
 * time: 3950.9389929771423
    95     3.313006e+04     4.944812e+00
 * time: 3990.1696660518646
    96     3.313000e+04     2.392025e+00
 * time: 4029.398488998413
    97     3.312995e+04     3.140114e+00
 * time: 4068.5192399024963
    98     3.312993e+04     6.844254e+00
 * time: 4108.103744029999
    99     3.312992e+04     7.510244e+00
 * time: 4147.5061230659485
   100     3.312987e+04     2.375098e+00
 * time: 4187.137009859085
   101     3.312986e+04     1.045236e+00
 * time: 4226.661928892136
   102     3.312984e+04     4.346522e+00
 * time: 4265.952986001968
   103     3.312982e+04     4.509760e+00
 * time: 4305.246335983276
   104     3.312980e+04     2.515321e+00
 * time: 4344.102130889893
   105     3.312979e+04     1.830205e+00
 * time: 4383.174723863602
   106     3.312978e+04     2.480650e+00
 * time: 4421.694000959396
   107     3.312977e+04     8.763615e-01
 * time: 4460.460927963257
   108     3.312977e+04     9.143239e-01
 * time: 4499.364698886871
   109     3.312976e+04     7.460808e-01
 * time: 4537.956328868866
   110     3.312976e+04     6.148061e-01
 * time: 4577.059532880783
   111     3.312976e+04     4.087726e-01
 * time: 4616.277518987656
   112     3.312975e+04     3.446270e-01
 * time: 4655.651250839233
   113     3.312975e+04     5.901935e-01
 * time: 4694.8101489543915
   114     3.312975e+04     4.187729e-01
 * time: 4734.2370429039
   115     3.312975e+04     2.642570e-01
 * time: 4774.11062002182
   116     3.312975e+04     3.024471e-01
 * time: 4815.611968040466
   117     3.312975e+04     3.236809e-01
 * time: 4858.715317964554
   118     3.312975e+04     4.800934e-01
 * time: 4898.50933098793
   119     3.312975e+04     4.995564e-01
 * time: 4938.624601840973
   120     3.312974e+04     4.363613e-01
 * time: 4978.654698848724
   121     3.312974e+04     3.509836e-01
 * time: 5018.457768917084
   122     3.312974e+04     3.821657e-01
 * time: 5058.106741905212
   123     3.312974e+04     3.261413e-01
 * time: 5098.20539689064
   124     3.312974e+04     7.599346e-01
 * time: 5137.725187063217
   125     3.312973e+04     5.928287e-01
 * time: 5177.80575299263
   126     3.312973e+04     3.383056e-01
 * time: 5217.562752962112
   127     3.312973e+04     4.783316e-01
 * time: 5257.754233837128
   128     3.312973e+04     3.898100e-01
 * time: 5297.5784249305725
   129     3.312973e+04     1.946481e-01
 * time: 5337.295336008072
   130     3.312973e+04     1.849660e-01
 * time: 5377.329925060272
   131     3.312973e+04     3.592886e-01
 * time: 5417.316076993942
   132     3.312973e+04     4.820573e-01
 * time: 5457.417407989502
   133     3.312973e+04     4.224306e-01
 * time: 5497.759553909302
   134     3.312973e+04     2.903879e-01
 * time: 5537.203697919846
   135     3.312972e+04     2.735018e-01
 * time: 5577.340232849121
   136     3.312972e+04     1.975501e-01
 * time: 5617.0122590065
   137     3.312972e+04     1.568972e-01
 * time: 5656.872154951096
   138     3.312972e+04     1.611892e-01
 * time: 5697.113671064377
   139     3.312972e+04     1.261053e-01
 * time: 5737.425094842911
   140     3.312972e+04     1.866431e-01
 * time: 5777.617380857468
   141     3.312972e+04     2.664881e-01
 * time: 5817.216162919998
   142     3.312972e+04     3.151013e-01
 * time: 5856.588454961777
   143     3.312972e+04     3.140064e-01
 * time: 5896.323987007141
   144     3.312972e+04     2.526066e-01
 * time: 5936.416905879974
   145     3.312972e+04     2.006423e-01
 * time: 5976.286015987396
   146     3.312972e+04     2.083231e-01
 * time: 6016.0599360466
   147     3.312971e+04     2.050126e-01
 * time: 6055.521232843399
   148     3.312971e+04     3.446372e-01
 * time: 6095.24148106575
   149     3.312971e+04     4.810933e-01
 * time: 6135.065984010696
   150     3.312971e+04     3.845712e-01
 * time: 6175.08074593544
   151     3.312971e+04     4.900271e-01
 * time: 6215.249990940094
   152     3.312971e+04     3.171635e-01
 * time: 6255.568542003632
   153     3.312971e+04     3.478836e-01
 * time: 6295.2627210617065
   154     3.312971e+04     2.069486e-01
 * time: 6335.405967950821
   155     3.312971e+04     4.564556e-01
 * time: 6375.331533908844
   156     3.312971e+04     1.450071e-01
 * time: 6414.811172962189
   157     3.312970e+04     7.315030e-01
 * time: 6454.356369972229
   158     3.312970e+04     2.152011e-01
 * time: 6494.221747875214
   159     3.312970e+04     3.705563e-01
 * time: 6534.093122959137
   160     3.312969e+04     4.877767e-01
 * time: 6574.014355897903
   161     3.312969e+04     1.444014e+00
 * time: 6614.078079938889
   162     3.312969e+04     2.780733e-01
 * time: 6653.703090906143
   163     3.312968e+04     8.985120e-01
 * time: 6693.54856300354
   164     3.312968e+04     2.211155e+00
 * time: 6732.721341848373
   165     3.312968e+04     2.007879e+00
 * time: 6772.583626031876
   166     3.312967e+04     3.435208e+00
 * time: 6812.844629049301
   167     3.312967e+04     2.878371e+00
 * time: 6853.41649389267
   168     3.312966e+04     3.729711e+00
 * time: 6893.927167892456
   169     3.312966e+04     2.502171e+00
 * time: 6934.4068150520325
   170     3.312966e+04     2.494747e+00
 * time: 6974.461995840073
   171     3.312965e+04     3.733069e+00
 * time: 7015.012171030045
   172     3.312964e+04     1.182020e+00
 * time: 7055.070776939392
   173     3.312964e+04     6.877349e+00
 * time: 7095.239572048187
   174     3.312963e+04     9.838622e+00
 * time: 7135.528502941132
   175     3.312962e+04     2.758358e+00
 * time: 7175.284559965134
   176     3.312961e+04     6.878422e+00
 * time: 7214.864851951599
   177     3.312960e+04     2.209932e+01
 * time: 7254.627624034882
   178     3.312957e+04     2.745305e+01
 * time: 7294.859366893768
   179     3.312952e+04     2.828729e+01
 * time: 7334.5763058662415
   180     3.312949e+04     1.693968e+01
 * time: 7379.067716836929
   181     3.312947e+04     5.055709e+00
 * time: 7423.590891838074
   182     3.312945e+04     4.266222e+00
 * time: 7468.097116947174
   183     3.312945e+04     1.287142e+00
 * time: 7512.528347969055
   184     3.312945e+04     2.171846e+00
 * time: 7556.722005844116
   185     3.312944e+04     3.727023e+00
 * time: 7599.816650867462
   186     3.312944e+04     1.947742e+00
 * time: 7643.988157987595
   187     3.312943e+04     2.075765e+00
 * time: 7687.232549905777
   188     3.312942e+04     1.989672e+00
 * time: 7729.7040939331055
   189     3.312941e+04     1.944120e+00
 * time: 7772.559713840485
   190     3.312940e+04     1.890163e+00
 * time: 7815.459483861923
   191     3.312939e+04     1.839500e+00
 * time: 7858.535511016846
   192     3.312938e+04     1.753138e+00
 * time: 7901.272003889084
   193     3.312938e+04     2.976091e+00
 * time: 7944.356469869614
   194     3.312937e+04     4.969542e+00
 * time: 7987.617231845856
   195     3.312936e+04     6.970229e+00
 * time: 8030.463237047195
   196     3.312936e+04     8.605032e+00
 * time: 8073.421715974808
   197     3.312935e+04     1.055536e+01
 * time: 8116.31595993042
   198     3.312932e+04     1.607310e+01
 * time: 8157.728245973587
   199     3.312930e+04     1.996016e+01
 * time: 8199.37414598465
   200     3.312928e+04     2.191647e+01
 * time: 8241.214807033539
   201     3.312926e+04     2.005760e+01
 * time: 8283.31336903572
   202     3.312923e+04     2.213419e+01
 * time: 8325.442896842957
   203     3.312920e+04     3.430532e+01
 * time: 8367.305100917816
   204     3.312920e+04     3.868082e+01
 * time: 8410.63362288475
   205     3.312917e+04     4.847328e+01
 * time: 8452.289540052414
   206     3.312915e+04     6.195582e+01
 * time: 8493.448313951492
   207     3.312912e+04     7.425911e+01
 * time: 8534.713073968887
   208     3.312905e+04     7.509179e+01
 * time: 8576.053766965866
   209     3.312892e+04     6.246145e+01
 * time: 8618.07975101471
   210     3.312886e+04     5.239206e+01
 * time: 8659.373077869415
   211     3.312883e+04     4.784745e+01
 * time: 8700.719534873962
   212     3.312877e+04     2.120926e+01
 * time: 8742.331533908844
   213     3.312869e+04     1.124041e+01
 * time: 8783.4584338665
   214     3.312863e+04     1.709568e+01
 * time: 8824.451002836227
   215     3.312857e+04     2.430385e+01
 * time: 8865.581097841263
   216     3.312855e+04     1.577646e+01
 * time: 8906.995161056519
   217     3.312853e+04     2.020712e+01
 * time: 8948.436708927155
   218     3.312851e+04     1.565313e+01
 * time: 8990.191154956818
   219     3.312849e+04     6.493097e+00
 * time: 9031.818773984909
   220     3.312847e+04     2.683297e+00
 * time: 9073.12842798233
   221     3.312846e+04     2.483912e+00
 * time: 9114.673138856888
   222     3.312845e+04     1.689936e+00
 * time: 9156.755014896393
   223     3.312845e+04     2.408635e+00
 * time: 9197.215147972107
   224     3.312844e+04     3.934599e+00
 * time: 9237.769816875458
   225     3.312844e+04     1.008559e+01
 * time: 9278.271288871765
   226     3.312843e+04     9.871908e-01
 * time: 9318.916996002197
   227     3.312843e+04     6.056771e+00
 * time: 9361.23895907402
   228     3.312841e+04     2.119317e+00
 * time: 9402.22219491005
   229     3.312841e+04     1.217512e+01
 * time: 9442.95141005516
   230     3.312839e+04     2.806615e+00
 * time: 9483.327923059464
   231     3.312839e+04     5.226368e+00
 * time: 9523.446115970612
   232     3.312838e+04     2.892607e+00
 * time: 9563.651041030884
   233     3.312837e+04     5.150736e+00
 * time: 9603.907305002213
   234     3.312837e+04     5.127470e+00
 * time: 9644.004484891891
   235     3.312836e+04     2.767732e+00
 * time: 9684.38832783699
   236     3.312835e+04     1.350049e+00
 * time: 9725.986202955246
   237     3.312835e+04     2.336255e+00
 * time: 9765.565737009048
   238     3.312835e+04     1.910268e+00
 * time: 9805.317865848541
   239     3.312835e+04     1.402860e+00
 * time: 9845.621125936508
   240     3.312834e+04     1.542997e+00
 * time: 9885.81665301323
   241     3.312834e+04     1.297992e+00
 * time: 9926.088208913803
   242     3.312834e+04     1.575427e+00
 * time: 9966.565567970276
   243     3.312834e+04     6.654290e-01
 * time: 10007.251742839813
   244     3.312834e+04     1.585600e+00
 * time: 10047.857497930527
   245     3.312834e+04     1.740960e+00
 * time: 10088.40153503418
   246     3.312834e+04     8.851548e-01
 * time: 10128.526409864426
   247     3.312834e+04     6.062628e-01
 * time: 10169.623605966568
   248     3.312834e+04     6.040478e-01
 * time: 10210.238276004791
   249     3.312834e+04     1.163990e+00
 * time: 10250.586745023727
   250     3.312834e+04     1.115905e+00
 * time: 10291.25645685196
   251     3.312834e+04     1.396205e+00
 * time: 10332.08831501007
   252     3.312833e+04     1.200152e+00
 * time: 10372.968453884125
   253     3.312833e+04     1.820282e+00
 * time: 10414.155376911163
   254     3.312833e+04     1.477660e+00
 * time: 10454.602156877518
   255     3.312833e+04     3.287892e+00
 * time: 10495.054347991943
   256     3.312833e+04     4.020468e+00
 * time: 10535.559905052185
   257     3.312833e+04     2.014059e+00
 * time: 10575.868130922318
   258     3.312832e+04     3.069676e+00
 * time: 10615.380960941315
   259     3.312832e+04     4.195835e+00
 * time: 10655.26482796669
   260     3.312832e+04     3.947146e+00
 * time: 10696.704341888428
   261     3.312832e+04     3.875796e+00
 * time: 10738.45576286316
   262     3.312832e+04     3.755841e+00
 * time: 10781.587806940079
   263     3.312832e+04     3.181863e+00
 * time: 10823.34066104889
   264     3.312832e+04     3.173688e+00
 * time: 10868.170109033585
10922.533924 seconds (3.61 G allocations: 469.418 GiB, 2.28% gc time)
4899.549611 seconds (314.78 M allocations: 54.698 GiB, 2.06% gc time)
