orig nsessions: 32 
orig N_per_sess: [1, 1, 1, 1, 1, 1, 1, 2, 1, 1, 1, 1, 1, 1, 2, 2, 2, 1, 3, 4, 4, 4, 5, 2, 2, 1, 1, 2, 2, 1, 1, 1] 
new nsessions: 10 
new N_per_sess: [1, 1, 2, 1, 1, 2, 1, 1, 1, 1] 
Iter     Function value   Gradient norm 
     0     7.467581e+04     7.107838e+02
 * time: 7.867813110351562e-6
     1     7.378735e+04     2.779372e+02
 * time: 3.7741739749908447
     2     7.325987e+04     1.692732e+02
 * time: 4.9746479988098145
     3     7.299135e+04     1.796149e+02
 * time: 6.149340867996216
     4     7.274234e+04     1.918538e+02
 * time: 7.337327003479004
     5     7.248817e+04     1.913296e+02
 * time: 8.51662802696228
     6     7.224692e+04     1.778090e+02
 * time: 9.73634386062622
     7     7.201312e+04     1.761837e+02
 * time: 10.913339853286743
     8     7.178327e+04     2.155235e+02
 * time: 12.099699974060059
     9     7.155431e+04     3.011682e+02
 * time: 13.286890983581543
    10     7.133992e+04     1.714964e+02
 * time: 14.499305963516235
    11     7.113821e+04     1.437500e+02
 * time: 15.67049789428711
    12     7.094166e+04     1.885811e+02
 * time: 16.847293853759766
    13     7.077174e+04     1.508778e+02
 * time: 18.038837909698486
    14     7.060723e+04     3.385340e+02
 * time: 19.22799301147461
    15     7.044546e+04     2.661765e+02
 * time: 20.418298959732056
    16     7.029106e+04     3.697390e+02
 * time: 21.635406017303467
    17     7.013634e+04     3.658685e+02
 * time: 22.850157976150513
    18     6.999149e+04     2.915444e+02
 * time: 24.041369915008545
    19     6.984269e+04     2.561618e+02
 * time: 25.248746871948242
    20     6.970053e+04     2.152362e+02
 * time: 26.44604802131653
    21     6.958465e+04     2.393812e+02
 * time: 27.66264295578003
    22     6.947670e+04     2.511431e+02
 * time: 28.87093496322632
    23     6.937347e+04     2.707728e+02
 * time: 30.079699993133545
    24     6.926319e+04     2.092116e+02
 * time: 31.28096890449524
    25     6.916632e+04     2.526407e+02
 * time: 32.53967595100403
    26     6.906499e+04     2.191423e+02
 * time: 33.728317975997925
    27     6.897138e+04     2.412813e+02
 * time: 34.97032594680786
    28     6.887090e+04     1.646388e+02
 * time: 36.18198299407959
    29     6.879785e+04     1.513202e+02
 * time: 37.429991006851196
    30     6.872596e+04     1.760893e+02
 * time: 38.621829986572266
    31     6.864433e+04     1.717086e+02
 * time: 39.90595984458923
    32     6.857831e+04     1.772950e+02
 * time: 41.0957088470459
    33     6.851016e+04     1.827218e+02
 * time: 42.29309391975403
    34     6.843998e+04     2.109253e+02
 * time: 43.508131980895996
    35     6.837553e+04     2.095660e+02
 * time: 44.724180936813354
    36     6.831217e+04     1.731639e+02
 * time: 45.916589975357056
    37     6.824546e+04     1.851996e+02
 * time: 47.15195083618164
    38     6.818947e+04     1.584732e+02
 * time: 48.38036489486694
    39     6.812993e+04     1.247676e+02
 * time: 49.64654088020325
    40     6.807112e+04     1.448580e+02
 * time: 50.84331297874451
    41     6.802227e+04     1.516456e+02
 * time: 52.028817892074585
    42     6.796377e+04     1.199184e+02
 * time: 53.225672006607056
    43     6.791239e+04     1.483239e+02
 * time: 54.42006182670593
    44     6.786242e+04     1.209686e+02
 * time: 55.62152099609375
    45     6.781488e+04     1.378575e+02
 * time: 56.83386182785034
    46     6.776785e+04     1.234366e+02
 * time: 58.048075914382935
    47     6.772314e+04     1.086463e+02
 * time: 59.284690856933594
    48     6.768703e+04     1.294021e+02
 * time: 60.4794340133667
    49     6.764995e+04     1.362720e+02
 * time: 61.698091983795166
    50     6.762154e+04     1.375581e+02
 * time: 62.90404796600342
    51     6.758314e+04     1.305905e+02
 * time: 64.16162586212158
    52     6.756425e+04     1.227802e+02
 * time: 65.38380789756775
    53     6.753373e+04     1.191721e+02
 * time: 66.57172584533691
    54     6.750739e+04     1.792060e+02
 * time: 67.75428700447083
    55     6.748032e+04     1.106122e+02
 * time: 68.94132781028748
    56     6.744929e+04     1.089604e+02
 * time: 70.1372799873352
    57     6.741923e+04     1.097000e+02
 * time: 71.36025595664978
    58     6.738570e+04     1.213818e+02
 * time: 72.58016586303711
    59     6.736965e+04     1.183394e+02
 * time: 73.76891303062439
    60     6.734228e+04     1.306730e+02
 * time: 74.96015000343323
    61     6.732067e+04     7.399854e+01
 * time: 76.14655184745789
    62     6.729331e+04     1.111546e+02
 * time: 77.37409687042236
    63     6.726282e+04     1.136697e+02
 * time: 78.56681203842163
    64     6.724105e+04     5.821310e+01
 * time: 79.78380799293518
    65     6.721897e+04     9.360168e+01
 * time: 80.96645498275757
    66     6.720978e+04     5.386026e+01
 * time: 82.15843081474304
    67     6.719037e+04     1.124930e+02
 * time: 83.34473991394043
    68     6.717201e+04     5.248614e+01
 * time: 84.55069398880005
    69     6.716553e+04     5.875765e+01
 * time: 85.75222301483154
    70     6.715037e+04     1.138341e+02
 * time: 87.01432490348816
    71     6.714121e+04     6.194586e+01
 * time: 88.27342200279236
    72     6.713220e+04     9.460672e+01
 * time: 89.48065090179443
    73     6.712855e+04     4.261814e+01
 * time: 91.06412386894226
    74     6.712590e+04     7.836921e+01
 * time: 92.31747198104858
    75     6.711831e+04     7.369066e+01
 * time: 93.52345395088196
    76     6.710900e+04     5.598653e+01
 * time: 95.22979283332825
    77     6.712518e+04     5.598653e+01
 * time: 98.694011926651
Iter     Function value   Gradient norm 
     0     6.706686e+04     6.096789e+02
 * time: 5.9604644775390625e-6
     1     6.705453e+04     8.143009e+02
 * time: 24.801084995269775
     2     6.704559e+04     2.523472e+02
 * time: 46.02838897705078
     3     6.704280e+04     2.597951e+02
 * time: 67.2529239654541
     4     6.704004e+04     5.621186e+02
 * time: 87.27702689170837
     5     6.703226e+04     4.644136e+02
 * time: 107.34085893630981
     6     6.702441e+04     4.238589e+02
 * time: 127.34943294525146
     7     6.702039e+04     4.402126e+02
 * time: 147.1417601108551
     8     6.699508e+04     5.615009e+02
 * time: 166.0495309829712
     9     6.696604e+04     5.454226e+02
 * time: 184.7927770614624
    10     6.693230e+04     6.100161e+02
 * time: 203.51320600509644
    11     6.689642e+04     6.501628e+02
 * time: 222.1716969013214
    12     6.685614e+04     6.869035e+02
 * time: 240.8715250492096
    13     6.681872e+04     7.579642e+02
 * time: 259.51190209388733
    14     6.678712e+04     6.947550e+02
 * time: 278.12983894348145
    15     6.675610e+04     6.944302e+02
 * time: 296.723256111145
    16     6.673461e+04     8.296463e+02
 * time: 315.34989190101624
    17     6.672000e+04     8.119472e+02
 * time: 333.94671297073364
    18     6.670298e+04     8.674415e+02
 * time: 352.7924199104309
    19     6.668355e+04     9.125796e+02
 * time: 372.17477893829346
    20     6.666674e+04     9.148768e+02
 * time: 390.7789080142975
    21     6.666109e+04     9.106891e+02
 * time: 409.56286907196045
    22     6.662003e+04     7.808865e+02
 * time: 431.4198660850525
    23     6.660313e+04     1.112525e+03
 * time: 452.2738161087036
    24     6.660202e+04     1.130822e+03
 * time: 474.0841200351715
    25     6.657283e+04     1.094979e+03
 * time: 493.6864950656891
    26     6.655963e+04     1.176923e+03
 * time: 513.2088279724121
    27     6.650787e+04     1.283374e+03
 * time: 532.7990100383759
    28     6.649423e+04     1.310836e+03
 * time: 552.4045879840851
    29     6.648560e+04     1.315654e+03
 * time: 573.1601130962372
    30     6.643306e+04     1.581033e+03
 * time: 591.6787118911743
    31     6.637470e+04     1.723119e+03
 * time: 610.1685390472412
    32     6.632688e+04     2.010833e+03
 * time: 628.6474339962006
    33     6.627736e+04     1.978544e+03
 * time: 647.1746490001678
    34     6.622646e+04     1.978017e+03
 * time: 665.710902929306
    35     6.618221e+04     1.746399e+03
 * time: 684.1781659126282
    36     6.614764e+04     1.605300e+03
 * time: 702.6823039054871
    37     6.611498e+04     1.152000e+03
 * time: 721.3390290737152
    38     6.608536e+04     1.062171e+03
 * time: 739.9794509410858
    39     6.605636e+04     8.068924e+02
 * time: 758.5649170875549
    40     6.602611e+04     7.450341e+02
 * time: 776.9322121143341
    41     6.599588e+04     6.607561e+02
 * time: 795.3621919155121
    42     6.596638e+04     5.644023e+02
 * time: 813.9604179859161
    43     6.594195e+04     4.792115e+02
 * time: 832.5528709888458
    44     6.591501e+04     3.774044e+02
 * time: 851.220221042633
    45     6.588977e+04     3.210395e+02
 * time: 869.6725549697876
    46     6.586445e+04     2.781081e+02
 * time: 888.3712348937988
    47     6.584032e+04     2.051449e+02
 * time: 906.7844049930573
    48     6.581645e+04     3.381281e+02
 * time: 925.3399770259857
    49     6.579454e+04     1.806565e+02
 * time: 943.9386730194092
    50     6.578242e+04     1.878231e+02
 * time: 962.5898818969727
    51     6.578047e+04     2.156709e+02
 * time: 981.0884890556335
    52     6.577809e+04     4.107355e+02
 * time: 1002.3127229213715
    53     6.577502e+04     1.495383e+02
 * time: 1023.180408000946
    54     6.577326e+04     1.095775e+02
 * time: 1044.6371009349823
    55     6.575642e+04     9.799069e+01
 * time: 1064.5149900913239
    56     6.575393e+04     1.567996e+02
 * time: 1085.543664932251
    57     6.569860e+04     5.824756e+02
 * time: 1104.2672009468079
    58     6.569651e+04     6.395703e+02
 * time: 1125.3750729560852
    59     6.568664e+04     7.746079e+02
 * time: 1145.312134027481
    60     6.566263e+04     9.737848e+02
 * time: 1163.8346920013428
    61     6.563421e+04     1.090309e+03
 * time: 1182.6778988838196
    62     6.560967e+04     1.175147e+03
 * time: 1201.4863550662994
    63     6.558481e+04     1.148192e+03
 * time: 1220.4723739624023
    64     6.556168e+04     1.046055e+03
 * time: 1239.1823899745941
    65     6.554371e+04     9.441829e+02
 * time: 1257.8469290733337
    66     6.552367e+04     1.055128e+03
 * time: 1276.5298490524292
    67     6.550428e+04     1.080064e+03
 * time: 1295.3086318969727
    68     6.548514e+04     1.006135e+03
 * time: 1313.9900569915771
    69     6.546813e+04     1.029926e+03
 * time: 1332.5586080551147
    70     6.545225e+04     1.043781e+03
 * time: 1351.3185250759125
    71     6.543989e+04     1.004968e+03
 * time: 1370.0240049362183
    72     6.542385e+04     9.426235e+02
 * time: 1388.9736940860748
    73     6.540835e+04     9.098866e+02
 * time: 1407.836548089981
    74     6.539405e+04     8.580824e+02
 * time: 1426.3889689445496
    75     6.538010e+04     7.851313e+02
 * time: 1445.1513431072235
    76     6.536645e+04     7.290158e+02
 * time: 1463.7603390216827
    77     6.535327e+04     6.772851e+02
 * time: 1482.5914011001587
    78     6.534178e+04     5.919474e+02
 * time: 1501.4383380413055
    79     6.533069e+04     5.588328e+02
 * time: 1519.9252870082855
    80     6.531775e+04     4.701138e+02
 * time: 1538.702152967453
    81     6.530375e+04     3.855350e+02
 * time: 1557.1299669742584
    82     6.529318e+04     3.002629e+02
 * time: 1575.890506029129
    83     6.528286e+04     2.010903e+02
 * time: 1594.4315130710602
    84     6.527573e+04     1.324040e+02
 * time: 1613.0427160263062
    85     6.526703e+04     8.275888e+01
 * time: 1631.6298179626465
    86     6.526163e+04     7.518387e+01
 * time: 1650.3412659168243
    87     6.525546e+04     6.667255e+01
 * time: 1668.9222490787506
    88     6.524972e+04     8.124011e+01
 * time: 1687.4920749664307
    89     6.524429e+04     1.188073e+02
 * time: 1705.8044199943542
    90     6.523974e+04     1.627497e+02
 * time: 1724.190486907959
    91     6.523522e+04     2.023912e+02
 * time: 1742.6647610664368
    92     6.523109e+04     2.154000e+02
 * time: 1761.0602779388428
    93     6.522723e+04     2.255450e+02
 * time: 1779.4897010326385
    94     6.522347e+04     2.333385e+02
 * time: 1797.9406230449677
    95     6.521978e+04     2.404142e+02
 * time: 1816.3184530735016
    96     6.521608e+04     2.425831e+02
 * time: 1834.758714914322
    97     6.521240e+04     2.474141e+02
 * time: 1853.258024930954
    98     6.520877e+04     2.507555e+02
 * time: 1871.5684370994568
    99     6.520495e+04     2.530571e+02
 * time: 1890.1082639694214
   100     6.520114e+04     2.526298e+02
 * time: 1908.4846239089966
   101     6.519721e+04     2.521729e+02
 * time: 1926.9662590026855
   102     6.519334e+04     2.516149e+02
 * time: 1945.124176979065
   103     6.519014e+04     2.531221e+02
 * time: 1963.660628080368
   104     6.518626e+04     2.520750e+02
 * time: 1981.9161739349365
   105     6.518236e+04     2.512884e+02
 * time: 2000.4654109477997
   106     6.517853e+04     2.385500e+02
 * time: 2019.0487549304962
   107     6.517468e+04     2.207415e+02
 * time: 2037.3601450920105
   108     6.517091e+04     2.086032e+02
 * time: 2055.881994009018
   109     6.516747e+04     7.183699e+01
 * time: 2076.3966059684753
   110     6.516647e+04     1.065006e+02
 * time: 2096.7885150909424
   111     6.516530e+04     1.358856e+02
 * time: 2116.044630050659
   112     6.516500e+04     1.192660e+02
 * time: 2136.5518538951874
   113     6.516447e+04     1.287597e+02
 * time: 2157.0668139457703
   114     6.516386e+04     1.159360e+02
 * time: 2176.9183049201965
   115     6.516211e+04     1.118881e+02
 * time: 2196.5806300640106
   116     6.516145e+04     1.158160e+02
 * time: 2216.239149093628
   117     6.516078e+04     1.201928e+02
 * time: 2235.7934350967407
   118     6.515907e+04     1.187230e+02
 * time: 2255.419003009796
   119     6.515439e+04     1.072718e+02
 * time: 2274.9149680137634
   120     6.515290e+04     1.044259e+02
 * time: 2294.4492650032043
   121     6.515186e+04     1.024713e+02
 * time: 2313.9075319767
   122     6.515052e+04     1.005691e+02
 * time: 2333.2286219596863
   123     6.515034e+04     1.039009e+02
 * time: 2352.8096940517426
   124     6.515004e+04     1.002155e+02
 * time: 2372.4112520217896
   125     6.514822e+04     9.288849e+01
 * time: 2391.6902520656586
   126     6.514763e+04     1.384097e+02
 * time: 2411.298252105713
   127     6.514679e+04     1.451562e+02
 * time: 2430.8578310012817
   128     6.514297e+04     1.020332e+02
 * time: 2449.2763381004333
   129     6.514208e+04     9.655835e+01
 * time: 2468.7128670215607
   130     6.514077e+04     8.895300e+01
 * time: 2487.9682490825653
   131     6.513761e+04     8.708984e+01
 * time: 2506.5781710147858
   132     6.513520e+04     9.102513e+01
 * time: 2524.982003927231
   133     6.513290e+04     6.333953e+01
 * time: 2543.306463956833
   134     6.513099e+04     9.623053e+01
 * time: 2561.6826910972595
   135     6.512896e+04     1.039390e+02
 * time: 2579.9708659648895
   136     6.512688e+04     8.075818e+01
 * time: 2598.580346107483
   137     6.512505e+04     7.369485e+01
 * time: 2616.9591081142426
   138     6.512338e+04     6.822531e+01
 * time: 2635.438695907593
   139     6.512188e+04     6.005159e+01
 * time: 2653.649132013321
   140     6.512048e+04     3.611732e+01
 * time: 2671.9509720802307
   141     6.511921e+04     3.488775e+01
 * time: 2690.307921886444
   142     6.511811e+04     2.099918e+01
 * time: 2708.698112010956
   143     6.511714e+04     2.000415e+01
 * time: 2727.0608789920807
   144     6.511629e+04     2.155607e+01
 * time: 2745.546049118042
   145     6.511550e+04     2.175120e+01
 * time: 2763.75053191185
   146     6.511476e+04     2.356210e+01
 * time: 2782.2892169952393
   147     6.511411e+04     3.388632e+01
 * time: 2800.6482820510864
   148     6.511347e+04     1.860436e+01
 * time: 2818.8836019039154
   149     6.511291e+04     2.032428e+01
 * time: 2837.256824016571
   150     6.511236e+04     3.565522e+01
 * time: 2855.8488581180573
   151     6.511182e+04     1.540120e+01
 * time: 2874.2102949619293
   152     6.511133e+04     2.979768e+01
 * time: 2892.61602807045
   153     6.511082e+04     3.708974e+01
 * time: 2910.898061990738
   154     6.511032e+04     3.051616e+01
 * time: 2929.346220970154
   155     6.510982e+04     3.523574e+01
 * time: 2947.633416891098
   156     6.510932e+04     3.359536e+01
 * time: 2965.8437480926514
   157     6.510881e+04     3.312972e+01
 * time: 2984.272612094879
   158     6.510829e+04     3.290937e+01
 * time: 3002.622179031372
   159     6.510777e+04     3.372800e+01
 * time: 3020.9135529994965
   160     6.510726e+04     4.041609e+01
 * time: 3039.216835975647
   161     6.510700e+04     5.441831e+01
 * time: 3057.4503960609436
   162     6.510688e+04     4.060065e+01
 * time: 3078.8413469791412
   163     6.510683e+04     3.533615e+01
 * time: 3099.286047935486
   164     6.510681e+04     3.357189e+01
 * time: 3120.563772916794
   165     6.510678e+04     3.289430e+01
 * time: 3141.124486923218
   166     6.510669e+04     3.351001e+01
 * time: 3161.608227968216
   167     6.510663e+04     3.322867e+01
 * time: 3181.957155942917
   168     6.510663e+04     3.266935e+01
 * time: 3202.3765330314636
┌ Warning: CI computation failed.
└ @ pulse_input_DDM ~/Projects/pulse_input_DDM.jl/src/neural_model/wrapper_functions.jl:78
3228.793488 seconds (1.31 G allocations: 160.447 GiB, 1.73% gc time)
optimization complete 
converged: true 
computing Hessian 
1286.267381 seconds (142.78 M allocations: 19.698 GiB, 2.18% gc time)
computing samples from ML parameters 
done, saving. 
