Iter     Function value   Gradient norm 
     0     7.279176e+03     6.632396e+01
 * time: 1.5020370483398438e-5
     1     7.268271e+03     6.283857e+01
 * time: 14.11403203010559
     2     7.212233e+03     3.736348e+01
 * time: 22.913480043411255
     3     7.163642e+03     2.750656e+01
 * time: 31.68392515182495
     4     7.141846e+03     1.218389e+02
 * time: 40.43309211730957
     5     7.139805e+03     1.169449e+02
 * time: 49.25672197341919
     6     7.131989e+03     9.084053e+01
 * time: 58.08129811286926
     7     7.124794e+03     7.349004e+01
 * time: 66.89191508293152
     8     7.116137e+03     3.998874e+01
 * time: 75.87138414382935
     9     7.110757e+03     3.711692e+01
 * time: 84.62977194786072
    10     7.106899e+03     2.011285e+01
 * time: 93.42270708084106
    11     7.104450e+03     2.143831e+01
 * time: 102.25182914733887
    12     7.102555e+03     9.789451e+00
 * time: 111.10181307792664
    13     7.101761e+03     7.098468e+00
 * time: 120.01655912399292
    14     7.101543e+03     4.330379e+00
 * time: 129.04875111579895
    15     7.101492e+03     1.448853e+00
 * time: 138.08906412124634
    16     7.101487e+03     2.370924e-01
 * time: 147.06613206863403
    17     7.101482e+03     5.212228e-01
 * time: 156.0587899684906
    18     7.101462e+03     3.687621e+00
 * time: 166.68171095848083
    19     7.101445e+03     4.465478e+00
 * time: 175.68393898010254
    20     7.101368e+03     8.408558e+00
 * time: 184.814031124115
    21     7.101303e+03     5.474903e+00
 * time: 194.25249600410461
    22     7.101281e+03     1.447021e+00
 * time: 203.32165908813477
    23     7.101254e+03     1.630789e+00
 * time: 212.33430314064026
    24     7.101244e+03     4.669935e+00
 * time: 221.31743097305298
    25     7.101220e+03     2.705547e+00
 * time: 230.31062507629395
    26     7.101189e+03     7.761868e-01
 * time: 239.3197000026703
    27     7.101155e+03     6.355642e-01
 * time: 248.341814994812
    28     7.101132e+03     9.275941e-01
 * time: 258.93714213371277
    29     7.101110e+03     1.324405e+00
 * time: 267.88988614082336
    30     7.101104e+03     5.922809e-01
 * time: 278.536936044693
    31     7.101102e+03     2.597400e-01
 * time: 287.53706097602844
    32     7.101101e+03     1.558108e-01
 * time: 296.5179100036621
    33     7.101100e+03     3.501239e-01
 * time: 305.5194089412689
    34     7.101099e+03     2.990681e-01
 * time: 314.5520510673523
    35     7.101096e+03     1.396966e-02
 * time: 323.49289107322693
    36     7.101095e+03     1.197892e-01
 * time: 332.568167924881
    37     7.101094e+03     3.224255e-01
 * time: 343.17450404167175
    38     7.101094e+03     2.141844e-01
 * time: 352.1847560405731
    39     7.101094e+03     6.547577e-01
 * time: 361.2076370716095
    40     7.101093e+03     3.093962e-01
 * time: 370.21284914016724
    41     7.101091e+03     2.215696e-01
 * time: 379.23995900154114
    42     7.101091e+03     3.826821e-01
 * time: 388.40128803253174
    43     7.101087e+03     5.366789e-01
 * time: 397.36065793037415
    44     7.101082e+03     9.439195e-01
 * time: 406.438355922699
    45     7.101076e+03     3.622573e-01
 * time: 415.54222202301025
    46     7.101069e+03     5.219746e-01
 * time: 424.8221740722656
    47     7.101064e+03     7.525280e-01
 * time: 433.8278880119324
    48     7.101060e+03     8.171475e-01
 * time: 442.8038671016693
    49     7.101055e+03     7.282877e-01
 * time: 451.80811405181885
    50     7.101051e+03     7.897147e-01
 * time: 460.7939441204071
    51     7.101050e+03     8.010175e-02
 * time: 474.76477909088135
    52     7.101050e+03     1.009502e-01
 * time: 487.0574541091919
    53     7.101050e+03     3.536146e-02
 * time: 499.343297958374
    54     7.101049e+03     3.842395e-02
 * time: 509.93780493736267
    55     7.101047e+03     1.190224e-01
 * time: 518.9521191120148
    56     7.101046e+03     1.460512e-01
 * time: 528.042552947998
    57     7.101046e+03     1.474115e-01
 * time: 537.2410969734192
    58     7.101045e+03     1.598137e-01
 * time: 546.2106590270996
    59     7.101045e+03     1.670342e-01
 * time: 555.188441991806
    60     7.101043e+03     2.350664e-01
 * time: 564.2110390663147
    61     7.101039e+03     4.405456e-01
 * time: 573.190288066864
    62     7.101035e+03     4.236956e-01
 * time: 582.1254990100861
    63     7.101029e+03     1.991127e-01
 * time: 591.0664269924164
    64     7.101027e+03     2.254725e-01
 * time: 600.1240079402924
    65     7.101026e+03     1.531616e-01
 * time: 609.2268280982971
    66     7.101026e+03     3.887380e-02
 * time: 618.3120131492615
    67     7.101026e+03     5.558036e-02
 * time: 627.4587681293488
    68     7.101026e+03     2.575176e-02
 * time: 636.5317580699921
    69     7.101026e+03     2.018877e-02
 * time: 645.5664780139923
    70     7.101026e+03     1.353272e-02
 * time: 655.1034281253815
    71     7.101025e+03     2.213624e-02
 * time: 664.603434085846
    72     7.101025e+03     2.171386e-02
 * time: 673.8104541301727
    73     7.101025e+03     2.170974e-02
 * time: 690.9340629577637
712.830017 seconds (464.24 M allocations: 35.109 GiB, 2.32% gc time)
115.646936 seconds (35.74 M allocations: 1.676 GiB, 1.14% gc time)
