orig nsessions: 5 
orig N_per_sess: [1, 1, 1, 1, 1] 
new nsessions: 3 
new N_per_sess: [1, 1, 1] 
Iter     Function value   Gradient norm 
     0     1.547572e+04     4.331620e+02
 * time: 1.0013580322265625e-5
     1     1.513381e+04     1.104043e+02
 * time: 2.738050937652588
     2     1.498839e+04     6.739873e+01
 * time: 2.9657599925994873
     3     1.490342e+04     8.147835e+01
 * time: 3.146230936050415
     4     1.481691e+04     7.275277e+01
 * time: 3.3284249305725098
     5     1.474118e+04     7.206971e+01
 * time: 3.506371021270752
     6     1.467414e+04     5.986482e+01
 * time: 3.6817100048065186
     7     1.461780e+04     7.968970e+01
 * time: 3.8537168502807617
     8     1.456149e+04     9.051226e+01
 * time: 4.019186019897461
     9     1.450743e+04     9.819243e+01
 * time: 4.187458038330078
    10     1.445732e+04     8.382797e+01
 * time: 4.362108945846558
    11     1.440033e+04     8.383431e+01
 * time: 4.531489849090576
    12     1.434914e+04     9.260508e+01
 * time: 4.70521092414856
    13     1.430578e+04     7.887595e+01
 * time: 4.880663871765137
    14     1.426960e+04     6.822577e+01
 * time: 5.047555923461914
    15     1.423392e+04     7.234664e+01
 * time: 5.224323034286499
    16     1.419865e+04     6.834146e+01
 * time: 5.393405914306641
    17     1.417090e+04     5.032733e+01
 * time: 5.579643964767456
    18     1.413973e+04     7.246191e+01
 * time: 5.778800010681152
    19     1.411158e+04     5.580268e+01
 * time: 5.955267906188965
    20     1.408332e+04     6.793673e+01
 * time: 6.122144937515259
    21     1.405556e+04     3.574046e+01
 * time: 6.299453973770142
    22     1.403302e+04     7.929389e+01
 * time: 6.478472948074341
    23     1.400904e+04     5.233687e+01
 * time: 6.659030914306641
    24     1.398871e+04     3.292450e+01
 * time: 6.827337026596069
    25     1.396736e+04     2.745914e+01
 * time: 6.999841928482056
    26     1.395403e+04     4.552237e+01
 * time: 7.163532018661499
    27     1.394190e+04     6.139995e+01
 * time: 7.3350749015808105
    28     1.393064e+04     2.560569e+01
 * time: 7.506588935852051
    29     1.392205e+04     2.054576e+01
 * time: 7.678411960601807
    30     1.391285e+04     2.189106e+01
 * time: 7.884320020675659
    31     1.390903e+04     4.918900e+01
 * time: 8.060439825057983
    32     1.390815e+04     3.578167e+01
 * time: 8.3975670337677
    33     1.390574e+04     3.094444e+01
 * time: 8.574815034866333
    34     1.390566e+04     8.473196e+01
 * time: 8.749730825424194
    35     1.390127e+04     2.336943e+01
 * time: 9.161977052688599
    36     1.390072e+04     2.226085e+01
 * time: 9.565989971160889
Iter     Function value   Gradient norm 
     0     1.387993e+04     6.090146e+01
 * time: 1.0013580322265625e-5
     1     1.387592e+04     5.815899e+02
 * time: 5.228389024734497
     2     1.382987e+04     6.875090e+01
 * time: 7.447364091873169
     3     1.378316e+04     2.787807e+01
 * time: 9.600794076919556
     4     1.373303e+04     3.876425e+01
 * time: 11.749418020248413
     5     1.368492e+04     1.138985e+02
 * time: 13.86953592300415
     6     1.365813e+04     2.030924e+02
 * time: 15.95291805267334
     7     1.362327e+04     3.407680e+02
 * time: 18.075812101364136
     8     1.359036e+04     3.199237e+02
 * time: 20.201040983200073
     9     1.356301e+04     5.650095e+02
 * time: 22.34775710105896
    10     1.353889e+04     5.028224e+02
 * time: 24.495943069458008
    11     1.351632e+04     4.948172e+02
 * time: 26.640809059143066
    12     1.349544e+04     5.174282e+02
 * time: 28.733577013015747
    13     1.347550e+04     4.367767e+02
 * time: 30.839945077896118
    14     1.345391e+04     4.163702e+02
 * time: 32.96550703048706
    15     1.343461e+04     3.999453e+02
 * time: 35.01783108711243
    16     1.341420e+04     3.467744e+02
 * time: 37.10359787940979
    17     1.339551e+04     3.276778e+02
 * time: 39.215874910354614
    18     1.337926e+04     2.933674e+02
 * time: 41.28333902359009
    19     1.336426e+04     2.597939e+02
 * time: 43.365761041641235
    20     1.334964e+04     2.223315e+02
 * time: 45.45967388153076
    21     1.333477e+04     1.593642e+02
 * time: 47.58850407600403
    22     1.331771e+04     1.382067e+02
 * time: 49.710808992385864
    23     1.330352e+04     9.274605e+01
 * time: 51.792840003967285
    24     1.329159e+04     7.731648e+01
 * time: 53.90241289138794
    25     1.328193e+04     8.003004e+01
 * time: 56.032658100128174
    26     1.327335e+04     1.146827e+02
 * time: 58.14465093612671
    27     1.326551e+04     1.748434e+02
 * time: 60.235538959503174
    28     1.325770e+04     2.019111e+02
 * time: 62.320422887802124
    29     1.325045e+04     2.063965e+02
 * time: 64.42532992362976
    30     1.324428e+04     1.992668e+02
 * time: 66.61809802055359
    31     1.323927e+04     1.919355e+02
 * time: 68.7454559803009
    32     1.323476e+04     1.829159e+02
 * time: 70.83617997169495
    33     1.323065e+04     1.759252e+02
 * time: 72.93461298942566
    34     1.322667e+04     1.698160e+02
 * time: 75.10774993896484
    35     1.322272e+04     1.631797e+02
 * time: 77.4262011051178
    36     1.321879e+04     1.543156e+02
 * time: 79.89057898521423
    37     1.321487e+04     1.423540e+02
 * time: 82.20696902275085
    38     1.321106e+04     1.278781e+02
 * time: 84.35107707977295
    39     1.320735e+04     1.094510e+02
 * time: 86.38717007637024
    40     1.320387e+04     8.669368e+01
 * time: 88.43836092948914
    41     1.320059e+04     5.647656e+01
 * time: 90.4870879650116
    42     1.319767e+04     2.759635e+01
 * time: 92.54075002670288
    43     1.319523e+04     1.571727e+01
 * time: 94.64136505126953
    44     1.319390e+04     2.822659e+01
 * time: 96.76941108703613
    45     1.319388e+04     3.690387e+01
 * time: 98.8298909664154
    46     1.319372e+04     5.719133e+01
 * time: 101.39559197425842
    47     1.319205e+04     2.179202e+01
 * time: 103.68948006629944
    48     1.319169e+04     2.410026e+01
 * time: 106.24581003189087
    49     1.319164e+04     2.280933e+01
 * time: 108.55927109718323
    50     1.318538e+04     1.707719e+01
 * time: 110.5846860408783
    51     1.318016e+04     1.534234e+01
 * time: 112.6798141002655
    52     1.317509e+04     1.302071e+01
 * time: 115.00222706794739
    53     1.316984e+04     1.169212e+01
 * time: 117.13698697090149
    54     1.316465e+04     2.551811e+01
 * time: 119.27076005935669
    55     1.315968e+04     4.186571e+01
 * time: 121.33295893669128
    56     1.315478e+04     4.934702e+01
 * time: 123.37827110290527
    57     1.315008e+04     5.850813e+01
 * time: 125.48869705200195
    58     1.314521e+04     7.737348e+01
 * time: 127.59674787521362
    59     1.314063e+04     6.745093e+01
 * time: 129.70232892036438
    60     1.313619e+04     7.216016e+01
 * time: 131.8628339767456
    61     1.313222e+04     4.225272e+01
 * time: 133.94066309928894
    62     1.312844e+04     3.008722e+01
 * time: 136.03307700157166
    63     1.312450e+04     2.217346e+01
 * time: 138.13354301452637
    64     1.312450e+04     8.076203e+01
 * time: 140.72913599014282
    65     1.312389e+04     4.691711e+01
 * time: 143.3187289237976
    66     1.312375e+04     4.993737e+01
 * time: 145.8992691040039
    67     1.311860e+04     4.366854e+01
 * time: 148.0052740573883
    68     1.311811e+04     3.960069e+01
 * time: 150.15653800964355
    69     1.311064e+04     5.039367e+01
 * time: 152.24186301231384
    70     1.310760e+04     2.939830e+01
 * time: 154.57519102096558
    71     1.310556e+04     2.963033e+01
 * time: 156.69669008255005
    72     1.310505e+04     2.822469e+01
 * time: 159.088711977005
    73     1.310356e+04     3.666606e+01
 * time: 161.1549060344696
    74     1.310108e+04     2.940672e+01
 * time: 163.24569606781006
    75     1.309869e+04     7.701633e+01
 * time: 165.36738109588623
    76     1.309735e+04     1.995595e+02
 * time: 167.4839370250702
    77     1.309573e+04     1.522588e+02
 * time: 169.64326190948486
    78     1.309467e+04     1.216246e+02
 * time: 171.73757410049438
    79     1.309341e+04     8.596584e+01
 * time: 173.82685089111328
    80     1.309279e+04     7.329953e+01
 * time: 176.4616379737854
    81     1.309188e+04     1.749239e+01
 * time: 179.11634588241577
    82     1.309138e+04     2.307197e+01
 * time: 181.81029295921326
    83     1.309096e+04     2.096854e+01
 * time: 184.2437789440155
    84     1.308683e+04     2.190074e+01
 * time: 186.36806106567383
    85     1.308492e+04     2.712677e+01
 * time: 188.71787691116333
    86     1.308343e+04     4.437775e+01
 * time: 191.07529401779175
    87     1.308247e+04     5.669267e+01
 * time: 193.43096208572388
    88     1.308149e+04     1.401147e+01
 * time: 195.7825629711151
    89     1.308102e+04     1.531228e+01
 * time: 198.10478591918945
    90     1.308024e+04     1.440078e+01
 * time: 200.44587397575378
    91     1.307960e+04     6.665882e+00
 * time: 202.74913787841797
    92     1.307959e+04     1.554515e+01
 * time: 204.8435308933258
    93     1.307920e+04     9.290528e+00
 * time: 206.91303896903992
    94     1.307915e+04     7.630180e+00
 * time: 209.26001906394958
    95     1.307889e+04     7.355354e+00
 * time: 211.3047161102295
    96     1.307862e+04     8.461710e+00
 * time: 213.38239002227783
    97     1.307837e+04     1.200130e+01
 * time: 215.44003200531006
    98     1.307813e+04     1.162333e+01
 * time: 217.49495887756348
    99     1.307790e+04     8.239306e+00
 * time: 219.58311104774475
   100     1.307772e+04     2.374570e+01
 * time: 221.64503598213196
   101     1.307755e+04     1.814896e+01
 * time: 223.7433910369873
   102     1.307741e+04     1.626001e+01
 * time: 225.8036720752716
   103     1.307728e+04     1.496057e+01
 * time: 227.86184787750244
   104     1.307717e+04     1.723017e+01
 * time: 229.9427490234375
   105     1.307706e+04     1.794031e+01
 * time: 232.03959202766418
   106     1.307697e+04     1.907665e+01
 * time: 234.1692759990692
   107     1.307687e+04     1.815782e+01
 * time: 236.2464349269867
   108     1.307678e+04     1.855159e+01
 * time: 238.34147310256958
   109     1.307667e+04     1.902791e+01
 * time: 240.4599370956421
   110     1.307666e+04     3.887277e+00
 * time: 243.35500407218933
   111     1.307665e+04     1.044318e+00
 * time: 246.21522903442383
   112     1.307665e+04     1.818973e+00
 * time: 249.11665797233582
   113     1.307665e+04     1.458812e+00
 * time: 251.96158003807068
   114     1.307665e+04     1.608453e+00
 * time: 254.57270407676697
   115     1.307657e+04     2.237356e+00
 * time: 256.92512798309326
   116     1.307652e+04     4.236253e+00
 * time: 259.27205991744995
   117     1.307648e+04     6.880040e+00
 * time: 261.654296875
   118     1.307644e+04     8.700372e+00
 * time: 264.025582075119
   119     1.307613e+04     1.967619e+01
 * time: 266.1373291015625
   120     1.307610e+04     2.418449e+01
 * time: 268.51854705810547
   121     1.307588e+04     4.032390e+01
 * time: 270.8786919116974
   122     1.307570e+04     2.973178e+01
 * time: 272.9729449748993
   123     1.307561e+04     1.562130e+01
 * time: 275.3350269794464
   124     1.307560e+04     1.358292e+00
 * time: 277.4181020259857
   125     1.307558e+04     1.539981e+01
 * time: 279.4975919723511
   126     1.307555e+04     3.765921e+00
 * time: 281.6118280887604
   127     1.307554e+04     2.698613e+00
 * time: 283.69375801086426
   128     1.307552e+04     1.536968e+00
 * time: 285.80845308303833
   129     1.307550e+04     6.091031e+00
 * time: 287.86946296691895
   130     1.307549e+04     3.448542e+00
 * time: 289.9446361064911
   131     1.307547e+04     2.583981e+00
 * time: 292.000461101532
   132     1.307545e+04     4.329348e+00
 * time: 294.05747509002686
   133     1.307542e+04     4.801338e+00
 * time: 296.1272599697113
   134     1.307540e+04     4.988029e+00
 * time: 298.2056920528412
   135     1.307537e+04     4.475487e+00
 * time: 300.2857620716095
   136     1.307535e+04     4.205588e+00
 * time: 302.33377289772034
   137     1.307533e+04     3.222536e+00
 * time: 304.42865204811096
   138     1.307531e+04     3.043303e+00
 * time: 306.48185300827026
   139     1.307530e+04     2.680158e+00
 * time: 308.554496049881
   140     1.307528e+04     1.649699e+00
 * time: 310.61192893981934
   141     1.307527e+04     2.023051e+00
 * time: 312.6884150505066
   142     1.307526e+04     1.410393e+00
 * time: 314.7676479816437
   143     1.307526e+04     1.914414e+00
 * time: 316.8969159126282
   144     1.307525e+04     1.313439e+00
 * time: 319.00753808021545
   145     1.307525e+04     4.844325e-01
 * time: 321.13581705093384
   146     1.307524e+04     1.417225e+00
 * time: 323.2164480686188
   147     1.307524e+04     7.145201e-01
 * time: 325.2809159755707
   148     1.307523e+04     8.760420e-01
 * time: 327.36081290245056
   149     1.307523e+04     1.013828e+00
 * time: 329.42473697662354
   150     1.307522e+04     1.111434e+00
 * time: 331.5216519832611
   151     1.307522e+04     1.163016e+00
 * time: 333.5520770549774
   152     1.307521e+04     1.180318e+00
 * time: 335.62338399887085
   153     1.307520e+04     1.174059e+00
 * time: 337.7186450958252
   154     1.307520e+04     1.143275e+00
 * time: 339.7688488960266
   155     1.307519e+04     1.332099e+00
 * time: 341.85051703453064
   156     1.307518e+04     1.447136e+00
 * time: 343.9134259223938
   157     1.307518e+04     1.470486e+00
 * time: 345.96473503112793
   158     1.307517e+04     1.431057e+00
 * time: 348.0301990509033
   159     1.307516e+04     1.319630e+00
 * time: 350.10569190979004
   160     1.307516e+04     1.236151e+00
 * time: 352.2495789527893
   161     1.307515e+04     9.634274e-01
 * time: 354.3970580101013
   162     1.307515e+04     9.115188e-01
 * time: 356.5530560016632
   163     1.307515e+04     9.753097e-01
 * time: 358.6664729118347
   164     1.307514e+04     1.109765e+00
 * time: 360.79137992858887
   165     1.307514e+04     1.229754e+00
 * time: 362.8775200843811
   166     1.307514e+04     1.266501e+00
 * time: 364.97926688194275
   167     1.307514e+04     1.273973e+00
 * time: 367.0575649738312
   168     1.307514e+04     1.203894e+00
 * time: 369.16793298721313
   169     1.307513e+04     1.099270e+00
 * time: 371.2260000705719
   170     1.307513e+04     9.648667e-01
 * time: 373.29329800605774
   171     1.307513e+04     8.084567e-01
 * time: 375.35260796546936
   172     1.307513e+04     6.512353e-01
 * time: 377.4608519077301
   173     1.307513e+04     4.969144e-01
 * time: 379.5990478992462
   174     1.307513e+04     4.779669e-01
 * time: 381.69741106033325
   175     1.307513e+04     4.169377e-01
 * time: 383.794725894928
   176     1.307513e+04     4.192450e-01
 * time: 385.84491300582886
   177     1.307513e+04     3.637068e-01
 * time: 387.89996004104614
   178     1.307513e+04     3.788751e-01
 * time: 389.9247159957886
   179     1.307513e+04     3.244476e-01
 * time: 391.98029804229736
   180     1.307513e+04     2.881990e-01
 * time: 394.0431590080261
   181     1.307513e+04     3.515099e-01
 * time: 396.11125588417053
   182     1.307513e+04     4.180603e-01
 * time: 398.1832139492035
   183     1.307513e+04     4.692683e-01
 * time: 400.2357339859009
   184     1.307512e+04     5.056341e-01
 * time: 402.43328189849854
   185     1.307512e+04     5.394426e-01
 * time: 404.5451419353485
   186     1.307512e+04     5.661124e-01
 * time: 406.6091310977936
   187     1.307512e+04     5.820278e-01
 * time: 408.6692590713501
   188     1.307512e+04     5.931079e-01
 * time: 410.7494649887085
   189     1.307512e+04     5.960597e-01
 * time: 412.8978810310364
   190     1.307512e+04     5.943536e-01
 * time: 415.02061891555786
   191     1.307512e+04     5.856517e-01
 * time: 417.2031738758087
   192     1.307512e+04     5.704955e-01
 * time: 419.3553969860077
   193     1.307512e+04     5.517010e-01
 * time: 421.55217695236206
   194     1.307512e+04     5.269269e-01
 * time: 423.69450092315674
   195     1.307512e+04     4.995746e-01
 * time: 425.82185196876526
   196     1.307512e+04     4.666315e-01
 * time: 427.96012592315674
   197     1.307512e+04     4.276777e-01
 * time: 430.0868239402771
   198     1.307512e+04     3.876689e-01
 * time: 432.205157995224
   199     1.307512e+04     3.493019e-01
 * time: 434.3138289451599
   200     1.307512e+04     3.055066e-01
 * time: 436.425311088562
   201     1.307512e+04     2.560277e-01
 * time: 438.5617890357971
   202     1.307512e+04     2.163579e-01
 * time: 440.65284609794617
   203     1.307512e+04     1.755859e-01
 * time: 442.76248598098755
   204     1.307512e+04     1.289740e-01
 * time: 444.8941218852997
   205     1.307512e+04     9.182416e-02
 * time: 447.02095890045166
   206     1.307512e+04     5.083936e-02
 * time: 449.14782905578613
   207     1.307512e+04     3.054516e-02
 * time: 451.258220911026
   208     1.307512e+04     2.852181e-02
 * time: 453.3421220779419
   209     1.307512e+04     3.580069e-02
 * time: 455.3871340751648
   210     1.307512e+04     5.748509e-02
 * time: 457.4842040538788
   211     1.307512e+04     7.289748e-02
 * time: 459.6054139137268
   212     1.307512e+04     8.372577e-02
 * time: 461.6912100315094
   213     1.307512e+04     8.807888e-02
 * time: 463.76912689208984
   214     1.307512e+04     8.728832e-02
 * time: 465.88099694252014
   215     1.307512e+04     7.854891e-02
 * time: 468.03573298454285
   216     1.307512e+04     6.845359e-02
 * time: 470.1565930843353
479.461032 seconds (244.91 M allocations: 26.527 GiB, 2.32% gc time)
optimization complete 
converged: true 
computing Hessian 
 80.621728 seconds (30.83 M allocations: 1.857 GiB, 2.44% gc time)
computing samples from ML parameters 
done, saving. 
