orig nsessions: 16 
orig N_per_sess: [1, 1, 2, 1, 1, 1, 1, 1, 1, 1, 1, 1, 1, 1, 1, 1] 
new nsessions: 5 
new N_per_sess: [1, 1, 1, 1, 1] 
Iter     Function value   Gradient norm 
     0     1.104856e+04     4.497672e+02
 * time: 9.059906005859375e-6
     1     1.055750e+04     1.847062e+02
 * time: 2.776766061782837
     2     1.031980e+04     8.716454e+01
 * time: 3.097291946411133
     3     1.020667e+04     9.481397e+01
 * time: 3.341188907623291
     4     1.011324e+04     9.525579e+01
 * time: 3.5969889163970947
     5     1.002464e+04     7.688777e+01
 * time: 3.845860004425049
     6     9.950766e+03     1.336888e+02
 * time: 4.09483790397644
     7     9.900487e+03     1.603806e+02
 * time: 4.360166072845459
     8     9.876469e+03     1.776300e+02
 * time: 4.6155030727386475
     9     9.842736e+03     1.463027e+02
 * time: 4.863910913467407
    10     9.820140e+03     2.252163e+02
 * time: 5.121056079864502
    11     9.808112e+03     1.098835e+02
 * time: 5.375257968902588
    12     9.804404e+03     1.296832e+02
 * time: 5.642098903656006
    13     9.783254e+03     6.182282e+01
 * time: 5.904218912124634
    14     9.757316e+03     7.006285e+01
 * time: 6.168751955032349
    15     9.744905e+03     6.996113e+01
 * time: 6.41471791267395
    16     9.731158e+03     5.983872e+01
 * time: 6.660484075546265
    17     9.722598e+03     6.641029e+01
 * time: 6.90920090675354
    18     9.721839e+03     6.111932e+01
 * time: 7.543918132781982
Iter     Function value   Gradient norm 
     0     9.706460e+03     4.276485e+01
 * time: 1.7881393432617188e-5
     1     9.702426e+03     3.111138e+01
 * time: 8.455765962600708
     2     9.700681e+03     2.560661e+01
 * time: 14.06089997291565
     3     9.693518e+03     5.068192e+01
 * time: 19.20128297805786
     4     9.676482e+03     5.619047e+01
 * time: 24.310263872146606
     5     9.656702e+03     4.342146e+01
 * time: 29.369155883789062
     6     9.637189e+03     3.517202e+01
 * time: 34.482295989990234
     7     9.626045e+03     4.199142e+01
 * time: 39.53665900230408
     8     9.613570e+03     4.233642e+01
 * time: 44.63417387008667
     9     9.609599e+03     4.028001e+01
 * time: 50.332931995391846
    10     9.601404e+03     3.876238e+01
 * time: 55.506186962127686
    11     9.597933e+03     3.243343e+01
 * time: 60.62571406364441
    12     9.597814e+03     4.414370e+01
 * time: 65.74293994903564
    13     9.595698e+03     2.549657e+01
 * time: 70.82258105278015
    14     9.592369e+03     2.983518e+01
 * time: 75.91904783248901
    15     9.588954e+03     3.430080e+01
 * time: 81.00937700271606
    16     9.587180e+03     2.851976e+01
 * time: 86.08561491966248
    17     9.584464e+03     1.454442e+01
 * time: 91.18975305557251
    18     9.584033e+03     1.595445e+01
 * time: 96.29253697395325
    19     9.582215e+03     1.257502e+01
 * time: 101.35387587547302
    20     9.580865e+03     8.559845e+00
 * time: 106.46510195732117
    21     9.578895e+03     7.725461e+00
 * time: 111.59553384780884
    22     9.577168e+03     8.623830e+00
 * time: 116.74291586875916
    23     9.575358e+03     9.504300e+00
 * time: 121.87566304206848
    24     9.573392e+03     1.049774e+01
 * time: 127.0439670085907
    25     9.571497e+03     1.956420e+01
 * time: 132.15051984786987
    26     9.570057e+03     2.338692e+01
 * time: 137.28538703918457
    27     9.569037e+03     1.844796e+01
 * time: 142.4741039276123
    28     9.568696e+03     2.171805e+01
 * time: 147.58258295059204
    29     9.567901e+03     1.490513e+01
 * time: 152.73944687843323
    30     9.566566e+03     1.290793e+01
 * time: 157.8474898338318
    31     9.566332e+03     1.333640e+01
 * time: 162.9147548675537
    32     9.566118e+03     6.626912e+00
 * time: 168.50773000717163
    33     9.565922e+03     5.904173e+00
 * time: 173.94581294059753
    34     9.565605e+03     1.083970e+01
 * time: 179.61238884925842
    35     9.565545e+03     2.022518e+00
 * time: 185.06322598457336
    36     9.565502e+03     4.353728e+00
 * time: 189.96244883537292
    37     9.565431e+03     3.759197e+00
 * time: 194.84150385856628
    38     9.565370e+03     2.703314e+00
 * time: 199.72477984428406
    39     9.565304e+03     4.388973e+00
 * time: 204.56283903121948
    40     9.565240e+03     4.624327e+00
 * time: 209.4156768321991
    41     9.565221e+03     1.785470e+01
 * time: 214.2622389793396
    42     9.565172e+03     4.267673e+00
 * time: 219.22455883026123
    43     9.565151e+03     3.257401e+00
 * time: 224.14689588546753
    44     9.565101e+03     2.682165e+00
 * time: 229.0504150390625
    45     9.565068e+03     3.891949e+00
 * time: 233.9841890335083
    46     9.565027e+03     1.938220e+00
 * time: 238.9534409046173
    47     9.565002e+03     3.526342e+00
 * time: 244.04454398155212
    48     9.564985e+03     4.291309e+00
 * time: 248.91192889213562
    49     9.564971e+03     8.412939e+00
 * time: 253.7905309200287
    50     9.564967e+03     3.771548e+00
 * time: 259.05265188217163
    51     9.564961e+03     1.895950e+00
 * time: 263.8431570529938
    52     9.564957e+03     1.060580e+00
 * time: 268.66211891174316
    53     9.564945e+03     3.414914e+00
 * time: 273.5074269771576
    54     9.564933e+03     4.384127e+00
 * time: 278.3719458580017
    55     9.564915e+03     3.984420e+00
 * time: 283.2160258293152
    56     9.564909e+03     2.971005e+00
 * time: 288.1136329174042
    57     9.564901e+03     9.522014e-01
 * time: 292.9325590133667
    58     9.564898e+03     6.596088e+00
 * time: 297.75854086875916
    59     9.564892e+03     1.130449e+00
 * time: 302.6202919483185
    60     9.564889e+03     2.863404e+00
 * time: 307.4777638912201
    61     9.564887e+03     4.812110e+00
 * time: 312.3184390068054
    62     9.564886e+03     8.396012e-01
 * time: 317.1764750480652
    63     9.564883e+03     2.878151e+00
 * time: 322.0315320491791
    64     9.564876e+03     4.163391e+00
 * time: 326.87055587768555
    65     9.564875e+03     4.436141e-01
 * time: 331.7697448730469
    66     9.564874e+03     1.726649e+00
 * time: 336.639447927475
    67     9.564874e+03     8.343035e-02
 * time: 341.4689710140228
    68     9.564874e+03     5.682431e-01
 * time: 346.2857880592346
    69     9.564874e+03     3.189374e-01
 * time: 351.11572790145874
    70     9.564874e+03     1.958110e-01
 * time: 355.96462202072144
    71     9.564873e+03     2.664607e-01
 * time: 360.77658200263977
    72     9.564873e+03     2.965945e-01
 * time: 365.66753005981445
    73     9.564873e+03     3.729999e-01
 * time: 370.57681584358215
    74     9.564873e+03     9.537443e-02
 * time: 375.4499650001526
    75     9.564873e+03     6.189391e-01
 * time: 380.80210185050964
    76     9.564873e+03     5.403661e-01
 * time: 385.64479994773865
    77     9.564872e+03     1.129363e+00
 * time: 390.5136709213257
    78     9.564872e+03     1.075750e+00
 * time: 395.3709468841553
    79     9.564872e+03     1.758598e+00
 * time: 400.16871905326843
    80     9.564872e+03     1.503045e+00
 * time: 405.0205159187317
    81     9.564871e+03     6.682886e-02
 * time: 409.89820289611816
    82     9.564871e+03     1.409577e+00
 * time: 414.7691569328308
    83     9.564871e+03     1.190344e+00
 * time: 419.6947338581085
    84     9.564870e+03     1.846969e+00
 * time: 424.5485780239105
    85     9.564869e+03     1.542003e-01
 * time: 429.3663909435272
    86     9.564864e+03     2.211852e+00
 * time: 434.28240990638733
    87     9.564863e+03     6.904986e-01
 * time: 439.1996009349823
    88     9.564863e+03     7.798561e-01
 * time: 444.06402492523193
    89     9.564863e+03     1.903441e+00
 * time: 448.8953809738159
    90     9.564863e+03     1.899991e-01
 * time: 453.76715087890625
    91     9.564863e+03     9.440390e-02
 * time: 458.5926458835602
    92     9.564863e+03     2.498315e-01
 * time: 463.4387409687042
    93     9.564863e+03     1.848766e-01
 * time: 468.2301650047302
479.699319 seconds (199.07 M allocations: 22.328 GiB, 1.62% gc time)
optimization complete 
converged: true 
computing Hessian 
162.381417 seconds (36.69 M allocations: 3.266 GiB, 1.62% gc time)
computing samples from ML parameters 
done, saving. 
