Iter     Function value   Gradient norm 
     0     2.296980e+04     5.140003e+02
 * time: 3.0994415283203125e-5
     1     2.296921e+04     1.839783e+02
 * time: 12.18676209449768
     2     2.296734e+04     8.667255e+01
 * time: 18.43733811378479
     3     2.296725e+04     8.509540e+01
 * time: 25.11644721031189
     4     2.296706e+04     8.546513e+01
 * time: 31.518402099609375
     5     2.296642e+04     8.532489e+01
 * time: 37.975871086120605
     6     2.296612e+04     8.704856e+01
 * time: 43.727863073349
     7     2.296506e+04     8.459056e+01
 * time: 49.64816498756409
     8     2.296470e+04     8.166041e+01
 * time: 56.098751068115234
     9     2.296361e+04     6.848941e+01
 * time: 62.01017904281616
    10     2.296351e+04     6.818046e+01
 * time: 68.12618112564087
    11     2.296229e+04     8.719891e+01
 * time: 74.14416313171387
    12     2.296217e+04     9.224150e+01
 * time: 80.5279631614685
    13     2.296177e+04     1.115357e+02
 * time: 86.53204321861267
    14     2.296132e+04     1.516147e+02
 * time: 92.48245000839233
    15     2.296081e+04     3.600951e+01
 * time: 98.04323720932007
    16     2.296062e+04     5.722939e+01
 * time: 104.05059599876404
    17     2.296054e+04     3.364070e+01
 * time: 109.84130811691284
    18     2.296053e+04     4.411624e+01
 * time: 115.24759602546692
    19     2.296045e+04     3.165410e+01
 * time: 120.55656218528748
    20     2.296042e+04     3.819041e+00
 * time: 125.89483714103699
    21     2.296039e+04     1.486247e+01
 * time: 131.2759940624237
    22     2.296038e+04     1.056949e+01
 * time: 136.78102803230286
    23     2.296036e+04     8.350705e-01
 * time: 142.31342720985413
    24     2.296034e+04     2.176662e+00
 * time: 147.8788959980011
    25     2.296030e+04     5.359087e+00
 * time: 153.41465616226196
    26     2.296026e+04     1.600745e+01
 * time: 159.04324221611023
    27     2.296022e+04     2.039756e+01
 * time: 164.40442514419556
    28     2.296017e+04     1.244535e+01
 * time: 169.79108905792236
    29     2.296014e+04     1.129437e+01
 * time: 175.09105610847473
    30     2.296014e+04     1.752508e+01
 * time: 180.41624212265015
    31     2.296012e+04     2.055342e+00
 * time: 185.7797770500183
    32     2.296012e+04     2.851168e+00
 * time: 191.32638716697693
    33     2.296011e+04     1.821146e+00
 * time: 196.64484310150146
    34     2.296009e+04     1.230258e+01
 * time: 201.9575550556183
    35     2.296007e+04     1.058474e+01
 * time: 207.24264907836914
    36     2.296005e+04     3.640103e+00
 * time: 212.58903813362122
    37     2.296003e+04     3.000787e+00
 * time: 217.9020221233368
    38     2.296002e+04     6.474001e+00
 * time: 223.24559020996094
    39     2.296001e+04     2.230336e+00
 * time: 229.15459203720093
    40     2.296001e+04     2.938586e+00
 * time: 234.78015208244324
    41     2.296001e+04     1.076790e+00
 * time: 240.31012201309204
    42     2.296001e+04     1.162555e+00
 * time: 245.81234121322632
    43     2.296000e+04     1.055776e+00
 * time: 251.2467122077942
    44     2.296000e+04     9.680102e-01
 * time: 256.74495911598206
    45     2.296000e+04     1.946424e+00
 * time: 262.32357811927795
    46     2.296000e+04     5.899933e-01
 * time: 268.0010290145874
    47     2.296000e+04     3.725317e-01
 * time: 273.5433130264282
    48     2.296000e+04     1.417598e-01
 * time: 279.1392471790314
    49     2.296000e+04     3.253381e-01
 * time: 284.6594121456146
    50     2.296000e+04     6.238591e-01
 * time: 290.1217930316925
    51     2.296000e+04     3.109382e-01
 * time: 295.49102115631104
    52     2.296000e+04     1.207097e-01
 * time: 300.9722590446472
    53     2.296000e+04     1.518836e-01
 * time: 306.22069120407104
┌ Warning: some parameter(s) at upper bound. bumped it (them) down 1/4 from the upper bound.
└ @ pulse_input_DDM ~/Projects/pulse_input_DDM.jl/src/wrapper_functions.jl:27
┌ Warning: CI computation failed.
└ @ pulse_input_DDM ~/Projects/pulse_input_DDM.jl/src/neural_model/wrapper_functions.jl:78
333.001605 seconds (164.58 M allocations: 15.955 GiB, 3.56% gc time)
231.068496 seconds (39.39 M allocations: 3.414 GiB, 2.67% gc time)
