WARNING: Method definition _bcs1(Any, Any) in module Broadcast at broadcast.jl:439 overwritten in module ImageFiltering at /usr/people/briandd/.julia/packages/ImageFiltering/y5YkM/src/ImageFiltering.jl:28.
      From worker 21:	WARNING: Method definition _bcs1(Any, Any) in module Broadcast at broadcast.jl:439 overwritten in module ImageFiltering at /usr/people/briandd/.julia/packages/ImageFiltering/y5YkM/src/ImageFiltering.jl:28.
      From worker 15:	WARNING: Method definition _bcs1(Any, Any) in module Broadcast at broadcast.jl:439 overwritten in module ImageFiltering at /usr/people/briandd/.julia/packages/ImageFiltering/y5YkM/src/ImageFiltering.jl:28.
      From worker 45:	WARNING: Method definition _bcs1(Any, Any) in module Broadcast at broadcast.jl:439 overwritten in module ImageFiltering at /usr/people/briandd/.julia/packages/ImageFiltering/y5YkM/src/ImageFiltering.jl:28.
      From worker 31:	WARNING: Method definition _bcs1(Any, Any) in module Broadcast at broadcast.jl:439 overwritten in module ImageFiltering at /usr/people/briandd/.julia/packages/ImageFiltering/y5YkM/src/ImageFiltering.jl:28.
      From worker 38:	WARNING: Method definition _bcs1(Any, Any) in module Broadcast at broadcast.jl:439 overwritten in module ImageFiltering at /usr/people/briandd/.julia/packages/ImageFiltering/y5YkM/src/ImageFiltering.jl:28.
      From worker 2:	WARNING: Method definition _bcs1(Any, Any) in module Broadcast at broadcast.jl:439 overwritten in module ImageFiltering at /usr/people/briandd/.julia/packages/ImageFiltering/y5YkM/src/ImageFiltering.jl:28.
      From worker 33:	WARNING: Method definition _bcs1(Any, Any) in module Broadcast at broadcast.jl:439 overwritten in module ImageFiltering at /usr/people/briandd/.julia/packages/ImageFiltering/y5YkM/src/ImageFiltering.jl:28.
      From worker 30:	WARNING: Method definition _bcs1(Any, Any) in module Broadcast at broadcast.jl:439 overwritten in module ImageFiltering at /usr/people/briandd/.julia/packages/ImageFiltering/y5YkM/src/ImageFiltering.jl:28.
      From worker 28:	WARNING: Method definition _bcs1(Any, Any) in module Broadcast at broadcast.jl:439 overwritten in module ImageFiltering at /usr/people/briandd/.julia/packages/ImageFiltering/y5YkM/src/ImageFiltering.jl:28.
      From worker 36:	WARNING: Method definition _bcs1(Any, Any) in module Broadcast at broadcast.jl:439 overwritten in module ImageFiltering at /usr/people/briandd/.julia/packages/ImageFiltering/y5YkM/src/ImageFiltering.jl:28.
      From worker 11:	WARNING: Method definition _bcs1(Any, Any) in module Broadcast at broadcast.jl:439 overwritten in module ImageFiltering at /usr/people/briandd/.julia/packages/ImageFiltering/y5YkM/src/ImageFiltering.jl:28.
      From worker 6:	WARNING: Method definition _bcs1(Any, Any) in module Broadcast at broadcast.jl:439 overwritten in module ImageFiltering at /usr/people/briandd/.julia/packages/ImageFiltering/y5YkM/src/ImageFiltering.jl:28.
      From worker 9:	WARNING: Method definition _bcs1(Any, Any) in module Broadcast at broadcast.jl:439 overwritten in module ImageFiltering at /usr/people/briandd/.julia/packages/ImageFiltering/y5YkM/src/ImageFiltering.jl:28.
      From worker 13:	WARNING: Method definition _bcs1(Any, Any) in module Broadcast at broadcast.jl:439 overwritten in module ImageFiltering at /usr/people/briandd/.julia/packages/ImageFiltering/y5YkM/src/ImageFiltering.jl:28.
      From worker 16:	WARNING: Method definition _bcs1(Any, Any) in module Broadcast at broadcast.jl:439 overwritten in module ImageFiltering at /usr/people/briandd/.julia/packages/ImageFiltering/y5YkM/src/ImageFiltering.jl:28.
      From worker 37:	WARNING: Method definition _bcs1(Any, Any) in module Broadcast at broadcast.jl:439 overwritten in module ImageFiltering at /usr/people/briandd/.julia/packages/ImageFiltering/y5YkM/src/ImageFiltering.jl:28.
      From worker 3:	WARNING: Method definition _bcs1(Any, Any) in module Broadcast at broadcast.jl:439 overwritten in module ImageFiltering at /usr/people/briandd/.julia/packages/ImageFiltering/y5YkM/src/ImageFiltering.jl:28.
      From worker 10:	WARNING: Method definition _bcs1(Any, Any) in module Broadcast at broadcast.jl:439 overwritten in module ImageFiltering at /usr/people/briandd/.julia/packages/ImageFiltering/y5YkM/src/ImageFiltering.jl:28.
      From worker 39:	WARNING: Method definition _bcs1(Any, Any) in module Broadcast at broadcast.jl:439 overwritten in module ImageFiltering at /usr/people/briandd/.julia/packages/ImageFiltering/y5YkM/src/ImageFiltering.jl:28.
      From worker 5:	WARNING: Method definition _bcs1(Any, Any) in module Broadcast at broadcast.jl:439 overwritten in module ImageFiltering at /usr/people/briandd/.julia/packages/ImageFiltering/y5YkM/src/ImageFiltering.jl:28.
      From worker 26:	WARNING: Method definition _bcs1(Any, Any) in module Broadcast at broadcast.jl:439 overwritten in module ImageFiltering at /usr/people/briandd/.julia/packages/ImageFiltering/y5YkM/src/ImageFiltering.jl:28.
      From worker 8:	WARNING: Method definition _bcs1(Any, Any) in module Broadcast at broadcast.jl:439 overwritten in module ImageFiltering at /usr/people/briandd/.julia/packages/ImageFiltering/y5YkM/src/ImageFiltering.jl:28.
      From worker 44:	WARNING: Method definition _bcs1(Any, Any) in module Broadcast at broadcast.jl:439 overwritten in module ImageFiltering at /usr/people/briandd/.julia/packages/ImageFiltering/y5YkM/src/ImageFiltering.jl:28.
      From worker 34:	WARNING: Method definition _bcs1(Any, Any) in module Broadcast at broadcast.jl:439 overwritten in module ImageFiltering at /usr/people/briandd/.julia/packages/ImageFiltering/y5YkM/src/ImageFiltering.jl:28.
      From worker 4:	WARNING: Method definition _bcs1(Any, Any) in module Broadcast at broadcast.jl:439 overwritten in module ImageFiltering at /usr/people/briandd/.julia/packages/ImageFiltering/y5YkM/src/ImageFiltering.jl:28.
      From worker 22:	WARNING: Method definition _bcs1(Any, Any) in module Broadcast at broadcast.jl:439 overwritten in module ImageFiltering at /usr/people/briandd/.julia/packages/ImageFiltering/y5YkM/src/ImageFiltering.jl:28.
      From worker 35:	WARNING: Method definition _bcs1(Any, Any) in module Broadcast at broadcast.jl:439 overwritten in module ImageFiltering at /usr/people/briandd/.julia/packages/ImageFiltering/y5YkM/src/ImageFiltering.jl:28.
      From worker 19:	WARNING: Method definition _bcs1(Any, Any) in module Broadcast at broadcast.jl:439 overwritten in module ImageFiltering at /usr/people/briandd/.julia/packages/ImageFiltering/y5YkM/src/ImageFiltering.jl:28.
      From worker 32:	WARNING: Method definition _bcs1(Any, Any) in module Broadcast at broadcast.jl:439 overwritten in module ImageFiltering at /usr/people/briandd/.julia/packages/ImageFiltering/y5YkM/src/ImageFiltering.jl:28.
      From worker 7:	WARNING: Method definition _bcs1(Any, Any) in module Broadcast at broadcast.jl:439 overwritten in module ImageFiltering at /usr/people/briandd/.julia/packages/ImageFiltering/y5YkM/src/ImageFiltering.jl:28.
      From worker 27:	WARNING: Method definition _bcs1(Any, Any) in module Broadcast at broadcast.jl:439 overwritten in module ImageFiltering at /usr/people/briandd/.julia/packages/ImageFiltering/y5YkM/src/ImageFiltering.jl:28.
      From worker 29:	WARNING: Method definition _bcs1(Any, Any) in module Broadcast at broadcast.jl:439 overwritten in module ImageFiltering at /usr/people/briandd/.julia/packages/ImageFiltering/y5YkM/src/ImageFiltering.jl:28.
      From worker 17:	WARNING: Method definition _bcs1(Any, Any) in module Broadcast at broadcast.jl:439 overwritten in module ImageFiltering at /usr/people/briandd/.julia/packages/ImageFiltering/y5YkM/src/ImageFiltering.jl:28.
      From worker 40:	WARNING: Method definition _bcs1(Any, Any) in module Broadcast at broadcast.jl:439 overwritten in module ImageFiltering at /usr/people/briandd/.julia/packages/ImageFiltering/y5YkM/src/ImageFiltering.jl:28.
      From worker 43:	WARNING: Method definition _bcs1(Any, Any) in module Broadcast at broadcast.jl:439 overwritten in module ImageFiltering at /usr/people/briandd/.julia/packages/ImageFiltering/y5YkM/src/ImageFiltering.jl:28.
      From worker 23:	WARNING: Method definition _bcs1(Any, Any) in module Broadcast at broadcast.jl:439 overwritten in module ImageFiltering at /usr/people/briandd/.julia/packages/ImageFiltering/y5YkM/src/ImageFiltering.jl:28.
      From worker 42:	WARNING: Method definition _bcs1(Any, Any) in module Broadcast at broadcast.jl:439 overwritten in module ImageFiltering at /usr/people/briandd/.julia/packages/ImageFiltering/y5YkM/src/ImageFiltering.jl:28.
      From worker 18:	WARNING: Method definition _bcs1(Any, Any) in module Broadcast at broadcast.jl:439 overwritten in module ImageFiltering at /usr/people/briandd/.julia/packages/ImageFiltering/y5YkM/src/ImageFiltering.jl:28.
      From worker 12:	WARNING: Method definition _bcs1(Any, Any) in module Broadcast at broadcast.jl:439 overwritten in module ImageFiltering at /usr/people/briandd/.julia/packages/ImageFiltering/y5YkM/src/ImageFiltering.jl:28.
      From worker 25:	WARNING: Method definition _bcs1(Any, Any) in module Broadcast at broadcast.jl:439 overwritten in module ImageFiltering at /usr/people/briandd/.julia/packages/ImageFiltering/y5YkM/src/ImageFiltering.jl:28.
      From worker 24:	WARNING: Method definition _bcs1(Any, Any) in module Broadcast at broadcast.jl:439 overwritten in module ImageFiltering at /usr/people/briandd/.julia/packages/ImageFiltering/y5YkM/src/ImageFiltering.jl:28.
      From worker 14:	WARNING: Method definition _bcs1(Any, Any) in module Broadcast at broadcast.jl:439 overwritten in module ImageFiltering at /usr/people/briandd/.julia/packages/ImageFiltering/y5YkM/src/ImageFiltering.jl:28.
      From worker 41:	WARNING: Method definition _bcs1(Any, Any) in module Broadcast at broadcast.jl:439 overwritten in module ImageFiltering at /usr/people/briandd/.julia/packages/ImageFiltering/y5YkM/src/ImageFiltering.jl:28.
      From worker 20:	WARNING: Method definition _bcs1(Any, Any) in module Broadcast at broadcast.jl:439 overwritten in module ImageFiltering at /usr/people/briandd/.julia/packages/ImageFiltering/y5YkM/src/ImageFiltering.jl:28.
Iter     Function value   Gradient norm 
     0     2.219892e+03     3.623894e+02
 * time: 1.6927719116210938e-5
     1     1.975744e+03     1.121994e+02
 * time: 7.0910539627075195
     2     1.934513e+03     1.268874e+02
 * time: 10.525445938110352
     3     1.932333e+03     1.294291e+02
 * time: 14.550548076629639
     4     1.924999e+03     1.342285e+02
 * time: 18.021685123443604
     5     1.910866e+03     1.212549e+02
 * time: 21.513383150100708
     6     1.903337e+03     8.535654e+01
 * time: 25.033869981765747
     7     1.877460e+03     5.176270e+01
 * time: 28.512444972991943
     8     1.861485e+03     3.898847e+01
 * time: 32.02620506286621
     9     1.855978e+03     2.967516e+01
 * time: 35.51053500175476
    10     1.847859e+03     1.533704e+01
 * time: 39.03560495376587
    11     1.844778e+03     1.150450e+01
 * time: 42.55323910713196
    12     1.842988e+03     3.155886e+00
 * time: 46.05878710746765
    13     1.842305e+03     1.227163e+00
 * time: 49.551985025405884
    14     1.842126e+03     1.880800e+00
 * time: 53.07576513290405
    15     1.842098e+03     3.356131e+00
 * time: 57.23426914215088
    16     1.842084e+03     1.194049e+00
 * time: 60.73862910270691
    17     1.842048e+03     3.183038e+00
 * time: 64.31201791763306
    18     1.842002e+03     7.816365e-01
 * time: 67.86334013938904
    19     1.841931e+03     1.241904e+00
 * time: 71.41601800918579
    20     1.841882e+03     2.832704e+00
 * time: 74.95068907737732
    21     1.841839e+03     2.669304e-01
 * time: 78.4979350566864
    22     1.841812e+03     2.963224e+00
 * time: 82.2449541091919
    23     1.841792e+03     2.844282e-01
 * time: 85.75961208343506
    24     1.841774e+03     5.244808e-01
 * time: 89.24340415000916
    25     1.841759e+03     3.849960e-01
 * time: 92.78003692626953
    26     1.841744e+03     3.536683e-01
 * time: 96.2827730178833
    27     1.841732e+03     5.857738e-01
 * time: 99.72488307952881
    28     1.841724e+03     1.776457e-01
 * time: 103.18771505355835
    29     1.841718e+03     5.037112e-01
 * time: 106.64806509017944
    30     1.841715e+03     2.720627e+00
 * time: 110.15408611297607
    31     1.841714e+03     2.400359e+00
 * time: 113.63050198554993
    32     1.841714e+03     4.719998e-01
 * time: 118.30260300636292
    33     1.841714e+03     4.947221e-01
 * time: 121.76326513290405
    34     1.841714e+03     4.540555e-01
 * time: 126.43593692779541
    35     1.841714e+03     1.816530e+00
 * time: 129.88656497001648
    36     1.841713e+03     5.920256e-01
 * time: 133.33694100379944
    37     1.841713e+03     2.066062e+00
 * time: 136.78189396858215
    38     1.841712e+03     5.812851e-01
 * time: 140.2246069908142
    39     1.841712e+03     5.332740e-01
 * time: 143.6717140674591
    40     1.841712e+03     5.606556e-01
 * time: 147.1430299282074
    41     1.841711e+03     8.459500e-01
 * time: 151.21861696243286
    42     1.841711e+03     8.457453e-01
 * time: 157.1180899143219
    43     1.841711e+03     2.007671e+00
 * time: 160.56959700584412
    44     1.841711e+03     5.774369e-01
 * time: 164.04025602340698
    45     1.841711e+03     1.882766e+00
 * time: 167.4843831062317
    46     1.841711e+03     7.210602e-01
 * time: 170.93427991867065
    47     1.841711e+03     7.114425e-01
 * time: 174.39284491539001
    48     1.841711e+03     1.976508e+00
 * time: 177.86903309822083
    49     1.841711e+03     5.929009e-01
 * time: 181.53526401519775
    50     1.841711e+03     5.929008e-01
 * time: 187.50668907165527
┌ Warning: The call to compilecache failed to create a usable precompiled cache file for pulse_input_DDM [c2542da2-1f7d-11e9-2506-87691095ebb2]
│   exception = ArgumentError: Invalid checksum in cache file /usr/people/briandd/.julia/compiled/v1.0/pulse_input_DDM/m8WoA.ji.
└ @ Base loading.jl:969
┌ Warning: The call to compilecache failed to create a usable precompiled cache file for pulse_input_DDM [c2542da2-1f7d-11e9-2506-87691095ebb2]
│   exception = ArgumentError: Invalid checksum in cache file /usr/people/briandd/.julia/compiled/v1.0/pulse_input_DDM/m8WoA.ji.
└ @ Base loading.jl:969
205.106157 seconds (146.45 M allocations: 10.556 GiB, 2.42% gc time)
 57.660193 seconds (28.44 M allocations: 1.287 GiB, 1.77% gc time)
