Iter     Function value   Gradient norm 
     0     9.051571e+02     1.216138e+02
 * time: 1.1205673217773438e-5
     1     8.385177e+02     1.673508e+01
 * time: 4.865018129348755
     2     8.207995e+02     1.461312e+01
 * time: 6.114789009094238
     3     8.187562e+02     1.755908e+01
 * time: 7.6414830684661865
     4     8.178023e+02     1.893840e+01
 * time: 9.133437156677246
     5     8.132174e+02     2.006859e+01
 * time: 10.39415717124939
     6     8.110326e+02     1.497806e+01
 * time: 11.667136192321777
     7     8.099700e+02     1.809460e+01
 * time: 12.929120063781738
     8     8.078937e+02     9.574216e+00
 * time: 14.19037413597107
     9     8.067253e+02     3.052189e+00
 * time: 15.44392704963684
    10     8.059715e+02     3.763364e+00
 * time: 16.70290517807007
    11     8.057294e+02     6.121935e+00
 * time: 17.961692094802856
    12     8.054169e+02     2.295537e+00
 * time: 19.214640140533447
    13     8.052338e+02     1.450919e+00
 * time: 20.48069715499878
    14     8.049883e+02     1.521660e+00
 * time: 21.742135047912598
    15     8.049188e+02     4.926970e-01
 * time: 22.99121117591858
    16     8.048690e+02     1.285367e+00
 * time: 24.235419034957886
    17     8.048090e+02     4.277844e-01
 * time: 25.480606079101562
    18     8.047618e+02     2.482333e-01
 * time: 26.719595193862915
    19     8.047418e+02     5.493896e-01
 * time: 27.981969118118286
    20     8.047364e+02     1.808411e-01
 * time: 29.23323106765747
    21     8.047354e+02     8.130872e-02
 * time: 30.5190691947937
    22     8.047347e+02     7.040264e-02
 * time: 31.776998043060303
    23     8.047346e+02     3.884173e-02
 * time: 33.02748703956604
    24     8.047346e+02     7.920115e-02
 * time: 34.52783012390137
    25     8.047339e+02     5.977387e-02
 * time: 35.77044415473938
    26     8.047334e+02     5.967596e-01
 * time: 37.24653720855713
    27     8.047327e+02     3.998850e-02
 * time: 38.50037908554077
    28     8.047327e+02     3.998823e-02
 * time: 40.98059010505676
 56.763899 seconds (56.68 M allocations: 3.602 GiB, 2.95% gc time)
 32.281081 seconds (26.88 M allocations: 1.199 GiB, 2.56% gc time)
