WARNING: Method definition _bcs1(Any, Any) in module Broadcast at broadcast.jl:439 overwritten in module ImageFiltering at /usr/people/briandd/.julia/packages/ImageFiltering/y5YkM/src/ImageFiltering.jl:28.
reloading parameters 
Iter     Function value   Gradient norm 
     0     5.955349e+03     3.695223e-02
 * time: 1.0013580322265625e-5
     1     5.955349e+03     3.695149e-02
 * time: 5.389718055725098
 22.497916 seconds (28.55 M allocations: 1.397 GiB, 5.69% gc time)
optimization complete 
converged: true 
computing Hessian 
 35.751796 seconds (29.74 M allocations: 1.294 GiB, 2.76% gc time)
Iter     Function value   Gradient norm 
     0     9.062532e+03     1.556455e-02
 * time: 5.9604644775390625e-6
     1     9.062532e+03     4.102400e-03
 * time: 0.8773460388183594
  1.228536 seconds (430.79 k allocations: 46.773 MiB, 1.61% gc time)
optimization complete 
converged: true 
computing Hessian 
  5.019411 seconds (364.91 k allocations: 69.729 MiB, 0.34% gc time)
Iter     Function value   Gradient norm 
     0     2.956766e+03     4.598327e-01
 * time: 5.9604644775390625e-6
     1     2.956766e+03     1.293014e-02
 * time: 1.1630539894104004
     2     2.956766e+03     2.916794e-03
 * time: 2.0504698753356934
  2.514850 seconds (950.21 k allocations: 94.266 MiB, 1.08% gc time)
optimization complete 
converged: true 
computing Hessian 
  6.618554 seconds (545.10 k allocations: 80.618 MiB, 0.43% gc time)
Iter     Function value   Gradient norm 
     0     5.022276e+03     2.345651e+03
 * time: 3.0994415283203125e-6
     1     4.992353e+03     7.060950e+03
 * time: 0.6808431148529053
     2     4.989203e+03     6.560760e+03
 * time: 1.3683061599731445
     3     4.964634e+03     4.130188e+03
 * time: 1.832503080368042
     4     4.928268e+03     3.649430e+03
 * time: 2.289616107940674
     5     4.908901e+03     3.325523e+03
 * time: 2.7588610649108887
     6     4.895229e+03     3.234295e+03
 * time: 3.211172103881836
     7     4.875027e+03     2.535566e+03
 * time: 3.6841092109680176
     8     4.860646e+03     1.933265e+03
 * time: 4.157219171524048
     9     4.847689e+03     1.154049e+03
 * time: 4.615595102310181
    10     4.839524e+03     4.083656e+02
 * time: 5.072257041931152
    11     4.835756e+03     9.059119e+01
 * time: 5.528776168823242
    12     4.834725e+03     2.111683e+02
 * time: 6.008122205734253
    13     4.832059e+03     1.114871e+02
 * time: 6.472765207290649
    14     4.829594e+03     4.703267e+01
 * time: 6.939110994338989
    15     4.827181e+03     6.541514e+01
 * time: 7.41013503074646
    16     4.824900e+03     1.613870e+02
 * time: 7.895947217941284
    17     4.822811e+03     2.758896e+02
 * time: 8.35896110534668
    18     4.821025e+03     3.748484e+02
 * time: 8.820608139038086
    19     4.819492e+03     4.673226e+02
 * time: 9.300373077392578
    20     4.817744e+03     4.701819e+02
 * time: 9.761924028396606
    21     4.815673e+03     4.830223e+02
 * time: 10.2329740524292
    22     4.813824e+03     4.031260e+02
 * time: 10.712772130966187
    23     4.812707e+03     2.120029e+02
 * time: 11.171732187271118
    24     4.811967e+03     1.171583e+02
 * time: 11.642492055892944
    25     4.811431e+03     5.289998e+01
 * time: 12.114436149597168
    26     4.811090e+03     5.046192e+00
 * time: 12.581140995025635
    27     4.810939e+03     6.302340e+00
 * time: 13.050129175186157
    28     4.810630e+03     3.422484e+00
 * time: 13.540992021560669
    29     4.810360e+03     1.811710e+01
 * time: 14.0171480178833
    30     4.810203e+03     7.931420e+01
 * time: 14.489675045013428
    31     4.810172e+03     3.387082e+01
 * time: 14.959106206893921
    32     4.810166e+03     3.735180e+01
 * time: 15.430395126342773
    33     4.810163e+03     4.086090e+01
 * time: 15.890863180160522
    34     4.810145e+03     5.402325e+01
 * time: 16.365312099456787
    35     4.810082e+03     8.720023e+01
 * time: 16.839462995529175
    36     4.809914e+03     1.408673e+02
 * time: 17.310344219207764
    37     4.809842e+03     1.845381e+02
 * time: 17.778658151626587
    38     4.809798e+03     1.625134e+02
 * time: 18.235355138778687
    39     4.809759e+03     1.700756e+02
 * time: 18.698885202407837
    40     4.809651e+03     1.883049e+02
 * time: 19.28861904144287
    41     4.809475e+03     2.061309e+02
 * time: 19.761304140090942
    42     4.808852e+03     2.112254e+02
 * time: 20.23658800125122
    43     4.808359e+03     1.789157e+02
 * time: 20.7012460231781
    44     4.808098e+03     1.204540e+02
 * time: 21.17827010154724
    45     4.807901e+03     7.918496e+01
 * time: 21.668272018432617
    46     4.807697e+03     9.901163e+00
 * time: 22.136535167694092
    47     4.807661e+03     4.081317e+00
 * time: 22.621705055236816
    48     4.807616e+03     7.942520e+00
 * time: 23.09826111793518
    49     4.807593e+03     1.938808e+01
 * time: 23.5797221660614
    50     4.807563e+03     3.423365e+01
 * time: 24.053352117538452
    51     4.807482e+03     6.349587e+01
 * time: 24.535044193267822
    52     4.807455e+03     9.689287e+01
 * time: 25.011735200881958
    53     4.807343e+03     1.977123e+00
 * time: 25.799044132232666
    54     4.807340e+03     4.429231e+00
 * time: 26.492074012756348
    55     4.807292e+03     2.351012e+00
 * time: 27.076308012008667
    56     4.807241e+03     2.755532e+00
 * time: 27.651089191436768
    57     4.807118e+03     1.811900e+00
 * time: 28.12519407272339
    58     4.806334e+03     3.766810e+01
 * time: 28.607282161712646
    59     4.806316e+03     4.311807e+00
 * time: 29.411298036575317
    60     4.806281e+03     4.788587e+00
 * time: 30.104161024093628
    61     4.806143e+03     6.740278e+00
 * time: 30.668910026550293
    62     4.803912e+03     3.669045e+01
 * time: 31.159136056900024
    63     4.803895e+03     3.849927e+00
 * time: 31.962894201278687
    64     4.803833e+03     8.284208e+00
 * time: 32.65782713890076
    65     4.799161e+03     8.850279e+01
 * time: 33.141990184783936
    66     4.798819e+03     1.121221e+02
 * time: 33.824984073638916
    67     4.798810e+03     1.148704e+02
 * time: 34.509719133377075
    68     4.798639e+03     1.403452e+01
 * time: 35.2876410484314
    69     4.798377e+03     6.916949e+00
 * time: 35.98365020751953
    70     4.794182e+03     1.476084e+02
 * time: 36.48082399368286
    71     4.793874e+03     1.925753e+02
 * time: 37.06575918197632
    72     4.793345e+03     1.902758e+02
 * time: 37.660232067108154
    73     4.791504e+03     8.032504e+01
 * time: 38.166380167007446
    74     4.790660e+03     4.262864e+01
 * time: 38.627193212509155
    75     4.789612e+03     2.909508e+01
 * time: 39.09532117843628
    76     4.788358e+03     1.682841e+01
 * time: 39.55766820907593
    77     4.788347e+03     9.357707e+00
 * time: 40.35719609260559
    78     4.788254e+03     4.031038e+00
 * time: 41.0391800403595
    79     4.787849e+03     2.175533e+00
 * time: 41.632105112075806
    80     4.787525e+03     7.120219e+00
 * time: 42.21827220916748
    81     4.784489e+03     2.113726e+01
 * time: 42.68303108215332
    82     4.784403e+03     2.103116e+01
 * time: 43.25304913520813
    83     4.784395e+03     1.107293e+01
 * time: 44.03705310821533
    84     4.784204e+03     1.244903e+01
 * time: 44.72493600845337
    85     4.783098e+03     3.303766e+01
 * time: 45.2906391620636
    86     4.782535e+03     8.023598e+01
 * time: 45.750261068344116
    87     4.781720e+03     2.399165e+02
 * time: 46.224934101104736
    88     4.779961e+03     3.106776e+02
 * time: 46.71383714675903
    89     4.776456e+03     7.421149e+01
 * time: 47.17234706878662
    90     4.775986e+03     4.561817e+01
 * time: 47.62648320198059
    91     4.775630e+03     2.153222e+01
 * time: 48.08821105957031
    92     4.775402e+03     1.018427e+01
 * time: 48.55748414993286
    93     4.775361e+03     1.620425e+01
 * time: 49.02803921699524
    94     4.775349e+03     6.921065e-01
 * time: 49.49204111099243
    95     4.775346e+03     8.836034e-01
 * time: 49.95928502082825
    96     4.775342e+03     3.212345e+00
 * time: 50.419400215148926
    97     4.775339e+03     2.299580e+00
 * time: 50.871731996536255
    98     4.775334e+03     1.098260e+00
 * time: 51.32512712478638
    99     4.775331e+03     4.188389e+00
 * time: 51.917113065719604
   100     4.775327e+03     4.459723e+00
 * time: 52.52839016914368
   101     4.775324e+03     3.140946e+00
 * time: 52.99133920669556
   102     4.775322e+03     3.543172e+00
 * time: 53.45285415649414
   103     4.775321e+03     5.804130e+00
 * time: 53.97551608085632
   104     4.775320e+03     2.982605e+00
 * time: 54.43380618095398
   105     4.775318e+03     2.161449e+00
 * time: 54.8972270488739
   106     4.775318e+03     1.495510e+01
 * time: 55.3620171546936
   107     4.775315e+03     1.374969e+00
 * time: 55.824132204055786
   108     4.775313e+03     6.739284e-01
 * time: 56.29251003265381
   109     4.775309e+03     6.166241e+00
 * time: 56.873937129974365
   110     4.775305e+03     5.378879e+00
 * time: 57.36870718002319
   111     4.775303e+03     7.267585e-01
 * time: 57.93861508369446
   112     4.775303e+03     7.162535e+00
 * time: 58.442728996276855
   113     4.775302e+03     3.179528e+00
 * time: 58.94160199165344
   114     4.775301e+03     1.516246e+00
 * time: 59.408974170684814
   115     4.775296e+03     3.909454e+00
 * time: 60.00932812690735
   116     4.775289e+03     2.962005e+00
 * time: 60.47350311279297
   117     4.775284e+03     4.972549e+00
 * time: 60.93270802497864
   118     4.775276e+03     1.742936e+01
 * time: 61.73296117782593
   119     4.775270e+03     1.994528e-01
 * time: 62.51785707473755
   120     4.775268e+03     1.142160e-01
 * time: 63.177627086639404
   121     4.775268e+03     3.058416e-01
 * time: 63.76662516593933
   122     4.775266e+03     2.040763e-01
 * time: 64.34769606590271
   123     4.775260e+03     4.624635e-01
 * time: 64.92673206329346
   124     4.775229e+03     5.153783e+00
 * time: 65.38424110412598
   125     4.775183e+03     4.332237e+01
 * time: 65.84598302841187
   126     4.775153e+03     9.191857e+01
 * time: 66.31201601028442
   127     4.774987e+03     4.606717e+01
 * time: 66.78616499900818
   128     4.774802e+03     9.769868e+01
 * time: 67.32917904853821
   129     4.774526e+03     1.264070e+02
 * time: 67.78926420211792
   130     4.774259e+03     7.911400e+01
 * time: 68.30107522010803
   131     4.774048e+03     1.474338e+02
 * time: 68.76665711402893
   132     4.773868e+03     6.785861e+01
 * time: 69.25137114524841
   133     4.773689e+03     7.291608e+01
 * time: 69.83729219436646
   134     4.773556e+03     5.182537e+01
 * time: 70.38679504394531
   135     4.773462e+03     5.408234e+01
 * time: 71.03337907791138
   136     4.773367e+03     4.112554e+01
 * time: 71.49511909484863
   137     4.773288e+03     6.237045e+00
 * time: 71.96011519432068
   138     4.773190e+03     2.836556e+01
 * time: 72.43763017654419
   139     4.773114e+03     3.358817e+01
 * time: 72.94043111801147
   140     4.773062e+03     5.004906e+00
 * time: 73.41102719306946
   141     4.773015e+03     2.616138e+01
 * time: 73.8857250213623
   142     4.772996e+03     8.771792e+00
 * time: 74.36008214950562
   143     4.772985e+03     5.107017e+00
 * time: 74.83095622062683
   144     4.772967e+03     6.738703e+00
 * time: 75.29448318481445
   145     4.772959e+03     2.263642e+01
 * time: 75.75150609016418
   146     4.772944e+03     2.606604e+01
 * time: 76.20577502250671
   147     4.772928e+03     1.668151e+01
 * time: 76.67345714569092
   148     4.772915e+03     8.899171e+00
 * time: 77.15166711807251
   149     4.772910e+03     2.445351e+00
 * time: 77.62380504608154
   150     4.772909e+03     4.038502e-01
 * time: 78.20323610305786
   151     4.772908e+03     2.242573e-01
 * time: 78.70035409927368
   152     4.772907e+03     7.005692e-01
 * time: 79.16831612586975
   153     4.772907e+03     9.596312e-01
 * time: 79.66732001304626
   154     4.772907e+03     8.540407e-01
 * time: 80.1350040435791
   155     4.772907e+03     5.651097e-01
 * time: 80.59751510620117
   156     4.772907e+03     2.248551e-01
 * time: 81.05292320251465
   157     4.772907e+03     2.539143e-01
 * time: 81.51781606674194
   158     4.772907e+03     1.791944e-01
 * time: 81.98219704627991
   159     4.772907e+03     4.061424e-02
 * time: 82.44548201560974
   160     4.772907e+03     3.548756e-02
 * time: 82.90895104408264
 83.273599 seconds (29.34 M allocations: 3.302 GiB, 1.40% gc time)
optimization complete 
converged: true 
computing Hessian 
  5.259492 seconds (406.74 k allocations: 72.541 MiB, 0.41% gc time)
Iter     Function value   Gradient norm 
     0     9.439506e+03     1.284220e+03
 * time: 3.0994415283203125e-6
     1     9.432550e+03     3.876116e+02
 * time: 0.908048152923584
     2     9.415852e+03     2.361273e+02
 * time: 1.4710240364074707
     3     9.378454e+03     2.929606e+02
 * time: 1.9555261135101318
     4     9.371630e+03     2.042280e+02
 * time: 2.4355111122131348
     5     9.358520e+03     1.640477e+02
 * time: 2.8974061012268066
     6     9.348673e+03     1.117222e+02
 * time: 3.368070125579834
     7     9.342304e+03     2.220565e+02
 * time: 3.854043960571289
     8     9.338246e+03     7.591419e+01
 * time: 4.330142974853516
     9     9.334451e+03     9.583015e+01
 * time: 4.797399044036865
    10     9.332021e+03     2.121529e+02
 * time: 5.252288103103638
    11     9.329259e+03     4.026687e+01
 * time: 5.725876092910767
    12     9.326697e+03     3.194718e+00
 * time: 6.194549083709717
    13     9.326024e+03     7.324974e+01
 * time: 6.769921064376831
    14     9.325177e+03     1.927063e+02
 * time: 7.232706069946289
    15     9.324719e+03     1.383283e+02
 * time: 7.681780099868774
    16     9.323550e+03     3.929340e+01
 * time: 8.13490915298462
    17     9.323220e+03     8.223802e+01
 * time: 8.588431119918823
    18     9.323034e+03     2.876844e+01
 * time: 9.060304164886475
    19     9.322880e+03     8.323875e+01
 * time: 9.517588138580322
    20     9.322755e+03     2.311952e+01
 * time: 9.980607032775879
    21     9.322681e+03     2.194953e+01
 * time: 10.456282138824463
    22     9.322583e+03     1.988100e+00
 * time: 10.919393062591553
    23     9.322559e+03     1.575735e+01
 * time: 11.372307062149048
    24     9.322512e+03     2.976223e+01
 * time: 11.827785968780518
    25     9.322481e+03     2.071045e+00
 * time: 12.280389070510864
    26     9.322437e+03     1.857268e+01
 * time: 12.740849018096924
    27     9.322436e+03     2.883889e+00
 * time: 13.620933055877686
    28     9.322433e+03     1.909088e+00
 * time: 14.392116069793701
    29     9.322431e+03     1.910160e+00
 * time: 15.16369104385376
    30     9.322430e+03     1.910228e+00
 * time: 16.03239607810974
 16.396812 seconds (5.86 M allocations: 665.182 MiB, 2.47% gc time)
optimization complete 
converged: true 
computing Hessian 
  5.112584 seconds (418.55 k allocations: 72.696 MiB, 0.26% gc time)
Iter     Function value   Gradient norm 
     0     5.500410e+03     2.838486e+00
 * time: 4.0531158447265625e-6
     1     5.500410e+03     5.068472e-01
 * time: 1.1933910846710205
┌ Warning: CI computation failed.
└ @ pulse_input_DDM ~/Projects/pulse_input_DDM.jl/src/neural_model/wrapper_functions.jl:78
  1.632663 seconds (591.32 k allocations: 59.299 MiB, 1.57% gc time)
optimization complete 
converged: true 
computing Hessian 
  6.883910 seconds (2.06 M allocations: 152.528 MiB, 1.32% gc time)
computing samples from ML parameters 
done, saving. 
