orig nsessions: 5 
orig N_per_sess: [1, 1, 1, 2, 1] 
new nsessions: 2 
new N_per_sess: [1, 2] 
Iter     Function value   Gradient norm 
     0     3.038027e+04     4.173872e+03
 * time: 1.0967254638671875e-5
     1     2.789771e+04     1.144068e+03
 * time: 2.6044511795043945
     2     2.699305e+04     3.573276e+02
 * time: 2.7531280517578125
     3     2.691643e+04     8.554795e+02
 * time: 2.871821165084839
     4     2.678727e+04     6.259978e+02
 * time: 2.9802920818328857
     5     2.661182e+04     4.415705e+02
 * time: 3.0804331302642822
     6     2.644892e+04     4.428233e+02
 * time: 3.190216064453125
     7     2.634315e+04     1.192830e+03
 * time: 3.2964000701904297
     8     2.622812e+04     9.439439e+02
 * time: 3.4095871448516846
     9     2.611518e+04     9.170157e+02
 * time: 3.510956048965454
    10     2.599788e+04     8.364883e+02
 * time: 3.6164181232452393
    11     2.589887e+04     7.477580e+02
 * time: 3.7260751724243164
    12     2.581221e+04     7.452406e+02
 * time: 3.8311641216278076
    13     2.575187e+04     6.699027e+02
 * time: 3.938810110092163
    14     2.567222e+04     6.116608e+02
 * time: 4.043641090393066
    15     2.559535e+04     6.429504e+02
 * time: 4.15995717048645
    16     2.551393e+04     5.694406e+02
 * time: 4.266909122467041
    17     2.544921e+04     7.322249e+02
 * time: 4.3733179569244385
    18     2.537600e+04     7.696939e+02
 * time: 4.4707770347595215
    19     2.530841e+04     6.898975e+02
 * time: 4.575813055038452
    20     2.523302e+04     7.680924e+02
 * time: 4.685175180435181
    21     2.516494e+04     8.322722e+02
 * time: 4.791462182998657
    22     2.508357e+04     7.183097e+02
 * time: 4.899067163467407
    23     2.501859e+04     7.174837e+02
 * time: 4.998563051223755
    24     2.497118e+04     6.578618e+02
 * time: 5.105664968490601
    25     2.492320e+04     6.252621e+02
 * time: 5.207736968994141
    26     2.484367e+04     5.970405e+02
 * time: 5.319823980331421
    27     2.476979e+04     5.764234e+02
 * time: 5.433345079421997
    28     2.472053e+04     6.300859e+02
 * time: 5.546324968338013
    29     2.468040e+04     6.084359e+02
 * time: 5.650282144546509
    30     2.460169e+04     4.809745e+02
 * time: 5.749673128128052
    31     2.455226e+04     4.319781e+02
 * time: 5.854218006134033
    32     2.452458e+04     4.691128e+02
 * time: 5.95638108253479
    33     2.447935e+04     4.030438e+02
 * time: 6.073431015014648
    34     2.444342e+04     3.605542e+02
 * time: 6.178080081939697
    35     2.441135e+04     3.049328e+02
 * time: 6.287384033203125
    36     2.436404e+04     3.563974e+02
 * time: 6.3941969871521
    37     2.434080e+04     3.582380e+02
 * time: 6.503098011016846
    38     2.432664e+04     3.088760e+02
 * time: 6.607802152633667
    39     2.431160e+04     4.277074e+02
 * time: 6.709633111953735
    40     2.430656e+04     4.111711e+02
 * time: 6.824198961257935
    41     2.420778e+04     4.000203e+02
 * time: 6.932891130447388
    42     2.419949e+04     3.596595e+02
 * time: 7.300246953964233
Iter     Function value   Gradient norm 
     0     2.386800e+04     1.227682e+03
 * time: 4.0531158447265625e-6
     1     2.381337e+04     1.966962e+02
 * time: 4.760867118835449
     2     2.377813e+04     1.094952e+02
 * time: 6.825143098831177
     3     2.372210e+04     1.761214e+02
 * time: 8.965785026550293
     4     2.370371e+04     2.275349e+02
 * time: 10.823256015777588
     5     2.368763e+04     2.119544e+02
 * time: 12.817180156707764
     6     2.365425e+04     2.081505e+02
 * time: 14.602138042449951
     7     2.361399e+04     1.858120e+02
 * time: 16.439720153808594
     8     2.360616e+04     2.938263e+02
 * time: 18.205671072006226
     9     2.357848e+04     2.060964e+02
 * time: 19.923134088516235
    10     2.356129e+04     2.130708e+02
 * time: 21.68688416481018
    11     2.354104e+04     2.097080e+02
 * time: 23.429556131362915
    12     2.352058e+04     2.274982e+02
 * time: 25.16742515563965
    13     2.350092e+04     2.219880e+02
 * time: 26.919127225875854
    14     2.348257e+04     2.210545e+02
 * time: 28.681077003479004
    15     2.346270e+04     2.063080e+02
 * time: 30.5643630027771
    16     2.344426e+04     1.752332e+02
 * time: 32.33835315704346
    17     2.342859e+04     1.479561e+02
 * time: 34.06851100921631
    18     2.341797e+04     1.426890e+02
 * time: 35.9050030708313
    19     2.340633e+04     9.927274e+01
 * time: 37.697673082351685
    20     2.339874e+04     8.306098e+01
 * time: 39.419915199279785
    21     2.339248e+04     5.415905e+01
 * time: 41.18287420272827
    22     2.338726e+04     4.026928e+01
 * time: 42.91828417778015
    23     2.338513e+04     6.877279e+01
 * time: 44.7435359954834
    24     2.338269e+04     1.008631e+02
 * time: 46.493956089019775
    25     2.338090e+04     9.268539e+01
 * time: 48.2106351852417
    26     2.337996e+04     5.338391e+01
 * time: 50.168851137161255
    27     2.337886e+04     5.704103e+01
 * time: 51.91001105308533
    28     2.337856e+04     6.197466e+01
 * time: 53.638806104660034
    29     2.337776e+04     3.580462e+01
 * time: 55.356537103652954
    30     2.337754e+04     3.772020e+01
 * time: 57.303951025009155
    31     2.337740e+04     2.542195e+01
 * time: 59.04024910926819
    32     2.337735e+04     2.815927e+01
 * time: 60.75806903839111
    33     2.337731e+04     2.426136e+01
 * time: 62.51783108711243
    34     2.337728e+04     2.191950e+01
 * time: 64.1991240978241
    35     2.337725e+04     2.292438e+01
 * time: 65.89369702339172
    36     2.337725e+04     2.143382e+01
 * time: 67.5781500339508
    37     2.337724e+04     2.190671e+01
 * time: 69.47026300430298
    38     2.337705e+04     4.443515e+01
 * time: 71.63504409790039
    39     2.337695e+04     2.730942e+01
 * time: 73.803227186203
    40     2.337677e+04     1.102837e+01
 * time: 76.01027417182922
    41     2.337663e+04     1.597687e+01
 * time: 78.19143414497375
    42     2.337636e+04     4.638430e+01
 * time: 80.16542100906372
    43     2.337600e+04     2.141313e+01
 * time: 82.1166660785675
    44     2.337576e+04     2.897277e+01
 * time: 84.06604409217834
    45     2.337571e+04     3.149832e+01
 * time: 86.25869512557983
    46     2.337568e+04     2.808705e+01
 * time: 88.17586612701416
    47     2.337557e+04     2.426911e+01
 * time: 90.12989711761475
    48     2.337499e+04     2.336861e+01
 * time: 91.84862518310547
    49     2.337373e+04     3.227998e+01
 * time: 93.59633803367615
    50     2.337312e+04     4.726152e+01
 * time: 95.29058003425598
    51     2.337264e+04     4.002792e+01
 * time: 96.97504305839539
    52     2.337213e+04     4.415565e+01
 * time: 98.6961510181427
    53     2.337182e+04     5.651337e+00
 * time: 100.38059401512146
    54     2.337148e+04     7.907692e+00
 * time: 102.0810661315918
    55     2.337128e+04     1.273775e+01
 * time: 103.80262517929077
    56     2.337112e+04     1.627860e+01
 * time: 105.4859549999237
    57     2.337098e+04     1.709146e+01
 * time: 107.19583821296692
    58     2.337084e+04     1.620810e+01
 * time: 108.91411304473877
    59     2.337071e+04     1.479132e+01
 * time: 110.62620902061462
    60     2.337057e+04     1.310810e+01
 * time: 112.31724715232849
    61     2.337044e+04     1.065852e+01
 * time: 114.05162000656128
    62     2.337031e+04     8.744213e+00
 * time: 115.75262522697449
    63     2.337019e+04     9.562888e+00
 * time: 117.47858810424805
    64     2.337009e+04     1.005210e+01
 * time: 119.193528175354
    65     2.336998e+04     1.040409e+01
 * time: 120.9349582195282
    66     2.336989e+04     1.053143e+01
 * time: 122.64201807975769
    67     2.336979e+04     9.917166e+00
 * time: 124.34965205192566
    68     2.336971e+04     9.198770e+00
 * time: 126.03222012519836
    69     2.336964e+04     8.798096e+00
 * time: 127.7798821926117
    70     2.336957e+04     8.181908e+00
 * time: 129.50122022628784
    71     2.336951e+04     7.724648e+00
 * time: 131.19923615455627
    72     2.336946e+04     7.175236e+00
 * time: 132.90770506858826
    73     2.336942e+04     6.915609e+00
 * time: 134.6556520462036
    74     2.336939e+04     6.728049e+00
 * time: 136.3714280128479
    75     2.336937e+04     6.775758e+00
 * time: 138.0641701221466
    76     2.336935e+04     6.599815e+00
 * time: 139.74284505844116
    77     2.336934e+04     6.782295e+00
 * time: 141.44840717315674
    78     2.336933e+04     6.821796e+00
 * time: 143.1234130859375
    79     2.336932e+04     3.086484e+00
 * time: 145.47028017044067
    80     2.336932e+04     7.168584e+00
 * time: 147.861426115036
    81     2.336932e+04     2.074834e+00
 * time: 150.24011301994324
    82     2.336931e+04     1.489996e+00
 * time: 152.64276218414307
    83     2.336931e+04     2.320933e+00
 * time: 155.03311800956726
    84     2.336930e+04     5.543652e-01
 * time: 157.20229816436768
    85     2.336929e+04     1.866972e+00
 * time: 159.33133220672607
    86     2.336928e+04     1.314040e+00
 * time: 161.33037304878235
    87     2.336927e+04     2.297210e+00
 * time: 163.23095202445984
    88     2.336924e+04     6.515162e+00
 * time: 165.34011602401733
    89     2.336920e+04     1.524190e+01
 * time: 167.27751803398132
    90     2.336902e+04     5.700067e+01
 * time: 169.01710510253906
    91     2.336890e+04     6.925895e+00
 * time: 170.71824622154236
    92     2.336884e+04     1.169793e+02
 * time: 172.4188551902771
    93     2.336869e+04     2.502846e+01
 * time: 174.13166403770447
    94     2.336859e+04     7.321247e+00
 * time: 175.83420300483704
    95     2.336854e+04     5.061419e+01
 * time: 177.77102708816528
    96     2.336846e+04     7.680542e+01
 * time: 179.4362120628357
    97     2.336838e+04     1.356475e+01
 * time: 181.21341013908386
    98     2.336833e+04     1.116163e+02
 * time: 183.007719039917
    99     2.336825e+04     8.249390e+00
 * time: 184.69747304916382
   100     2.336821e+04     7.702818e+01
 * time: 186.41892004013062
   101     2.336816e+04     1.418656e+02
 * time: 188.22387313842773
   102     2.336810e+04     4.640581e+01
 * time: 189.91619110107422
   103     2.336797e+04     2.280625e+01
 * time: 191.71452403068542
   104     2.336790e+04     1.900492e+02
 * time: 193.568293094635
   105     2.336776e+04     3.317959e+02
 * time: 195.24870014190674
   106     2.336760e+04     5.751212e+02
 * time: 196.9332790374756
   107     2.336752e+04     9.866433e+02
 * time: 198.60804319381714
   108     2.336750e+04     7.592924e+02
 * time: 200.28920912742615
   109     2.336748e+04     8.054965e+02
 * time: 202.14535808563232
   110     2.336747e+04     8.700916e+02
 * time: 203.83422017097473
   111     2.336747e+04     8.612101e+02
 * time: 205.53967213630676
   112     2.336745e+04     7.320592e+02
 * time: 207.18760108947754
   113     2.336744e+04     7.015267e+02
 * time: 209.15069818496704
   114     2.336744e+04     7.020409e+02
 * time: 210.80361223220825
   115     2.336683e+04     4.442308e+01
 * time: 213.1879050731659
   116     2.336678e+04     1.558507e+01
 * time: 215.59420609474182
   117     2.336677e+04     1.531623e+01
 * time: 218.00404715538025
   118     2.336676e+04     1.397942e+01
 * time: 220.15444207191467
   119     2.336674e+04     1.242707e+01
 * time: 222.2412350177765
   120     2.336668e+04     1.139193e+01
 * time: 224.1264271736145
   121     2.336664e+04     2.135574e+01
 * time: 226.28523421287537
   122     2.336646e+04     4.881537e+01
 * time: 228.1703062057495
   123     2.336454e+04     2.115727e+02
 * time: 229.9199721813202
   124     2.336414e+04     3.579547e+02
 * time: 231.80447006225586
   125     2.336394e+04     3.979205e+01
 * time: 234.1891782283783
   126     2.336389e+04     8.811491e+00
 * time: 236.52741813659668
   127     2.336386e+04     7.270791e+00
 * time: 238.97471022605896
   128     2.336384e+04     6.165266e+00
 * time: 241.42643809318542
   129     2.336375e+04     2.474998e+01
 * time: 243.30632519721985
   130     2.336342e+04     3.076644e+01
 * time: 245.1986951828003
   131     2.336300e+04     3.699123e+01
 * time: 247.10756301879883
   132     2.336228e+04     1.502587e+02
 * time: 249.06949520111084
   133     2.336199e+04     2.115186e+02
 * time: 250.97964215278625
   134     2.336168e+04     2.722692e+02
 * time: 252.865168094635
   135     2.336141e+04     1.662373e+02
 * time: 254.84785509109497
   136     2.336076e+04     2.500075e+02
 * time: 256.5009660720825
   137     2.336063e+04     1.513649e+02
 * time: 258.42320704460144
   138     2.336045e+04     1.478924e+01
 * time: 260.41926407814026
   139     2.336037e+04     2.030918e+01
 * time: 262.38794016838074
   140     2.336033e+04     8.810312e+00
 * time: 264.04689717292786
   141     2.336029e+04     3.985507e+01
 * time: 265.7016100883484
   142     2.336027e+04     3.900446e+01
 * time: 267.390132188797
   143     2.336023e+04     1.516721e+01
 * time: 269.16864800453186
   144     2.336020e+04     3.214415e+00
 * time: 270.8393340110779
   145     2.336018e+04     2.464654e+01
 * time: 272.6044521331787
   146     2.336017e+04     3.272958e+01
 * time: 274.3659930229187
   147     2.336016e+04     9.226237e+00
 * time: 276.11799216270447
   148     2.336014e+04     3.193249e+01
 * time: 277.87771105766296
   149     2.336013e+04     5.800281e+00
 * time: 279.59353518486023
   150     2.336011e+04     4.242200e+01
 * time: 281.3494391441345
   151     2.336010e+04     7.445446e+01
 * time: 283.1284201145172
   152     2.336009e+04     1.638963e+01
 * time: 284.8732831478119
   153     2.336008e+04     1.990466e+01
 * time: 286.62234902381897
   154     2.336006e+04     6.840018e+01
 * time: 288.2756350040436
   155     2.336004e+04     5.607129e+00
 * time: 289.942978143692
   156     2.336004e+04     1.343395e+02
 * time: 291.62090015411377
   157     2.336001e+04     1.647434e+01
 * time: 293.3379502296448
   158     2.335999e+04     4.505349e+00
 * time: 295.0170772075653
   159     2.335998e+04     4.517591e+01
 * time: 296.91688108444214
   160     2.335997e+04     1.920885e+01
 * time: 298.59212708473206
   161     2.335996e+04     3.116260e+01
 * time: 300.30535316467285
   162     2.335996e+04     1.688943e+01
 * time: 302.02373003959656
   163     2.335996e+04     2.454680e+01
 * time: 303.6845631599426
   164     2.335996e+04     4.189134e+00
 * time: 305.42579102516174
   165     2.335996e+04     2.013776e+01
 * time: 307.1127071380615
   166     2.335995e+04     1.269923e+01
 * time: 308.77967405319214
   167     2.335995e+04     1.053814e+01
 * time: 310.46792101860046
   168     2.335995e+04     1.244402e+01
 * time: 312.1404860019684
   169     2.335994e+04     1.926555e+01
 * time: 313.79618215560913
   170     2.335993e+04     2.758894e+01
 * time: 315.44322514533997
   171     2.335992e+04     4.625787e+00
 * time: 317.3963761329651
   172     2.335991e+04     5.361263e+01
 * time: 319.06391501426697
   173     2.335991e+04     1.786046e+01
 * time: 320.81316018104553
   174     2.335991e+04     8.454909e+00
 * time: 322.49487805366516
   175     2.335990e+04     1.429433e+01
 * time: 324.18719720840454
   176     2.335989e+04     4.115280e+01
 * time: 325.9089720249176
   177     2.335989e+04     1.862116e+01
 * time: 327.5952332019806
   178     2.335989e+04     5.876669e+01
 * time: 329.2543020248413
   179     2.335988e+04     9.996139e+00
 * time: 331.02462100982666
   180     2.335988e+04     1.903578e+01
 * time: 332.82054710388184
   181     2.335988e+04     3.737908e+01
 * time: 334.79489302635193
   182     2.335988e+04     4.871389e+01
 * time: 336.6696901321411
   183     2.335988e+04     4.360325e+01
 * time: 338.3439371585846
   184     2.335987e+04     3.979551e+01
 * time: 340.0073790550232
   185     2.335987e+04     3.808851e+01
 * time: 341.68137216567993
   186     2.335986e+04     1.734573e+01
 * time: 343.6445610523224
   187     2.335986e+04     2.849494e+00
 * time: 345.54265904426575
   188     2.335986e+04     2.918465e+00
 * time: 347.19158911705017
   189     2.335986e+04     1.987316e+01
 * time: 348.8948380947113
   190     2.335986e+04     1.527747e+01
 * time: 350.6005811691284
   191     2.335986e+04     3.046422e+01
 * time: 352.30248522758484
   192     2.335985e+04     2.426938e+00
 * time: 353.9964051246643
   193     2.335985e+04     3.867193e+01
 * time: 355.7661850452423
   194     2.335985e+04     1.133611e+01
 * time: 357.5044791698456
   195     2.335985e+04     1.110986e+01
 * time: 359.2865650653839
   196     2.335985e+04     1.713022e+01
 * time: 361.18324303627014
   197     2.335985e+04     1.207724e+01
 * time: 362.86380910873413
   198     2.335985e+04     5.951756e+00
 * time: 364.6419081687927
   199     2.335984e+04     9.834315e+00
 * time: 366.5395882129669
   200     2.335984e+04     2.503177e+01
 * time: 368.2049231529236
   201     2.335984e+04     1.041705e+01
 * time: 369.9082090854645
   202     2.335984e+04     1.805546e+01
 * time: 371.59300804138184
   203     2.335984e+04     1.059137e+01
 * time: 373.28631114959717
   204     2.335984e+04     1.685590e+01
 * time: 375.0804212093353
   205     2.335984e+04     1.254552e+00
 * time: 377.13919711112976
   206     2.335984e+04     1.631312e+00
 * time: 378.8172221183777
   207     2.335984e+04     2.690955e+01
 * time: 380.521436214447
   208     2.335984e+04     1.777631e+00
 * time: 382.21487307548523
   209     2.335984e+04     4.697590e+00
 * time: 383.96344804763794
   210     2.335984e+04     1.030066e+01
 * time: 385.879506111145
   211     2.335983e+04     1.900879e+01
 * time: 387.62394404411316
   212     2.335983e+04     8.308097e+00
 * time: 389.33228302001953
   213     2.335983e+04     4.329469e+00
 * time: 391.0016450881958
   214     2.335983e+04     1.157386e+01
 * time: 392.6950101852417
   215     2.335983e+04     4.439418e+00
 * time: 394.38226413726807
   216     2.335983e+04     8.145559e+00
 * time: 396.2068691253662
   217     2.335983e+04     3.410185e+00
 * time: 397.86658811569214
   218     2.335983e+04     5.444611e+00
 * time: 399.5252830982208
   219     2.335983e+04     8.475796e+00
 * time: 401.1874911785126
   220     2.335983e+04     2.893555e+00
 * time: 402.8507151603699
   221     2.335983e+04     1.472826e+01
 * time: 404.56827116012573
   222     2.335983e+04     5.713252e+00
 * time: 406.2716522216797
   223     2.335983e+04     2.304155e+00
 * time: 408.05396008491516
   224     2.335983e+04     7.803812e+00
 * time: 409.7274491786957
   225     2.335983e+04     2.411693e+00
 * time: 411.3982820510864
   226     2.335983e+04     1.004162e+00
 * time: 413.0941460132599
   227     2.335983e+04     1.750988e+00
 * time: 415.0614471435547
   228     2.335983e+04     5.381258e+00
 * time: 416.7584390640259
   229     2.335983e+04     3.817886e+00
 * time: 418.41167402267456
   230     2.335983e+04     4.406594e+00
 * time: 420.07719111442566
   231     2.335983e+04     3.981594e-01
 * time: 421.792809009552
   232     2.335983e+04     1.673636e+00
 * time: 423.46493220329285
   233     2.335983e+04     6.175987e-01
 * time: 425.1378221511841
   234     2.335983e+04     1.794901e+00
 * time: 426.84292221069336
   235     2.335983e+04     3.633843e-01
 * time: 428.5030481815338
   236     2.335983e+04     5.165465e-01
 * time: 430.4238660335541
439.166521 seconds (147.32 M allocations: 16.852 GiB, 1.43% gc time)
optimization complete 
converged: true 
computing Hessian 
 61.757220 seconds (28.65 M allocations: 1.574 GiB, 2.39% gc time)
computing samples from ML parameters 
done, saving. 
