Iter     Function value   Gradient norm 
     0     9.538099e+02     1.615878e+02
 * time: 1.1920928955078125e-5
     1     8.453673e+02     4.982856e+01
 * time: 5.431959867477417
     2     8.275047e+02     5.344096e+01
 * time: 7.197811841964722
     3     8.184086e+02     5.127968e+01
 * time: 8.964308977127075
     4     8.089675e+02     4.042855e+01
 * time: 10.722437858581543
     5     7.968900e+02     1.961053e+01
 * time: 12.50007176399231
     6     7.927379e+02     1.344976e+01
 * time: 14.311316967010498
     7     7.899715e+02     8.302589e+00
 * time: 16.165488958358765
     8     7.877738e+02     5.244686e+00
 * time: 18.07527184486389
     9     7.863247e+02     3.552827e+00
 * time: 20.015673875808716
    10     7.851911e+02     2.519587e+00
 * time: 21.961110830307007
    11     7.844747e+02     2.147380e+00
 * time: 23.902909994125366
    12     7.840618e+02     9.868722e-01
 * time: 25.853299856185913
    13     7.837774e+02     6.310581e-01
 * time: 27.812784910202026
    14     7.836498e+02     3.092250e-01
 * time: 29.76627492904663
    15     7.835837e+02     1.691828e-01
 * time: 31.726988792419434
    16     7.835359e+02     2.241917e-01
 * time: 33.656301975250244
    17     7.834761e+02     2.671606e-01
 * time: 35.60136699676514
    18     7.834118e+02     6.132110e-01
 * time: 37.61290192604065
    19     7.834001e+02     4.178274e-01
 * time: 40.246967792510986
    20     7.833206e+02     2.722120e+00
 * time: 42.208899974823
    21     7.832596e+02     3.052532e+00
 * time: 44.60983180999756
    22     7.832178e+02     3.315388e+00
 * time: 46.916337966918945
    23     7.831558e+02     3.345852e+00
 * time: 49.231886863708496
    24     7.830316e+02     3.204130e+00
 * time: 51.55160999298096
    25     7.830180e+02     9.597453e-01
 * time: 53.50657677650452
    26     7.828822e+02     2.141849e+00
 * time: 55.46889877319336
    27     7.828577e+02     2.006441e+00
 * time: 57.419625997543335
    28     7.827847e+02     2.096350e+00
 * time: 59.36371994018555
    29     7.824607e+02     9.128986e-01
 * time: 61.322016954422
    30     7.824008e+02     1.131137e+00
 * time: 63.61245584487915
    31     7.823500e+02     7.028740e+00
 * time: 65.54455089569092
    32     7.821870e+02     2.790523e+00
 * time: 67.53648686408997
    33     7.820807e+02     9.946152e-01
 * time: 69.5898859500885
    34     7.820410e+02     5.668984e-01
 * time: 71.8889467716217
    35     7.820063e+02     1.014833e+00
 * time: 74.14731884002686
    36     7.819705e+02     2.686316e+00
 * time: 76.4170618057251
    37     7.819272e+02     5.289233e+00
 * time: 78.34819078445435
    38     7.818532e+02     1.964193e+00
 * time: 80.2641167640686
    39     7.817797e+02     1.468161e+01
 * time: 82.20240783691406
    40     7.814763e+02     6.564837e+00
 * time: 84.10379981994629
    41     7.813800e+02     3.387916e+01
 * time: 86.02019000053406
    42     7.807781e+02     1.581217e+01
 * time: 87.91765594482422
    43     7.805412e+02     4.718449e+01
 * time: 89.81084489822388
    44     7.800513e+02     4.017825e+01
 * time: 91.72265386581421
    45     7.797026e+02     3.562192e+01
 * time: 93.61832594871521
    46     7.794530e+02     5.313535e+00
 * time: 95.49996590614319
    47     7.793981e+02     4.899619e+01
 * time: 97.41432094573975
    48     7.793068e+02     1.791803e+01
 * time: 99.31584787368774
    49     7.792432e+02     6.813908e+00
 * time: 101.22996377944946
    50     7.791932e+02     1.065861e+01
 * time: 103.14679193496704
    51     7.791725e+02     4.533083e+00
 * time: 105.04333996772766
    52     7.791637e+02     8.485989e+00
 * time: 106.94660091400146
    53     7.791604e+02     4.845017e+00
 * time: 108.84903979301453
    54     7.791592e+02     1.084925e+00
 * time: 110.7441098690033
    55     7.791590e+02     4.789855e-01
 * time: 112.65945482254028
    56     7.791590e+02     4.873639e-01
 * time: 115.18654489517212
    57     7.791590e+02     4.146230e-01
 * time: 117.72542476654053
    58     7.791590e+02     3.771134e-01
 * time: 120.26151394844055
    59     7.791590e+02     1.739221e-01
 * time: 122.50384879112244
    60     7.791590e+02     1.737804e-01
 * time: 125.36186695098877
141.473214 seconds (91.62 M allocations: 6.429 GiB, 2.29% gc time)
 41.803943 seconds (27.04 M allocations: 1.208 GiB, 2.83% gc time)
