Iter     Function value   Gradient norm 
     0     1.301085e+06     3.277264e+03
 * time: 1.5974044799804688e-5
     1     1.293587e+06     1.626447e+03
 * time: 41.552582025527954
     2     1.288414e+06     1.443777e+03
 * time: 80.8454520702362
     3     1.285591e+06     1.498701e+03
 * time: 121.48944211006165
     4     1.283456e+06     1.899391e+03
 * time: 161.1675751209259
     5     1.281559e+06     1.773243e+03
 * time: 200.33839416503906
     6     1.279838e+06     1.717982e+03
 * time: 239.8339021205902
     7     1.278087e+06     2.209549e+03
 * time: 279.66872811317444
     8     1.276467e+06     3.660193e+03
 * time: 319.892991065979
     9     1.274873e+06     4.948591e+03
 * time: 360.1865019798279
    10     1.273338e+06     5.242448e+03
 * time: 399.9816310405731
    11     1.271795e+06     5.018897e+03
 * time: 439.73961997032166
    12     1.270320e+06     5.672291e+03
 * time: 480.12363600730896
    13     1.268841e+06     5.962501e+03
 * time: 521.7545561790466
    14     1.267354e+06     6.377749e+03
 * time: 562.7637691497803
    15     1.265884e+06     6.530645e+03
 * time: 603.6202421188354
    16     1.264442e+06     6.523586e+03
 * time: 644.0219621658325
    17     1.262995e+06     6.343066e+03
 * time: 683.7294390201569
    18     1.261570e+06     6.309794e+03
 * time: 723.4599511623383
    19     1.260172e+06     5.932256e+03
 * time: 763.2321519851685
    20     1.258785e+06     5.673839e+03
 * time: 803.9430849552155
    21     1.257427e+06     5.357769e+03
 * time: 845.7326731681824
    22     1.256046e+06     5.015899e+03
 * time: 888.2016921043396
    23     1.254691e+06     4.746503e+03
 * time: 928.9928050041199
    24     1.253355e+06     4.562627e+03
 * time: 969.2283101081848
    25     1.251997e+06     4.383022e+03
 * time: 1009.9515860080719
    26     1.250675e+06     4.472773e+03
 * time: 1050.2641971111298
    27     1.249343e+06     4.306205e+03
 * time: 1091.1504969596863
    28     1.248026e+06     4.095296e+03
 * time: 1132.3558340072632
    29     1.246746e+06     3.922343e+03
 * time: 1172.8146481513977
    30     1.245485e+06     3.984161e+03
 * time: 1215.554442167282
    31     1.244246e+06     3.894501e+03
 * time: 1256.436231136322
    32     1.243005e+06     3.695689e+03
 * time: 1297.3621430397034
    33     1.241826e+06     3.483304e+03
 * time: 1337.2723870277405
    34     1.240695e+06     3.564789e+03
 * time: 1377.8364889621735
    35     1.239619e+06     3.796501e+03
 * time: 1418.0313911437988
    36     1.238571e+06     3.539195e+03
 * time: 1458.4284670352936
    37     1.237603e+06     3.360063e+03
 * time: 1498.364499092102
    38     1.236630e+06     3.322242e+03
 * time: 1540.5416901111603
    39     1.235691e+06     3.276688e+03
 * time: 1580.860398054123
    40     1.234745e+06     3.251057e+03
 * time: 1621.6310341358185
    41     1.233833e+06     3.246501e+03
 * time: 1662.1868960857391
    42     1.232898e+06     3.138325e+03
 * time: 1701.8451900482178
    43     1.231988e+06     3.098783e+03
 * time: 1741.272794008255
    44     1.231099e+06     3.086654e+03
 * time: 1781.627182006836
    45     1.230224e+06     3.026869e+03
 * time: 1821.574882030487
    46     1.229366e+06     3.028004e+03
 * time: 1862.0592980384827
    47     1.228516e+06     2.934193e+03
 * time: 1901.7903461456299
    48     1.227673e+06     2.829288e+03
 * time: 1941.5114469528198
    49     1.226840e+06     2.804661e+03
 * time: 1981.1536281108856
    50     1.226042e+06     2.712510e+03
 * time: 2020.4948790073395
    51     1.225216e+06     2.636826e+03
 * time: 2059.8624761104584
    52     1.224430e+06     2.647343e+03
 * time: 2100.4882340431213
    53     1.223670e+06     2.533091e+03
 * time: 2140.679373025894
    54     1.222902e+06     2.401599e+03
 * time: 2180.1362550258636
    55     1.222189e+06     2.318921e+03
 * time: 2221.068974018097
    56     1.221452e+06     2.265431e+03
 * time: 2261.250144004822
    57     1.220730e+06     2.172310e+03
 * time: 2300.973545074463
    58     1.220031e+06     2.267300e+03
 * time: 2339.9684381484985
    59     1.219328e+06     2.157269e+03
 * time: 2379.060451030731
    60     1.218633e+06     2.114255e+03
 * time: 2418.2901520729065
    61     1.217956e+06     2.057942e+03
 * time: 2457.66166305542
    62     1.217277e+06     2.039855e+03
 * time: 2497.1187131404877
    63     1.216593e+06     1.935379e+03
 * time: 2536.769814968109
    64     1.215948e+06     1.926954e+03
 * time: 2576.6155531406403
    65     1.215274e+06     1.908132e+03
 * time: 2616.367038965225
    66     1.214626e+06     1.841770e+03
 * time: 2657.2480330467224
    67     1.213972e+06     1.736635e+03
 * time: 2697.9814360141754
    68     1.213320e+06     1.634006e+03
 * time: 2737.182250022888
    69     1.212677e+06     1.664624e+03
 * time: 2776.624286174774
    70     1.212013e+06     1.577186e+03
 * time: 2815.8253791332245
    71     1.211369e+06     1.490449e+03
 * time: 2855.78542304039
    72     1.210726e+06     1.449454e+03
 * time: 2895.622640132904
    73     1.210099e+06     1.315917e+03
 * time: 2937.981078147888
    74     1.209432e+06     1.317243e+03
 * time: 2978.22026515007
    75     1.208773e+06     1.280766e+03
 * time: 3019.886983156204
    76     1.208140e+06     1.333404e+03
 * time: 3060.514402151108
    77     1.207497e+06     1.237179e+03
 * time: 3101.0191900730133
    78     1.206884e+06     1.349976e+03
 * time: 3141.742954015732
    79     1.206246e+06     1.310045e+03
 * time: 3181.874554157257
    80     1.205652e+06     1.134485e+03
 * time: 3223.045336961746
    81     1.205011e+06     9.706599e+02
 * time: 3263.530368089676
    82     1.204439e+06     9.789147e+02
 * time: 3304.364809036255
    83     1.203830e+06     9.726545e+02
 * time: 3344.9264299869537
    84     1.203245e+06     1.028531e+03
 * time: 3385.4794220924377
    85     1.202675e+06     1.005255e+03
 * time: 3425.8523721694946
    86     1.202076e+06     1.038441e+03
 * time: 3466.352991104126
    87     1.201507e+06     1.113832e+03
 * time: 3507.8575870990753
    88     1.200925e+06     1.111141e+03
 * time: 3549.3528389930725
    89     1.200367e+06     1.141575e+03
 * time: 3590.2744929790497
    90     1.199802e+06     1.122027e+03
 * time: 3633.0226430892944
    91     1.199270e+06     1.143894e+03
 * time: 3674.041309118271
    92     1.198728e+06     1.106200e+03
 * time: 3714.875734090805
    93     1.198166e+06     1.092609e+03
 * time: 3756.2615089416504
    94     1.197617e+06     1.091992e+03
 * time: 3798.708330154419
    95     1.197104e+06     1.056467e+03
 * time: 3839.3307280540466
    96     1.196583e+06     1.003741e+03
 * time: 3880.590443134308
    97     1.196067e+06     9.864736e+02
 * time: 3922.6837151050568
    98     1.195536e+06     9.788540e+02
 * time: 3963.2903089523315
    99     1.195029e+06     1.119520e+03
 * time: 4003.7818291187286
   100     1.194526e+06     1.127916e+03
 * time: 4045.421201944351
   101     1.193993e+06     1.319350e+03
 * time: 4086.048129081726
   102     1.193522e+06     1.409986e+03
 * time: 4126.808403015137
   103     1.193052e+06     1.445752e+03
 * time: 4166.779059171677
   104     1.192593e+06     1.251548e+03
 * time: 4206.957846164703
   105     1.192119e+06     1.271214e+03
 * time: 4248.206598997116
   106     1.191647e+06     1.179396e+03
 * time: 4289.010215997696
   107     1.191206e+06     1.170073e+03
 * time: 4329.3528599739075
   108     1.190774e+06     1.209881e+03
 * time: 4369.729017972946
   109     1.190339e+06     1.229139e+03
 * time: 4410.6558310985565
   110     1.189928e+06     1.152919e+03
 * time: 4451.542929172516
   111     1.189511e+06     1.134744e+03
 * time: 4492.522968053818
   112     1.189088e+06     1.188086e+03
 * time: 4533.426290988922
   113     1.188705e+06     1.230481e+03
 * time: 4574.170099973679
   114     1.188319e+06     1.161593e+03
 * time: 4614.590722084045
   115     1.187929e+06     1.096481e+03
 * time: 4654.893121004105
   116     1.187520e+06     1.162718e+03
 * time: 4696.164396047592
   117     1.187163e+06     1.110820e+03
 * time: 4736.987091064453
   118     1.186791e+06     1.142211e+03
 * time: 4778.2095329761505
   119     1.186436e+06     1.165378e+03
 * time: 4819.507390022278
   120     1.186059e+06     1.190895e+03
 * time: 4860.035295963287
   121     1.185713e+06     1.180890e+03
 * time: 4900.018772125244
   122     1.185370e+06     1.170735e+03
 * time: 4939.953112125397
   123     1.185061e+06     1.147385e+03
 * time: 4981.492342948914
   124     1.184695e+06     1.094623e+03
 * time: 5022.770744085312
   125     1.184364e+06     1.140577e+03
 * time: 5063.166931152344
   126     1.184008e+06     1.115351e+03
 * time: 5103.309896945953
   127     1.183689e+06     1.157823e+03
 * time: 5143.380077123642
   128     1.183361e+06     1.119896e+03
 * time: 5185.182266950607
   129     1.183016e+06     1.144237e+03
 * time: 5226.553265094757
   130     1.182706e+06     1.112765e+03
 * time: 5267.463435173035
   131     1.182405e+06     1.109659e+03
 * time: 5309.6815440654755
   132     1.182097e+06     1.099856e+03
 * time: 5351.7158970832825
   133     1.181776e+06     1.122722e+03
 * time: 5392.406816005707
   134     1.181479e+06     1.091370e+03
 * time: 5433.078307151794
   135     1.181161e+06     1.138088e+03
 * time: 5473.663099050522
   136     1.180826e+06     1.110753e+03
 * time: 5514.434201955795
   137     1.180511e+06     1.051509e+03
 * time: 5554.395835161209
   138     1.180189e+06     1.125317e+03
 * time: 5594.626821041107
   139     1.179884e+06     1.101209e+03
 * time: 5635.9602971076965
   140     1.179556e+06     1.063316e+03
 * time: 5677.696743011475
   141     1.179275e+06     1.085154e+03
 * time: 5719.697062969208
   142     1.178984e+06     1.077598e+03
 * time: 5761.048187971115
   143     1.178681e+06     1.042847e+03
 * time: 5801.819654941559
   144     1.178379e+06     1.091629e+03
 * time: 5844.028635978699
   145     1.178097e+06     1.082357e+03
 * time: 5885.476405143738
   146     1.177815e+06     1.112085e+03
 * time: 5925.725650072098
   147     1.177521e+06     1.070042e+03
 * time: 5966.798264980316
   148     1.177275e+06     1.043198e+03
 * time: 6008.219664096832
   149     1.176993e+06     1.033963e+03
 * time: 6048.040724992752
   150     1.176715e+06     1.016370e+03
 * time: 6088.084668159485
   151     1.176453e+06     1.056841e+03
 * time: 6128.312772989273
   152     1.176171e+06     9.584640e+02
 * time: 6168.5463399887085
   153     1.175917e+06     9.355656e+02
 * time: 6208.369585990906
   154     1.175683e+06     9.109133e+02
 * time: 6248.264703035355
   155     1.175375e+06     9.439003e+02
 * time: 6288.3702001571655
   156     1.175121e+06     9.839841e+02
 * time: 6329.4926681518555
   157     1.174865e+06     9.494462e+02
 * time: 6370.2486000061035
   158     1.174609e+06     9.355182e+02
 * time: 6411.163340091705
   159     1.174341e+06     9.532623e+02
 * time: 6451.341484069824
   160     1.174074e+06     9.064888e+02
 * time: 6491.480931043625
   161     1.173829e+06     9.502776e+02
 * time: 6531.37503194809
   162     1.173549e+06     9.246976e+02
 * time: 6571.688284158707
   163     1.173304e+06     9.480302e+02
 * time: 6611.806034088135
   164     1.173033e+06     9.431210e+02
 * time: 6651.336117982864
   165     1.172777e+06     1.067348e+03
 * time: 6691.507253170013
   166     1.172558e+06     9.921730e+02
 * time: 6731.670251131058
   167     1.172275e+06     9.692823e+02
 * time: 6771.641113042831
   168     1.172030e+06     1.047830e+03
 * time: 6811.923500061035
   169     1.171757e+06     1.007791e+03
 * time: 6852.084997177124
   170     1.171540e+06     1.080908e+03
 * time: 6892.381188154221
   171     1.171290e+06     9.676990e+02
 * time: 6932.257394075394
   172     1.171050e+06     1.178314e+03
 * time: 6972.338463068008
   173     1.170807e+06     1.144138e+03
 * time: 7011.969258069992
   174     1.170602e+06     1.082657e+03
 * time: 7052.02681016922
   175     1.170378e+06     1.103562e+03
 * time: 7092.593738079071
   176     1.170174e+06     1.255642e+03
 * time: 7132.964547157288
   177     1.169941e+06     1.139495e+03
 * time: 7173.159353971481
   178     1.169719e+06     1.119388e+03
 * time: 7213.8259880542755
   179     1.169514e+06     1.045641e+03
 * time: 7255.236140012741
   180     1.169329e+06     1.190700e+03
 * time: 7295.983325958252
   181     1.169119e+06     1.227388e+03
 * time: 7337.355616092682
   182     1.168917e+06     1.179609e+03
 * time: 7378.704916000366
   183     1.168710e+06     1.189123e+03
 * time: 7417.661786079407
   184     1.168508e+06     9.972961e+02
 * time: 7457.711182117462
   185     1.168331e+06     1.074434e+03
 * time: 7498.041974067688
   186     1.168140e+06     1.168691e+03
 * time: 7538.051980018616
   187     1.167958e+06     1.325638e+03
 * time: 7578.648576974869
   188     1.167760e+06     1.257317e+03
 * time: 7620.5784549713135
   189     1.167584e+06     1.298387e+03
 * time: 7661.4866771698
   190     1.167426e+06     1.243761e+03
 * time: 7701.7006051540375
   191     1.167238e+06     1.240736e+03
 * time: 7741.212576150894
   192     1.167053e+06     1.096402e+03
 * time: 7780.949912071228
   193     1.166921e+06     1.310602e+03
 * time: 7823.51420211792
   194     1.166741e+06     1.287427e+03
 * time: 7865.292655944824
   195     1.166594e+06     1.144845e+03
 * time: 7906.027441978455
   196     1.166448e+06     1.207935e+03
 * time: 7946.5022830963135
   197     1.166264e+06     1.209373e+03
 * time: 7988.179998159409
   198     1.166121e+06     1.205225e+03
 * time: 8029.176609992981
   199     1.165973e+06     1.162033e+03
 * time: 8069.264924049377
   200     1.165780e+06     1.225953e+03
 * time: 8109.723979949951
Iter     Function value   Gradient norm 
     0     1.165555e+06     3.010101e+03
 * time: 3.910064697265625e-5
     1     1.165404e+06     3.968653e+03
 * time: 1062.555999994278
     2     1.165205e+06     2.964240e+03
 * time: 2107.561098098755
     3     1.165057e+06     2.544925e+03
 * time: 3150.7779519557953
     4     1.164706e+06     3.842021e+03
 * time: 4176.81675696373
     5     1.164586e+06     3.920780e+03
 * time: 5208.699521064758
     6     1.164477e+06     3.417872e+03
 * time: 6242.468644142151
     7     1.163922e+06     3.800601e+03
 * time: 7264.052375078201
     8     1.163329e+06     3.934339e+03
 * time: 8287.18484210968
     9     1.162829e+06     3.736588e+03
 * time: 9305.050890922546
    10     1.162268e+06     3.309631e+03
 * time: 10311.856210947037
    11     1.161903e+06     2.748891e+03
 * time: 11260.233762025833
    12     1.161386e+06     2.801496e+03
 * time: 12118.865805149078
    13     1.160928e+06     2.646885e+03
 * time: 12979.109512090683
    14     1.160439e+06     2.271712e+03
 * time: 13840.57406592369
    15     1.159961e+06     1.935107e+03
 * time: 14697.631911993027
    16     1.159491e+06     1.611641e+03
 * time: 15563.132337093353
    17     1.159016e+06     1.302613e+03
 * time: 16431.03847193718
    18     1.158543e+06     8.397717e+02
 * time: 17304.1923661232
    19     1.158077e+06     7.543898e+02
 * time: 18178.979588985443
    20     1.157612e+06     5.688063e+02
 * time: 19059.636574029922
    21     1.157167e+06     5.731845e+02
 * time: 19944.713870048523
    22     1.156739e+06     6.013066e+02
 * time: 20836.270472049713
    23     1.156357e+06     4.660407e+02
 * time: 21729.67613005638
    24     1.155978e+06     3.717343e+02
 * time: 22620.618464946747
    25     1.155603e+06     3.558775e+02
 * time: 23511.375915050507
    26     1.155247e+06     4.833421e+02
 * time: 24407.169016122818
    27     1.154906e+06     3.793156e+02
 * time: 25305.23251605034
    28     1.154595e+06     4.265159e+02
 * time: 26204.00333595276
    29     1.154280e+06     3.366020e+02
 * time: 27104.567845106125
    30     1.153970e+06     5.329463e+02
 * time: 28004.372360944748
    31     1.153677e+06     6.653104e+02
 * time: 28904.172924995422
    32     1.153400e+06     6.653164e+02
 * time: 29803.54256796837
    33     1.153135e+06     8.981091e+02
 * time: 30700.569911956787
    34     1.152871e+06     8.603306e+02
 * time: 31597.222303152084
    35     1.152609e+06     8.730905e+02
 * time: 32498.024565935135
    36     1.152347e+06     8.672583e+02
 * time: 33396.13562297821
    37     1.152088e+06     9.118410e+02
 * time: 34295.13257312775
    38     1.151828e+06     9.321019e+02
 * time: 35192.40494513512
    39     1.151569e+06     9.595778e+02
 * time: 36092.22337293625
    40     1.151314e+06     9.226086e+02
 * time: 36992.398365974426
    41     1.151060e+06     8.829337e+02
 * time: 37890.15585112572
    42     1.150822e+06     7.763622e+02
 * time: 38786.201936006546
    43     1.150596e+06     1.140530e+03
 * time: 39686.99802494049
    44     1.150376e+06     1.034919e+03
 * time: 40585.77600812912
    45     1.150164e+06     7.530406e+03
 * time: 41483.60391306877
    46     1.149971e+06     6.788736e+02
 * time: 42383.23254609108
    47     1.149780e+06     7.337929e+02
 * time: 43281.448812007904
    48     1.149589e+06     8.115219e+02
 * time: 44178.53358101845
    49     1.149396e+06     1.039354e+03
 * time: 45078.93088102341
    50     1.149204e+06     1.058455e+03
 * time: 45975.90242314339
    51     1.149018e+06     1.127430e+03
 * time: 46875.522011995316
    52     1.148834e+06     1.239218e+03
 * time: 47768.50888514519
    53     1.148653e+06     1.521937e+03
 * time: 48661.562124967575
    54     1.148468e+06     1.745488e+03
 * time: 49553.49639105797
    55     1.148300e+06     1.984331e+03
 * time: 50446.57416296005
    56     1.148129e+06     1.920330e+03
 * time: 51333.89427304268
    57     1.147958e+06     2.043625e+03
 * time: 52220.69480109215
    58     1.147788e+06     2.072925e+03
 * time: 53100.58458209038
    59     1.147619e+06     5.698497e+03
 * time: 53983.3392329216
    60     1.147457e+06     2.058141e+03
 * time: 54861.594738960266
    61     1.147297e+06     2.007862e+03
 * time: 55742.262614011765
    62     1.147135e+06     2.000483e+03
 * time: 56617.922644138336
    63     1.146972e+06     1.926649e+03
 * time: 57497.51195001602
    64     1.146813e+06     5.307193e+04
 * time: 58375.98808813095
    65     1.146649e+06     1.786578e+03
 * time: 59255.64636707306
    66     1.146488e+06     1.720918e+03
 * time: 60135.52101397514
    67     1.146325e+06     1.632530e+03
 * time: 61012.00047492981
    68     1.146166e+06     2.489396e+03
 * time: 61889.44946694374
    69     1.146009e+06     1.503927e+03
 * time: 62769.19512009621
    70     1.145858e+06     1.479446e+03
 * time: 63645.13248896599
    71     1.145707e+06     1.501154e+03
 * time: 64526.84597015381
    72     1.145555e+06     1.463052e+03
 * time: 65406.28818297386
    73     1.145399e+06     1.419548e+03
 * time: 66288.74216103554
    74     1.145251e+06     2.937522e+03
 * time: 67167.89367508888
    75     1.145101e+06     1.267613e+03
 * time: 68048.4420850277
    76     1.144962e+06     1.165143e+03
 * time: 68926.85651397705
    77     1.144824e+06     1.027432e+03
 * time: 69805.54878807068
