Iter     Function value   Gradient norm 
     0     1.658370e+03     1.805076e+02
 * time: 1.2159347534179688e-5
     1     1.571043e+03     1.948025e+01
 * time: 6.377619028091431
     2     1.546507e+03     1.551038e+01
 * time: 9.110635042190552
     3     1.527382e+03     2.601477e+01
 * time: 11.881700992584229
     4     1.518736e+03     5.273925e+01
 * time: 14.61942195892334
     5     1.514152e+03     4.339241e+01
 * time: 17.39817500114441
     6     1.508792e+03     3.532736e+01
 * time: 20.187682151794434
     7     1.505321e+03     2.922006e+01
 * time: 23.02448296546936
     8     1.500626e+03     2.064923e+01
 * time: 25.894761085510254
     9     1.496822e+03     1.765804e+01
 * time: 28.77030611038208
    10     1.493829e+03     1.256503e+01
 * time: 31.64678406715393
    11     1.491677e+03     1.058432e+01
 * time: 34.5604829788208
    12     1.490062e+03     6.532991e+00
 * time: 37.4837110042572
    13     1.489023e+03     5.227216e+00
 * time: 40.40684795379639
    14     1.488315e+03     2.649705e+00
 * time: 43.31992197036743
    15     1.487937e+03     1.632222e+00
 * time: 46.24941611289978
    16     1.487753e+03     3.924319e-01
 * time: 49.16844606399536
    17     1.487717e+03     5.804786e-01
 * time: 52.0562641620636
    18     1.487709e+03     3.573419e-01
 * time: 55.01862716674805
    19     1.487696e+03     4.886642e-01
 * time: 57.90963006019592
    20     1.487666e+03     7.585758e-01
 * time: 60.82572317123413
    21     1.487634e+03     4.826828e-01
 * time: 63.74861717224121
    22     1.487609e+03     4.518234e-01
 * time: 66.66347813606262
    23     1.487598e+03     7.890802e-02
 * time: 69.59365701675415
    24     1.487592e+03     2.998641e-01
 * time: 72.50093412399292
    25     1.487588e+03     2.700063e-01
 * time: 75.65437602996826
    26     1.487585e+03     2.624813e-01
 * time: 78.55369710922241
    27     1.487582e+03     2.058256e-01
 * time: 81.44521999359131
    28     1.487580e+03     1.273221e-01
 * time: 84.34810304641724
    29     1.487579e+03     1.220549e-01
 * time: 87.24952507019043
    30     1.487578e+03     5.357129e-02
 * time: 90.15713906288147
    31     1.487577e+03     3.404818e-02
 * time: 93.05855298042297
    32     1.487576e+03     5.281402e-02
 * time: 95.96131706237793
    33     1.487576e+03     4.858393e-02
 * time: 98.86390495300293
    34     1.487576e+03     4.264877e-02
 * time: 101.80643510818481
    35     1.487575e+03     3.179552e-02
 * time: 104.74275803565979
    36     1.487575e+03     5.659425e-02
 * time: 107.64214897155762
    37     1.487575e+03     3.148590e-02
 * time: 110.5644781589508
    38     1.487574e+03     3.306242e-02
 * time: 113.49722599983215
    39     1.487574e+03     3.506668e-02
 * time: 116.42284798622131
    40     1.487574e+03     3.631160e-02
 * time: 119.34009218215942
    41     1.487573e+03     1.422484e-01
 * time: 122.76205706596375
    42     1.487573e+03     7.410134e-02
 * time: 126.65005207061768
    43     1.487573e+03     8.845885e-02
 * time: 130.5220911502838
    44     1.487570e+03     1.287467e-01
 * time: 133.4444661140442
    45     1.487540e+03     2.455520e+00
 * time: 136.3572051525116
    46     1.487537e+03     2.894861e+00
 * time: 139.7561650276184
    47     1.487519e+03     4.556180e+00
 * time: 142.66927909851074
    48     1.487459e+03     4.281959e+00
 * time: 145.57727909088135
    49     1.487252e+03     1.561781e+00
 * time: 148.5090880393982
    50     1.487241e+03     1.705100e+00
 * time: 151.93629097938538
    51     1.487188e+03     1.622551e+00
 * time: 154.89081597328186
    52     1.487177e+03     9.331527e-01
 * time: 157.7808620929718
    53     1.487169e+03     3.822497e-01
 * time: 160.68629908561707
    54     1.487168e+03     1.178547e-01
 * time: 163.62382197380066
    55     1.487168e+03     1.486643e-02
 * time: 166.78750801086426
    56     1.487168e+03     1.455666e-02
 * time: 171.15187215805054
188.052583 seconds (117.83 M allocations: 8.484 GiB, 2.34% gc time)
 52.305822 seconds (28.23 M allocations: 1.271 GiB, 1.79% gc time)
