Iter     Function value   Gradient norm 
     0     8.305175e+03     3.731850e+02
 * time: 1.6927719116210938e-5
     1     8.228466e+03     5.869282e+01
 * time: 19.751267910003662
     2     8.143311e+03     4.680068e+01
 * time: 33.520406007766724
     3     8.074366e+03     1.003072e+02
 * time: 47.194011926651
     4     8.044544e+03     1.887379e+02
 * time: 60.81754493713379
     5     8.041340e+03     2.035384e+02
 * time: 76.69770002365112
     6     8.019906e+03     1.438603e+02
 * time: 90.35955095291138
     7     8.006257e+03     1.125706e+02
 * time: 103.95623803138733
     8     7.992185e+03     2.828138e+01
 * time: 117.53814888000488
     9     7.984801e+03     3.423409e+01
 * time: 131.2840449810028
    10     7.979138e+03     2.688742e+01
 * time: 145.17987704277039
    11     7.974384e+03     1.584610e+01
 * time: 159.21606492996216
    12     7.972517e+03     1.357418e+01
 * time: 173.2268669605255
    13     7.971729e+03     6.737613e+00
 * time: 187.5678870677948
    14     7.971248e+03     8.570242e-01
 * time: 201.58064794540405
    15     7.971174e+03     1.543488e+00
 * time: 215.55745887756348
    16     7.971134e+03     7.555261e-01
 * time: 229.7106330394745
    17     7.971110e+03     1.371286e+00
 * time: 243.84222197532654
    18     7.971039e+03     1.435777e+00
 * time: 257.9491310119629
    19     7.970963e+03     1.064915e+00
 * time: 272.0987720489502
    20     7.970902e+03     1.067563e+00
 * time: 286.1744909286499
    21     7.970858e+03     1.505001e+00
 * time: 300.2113690376282
    22     7.970823e+03     1.662755e+00
 * time: 314.4885709285736
    23     7.970795e+03     1.461785e+00
 * time: 328.69685101509094
    24     7.970772e+03     1.100522e+00
 * time: 342.83289909362793
    25     7.970752e+03     4.592160e-01
 * time: 357.2049078941345
    26     7.970742e+03     1.107375e+00
 * time: 371.36317110061646
    27     7.970736e+03     1.674711e+00
 * time: 385.39145398139954
    28     7.970734e+03     3.872353e-01
 * time: 399.39997601509094
    29     7.970733e+03     3.833476e-01
 * time: 413.54521203041077
    30     7.970732e+03     3.905966e-01
 * time: 427.59598088264465
    31     7.970720e+03     3.335089e-01
 * time: 441.6505949497223
    32     7.970712e+03     9.668109e-01
 * time: 455.74200797080994
    33     7.970705e+03     3.459060e-01
 * time: 469.8095591068268
    34     7.970702e+03     2.658519e-01
 * time: 483.8414149284363
    35     7.970701e+03     1.421711e-01
 * time: 497.95963406562805
    36     7.970701e+03     1.448087e-01
 * time: 512.1502299308777
    37     7.970700e+03     1.329017e-01
 * time: 526.4728980064392
    38     7.970698e+03     1.255953e-01
 * time: 540.4917140007019
    39     7.970695e+03     1.871523e-01
 * time: 554.5771100521088
    40     7.970691e+03     2.259016e-01
 * time: 568.670923948288
    41     7.970686e+03     2.414716e-01
 * time: 582.86092710495
    42     7.970681e+03     2.498823e-01
 * time: 596.9291949272156
    43     7.970676e+03     2.534791e-01
 * time: 610.9786849021912
    44     7.970671e+03     2.546206e-01
 * time: 625.1298151016235
    45     7.970667e+03     3.225679e-01
 * time: 639.2175030708313
    46     7.970663e+03     4.014398e-01
 * time: 653.3078970909119
    47     7.970659e+03     4.775429e-01
 * time: 667.4960589408875
    48     7.970656e+03     5.158110e-01
 * time: 681.7772369384766
    49     7.970654e+03     5.400963e-01
 * time: 695.8141748905182
    50     7.970652e+03     5.464163e-01
 * time: 709.9373779296875
    51     7.970650e+03     5.484607e-01
 * time: 724.1051058769226
    52     7.970648e+03     5.285013e-01
 * time: 738.2632689476013
    53     7.970647e+03     5.061459e-01
 * time: 752.4182779788971
    54     7.970645e+03     4.671932e-01
 * time: 766.4386529922485
    55     7.970644e+03     4.214818e-01
 * time: 780.4951369762421
    56     7.970643e+03     3.783473e-01
 * time: 794.6465170383453
    57     7.970642e+03     3.400831e-01
 * time: 808.7415430545807
    58     7.970642e+03     3.158120e-01
 * time: 822.8576788902283
    59     7.970641e+03     2.751120e-01
 * time: 837.09082198143
    60     7.970641e+03     2.350517e-01
 * time: 851.4787030220032
    61     7.970640e+03     2.103722e-01
 * time: 865.5222249031067
    62     7.970640e+03     1.853864e-01
 * time: 879.5215010643005
    63     7.970639e+03     1.663958e-01
 * time: 893.6554749011993
    64     7.970639e+03     1.470968e-01
 * time: 907.7203860282898
    65     7.970639e+03     1.321178e-01
 * time: 921.8340790271759
    66     7.970638e+03     1.151802e-01
 * time: 935.913568019867
    67     7.970638e+03     1.019587e-01
 * time: 950.0082929134369
    68     7.970638e+03     9.330090e-02
 * time: 964.1580429077148
    69     7.970638e+03     8.116468e-02
 * time: 978.1949739456177
    70     7.970638e+03     7.348378e-02
 * time: 992.3028209209442
    71     7.970638e+03     6.607442e-02
 * time: 1006.5183029174805
    72     7.970637e+03     5.736087e-02
 * time: 1020.494707107544
    73     7.970637e+03     5.194913e-02
 * time: 1034.5977959632874
    74     7.970637e+03     4.585550e-02
 * time: 1048.8453769683838
    75     7.970637e+03     4.123466e-02
 * time: 1063.05655002594
    76     7.970637e+03     3.635470e-02
 * time: 1077.1749789714813
    77     7.970637e+03     3.365008e-02
 * time: 1091.3381299972534
    78     7.970637e+03     3.121717e-02
 * time: 1105.5501289367676
    79     7.970637e+03     2.860654e-02
 * time: 1119.671607017517
    80     7.970637e+03     2.556162e-02
 * time: 1133.725774049759
    81     7.970637e+03     2.304397e-02
 * time: 1147.8599150180817
    82     7.970637e+03     2.020269e-02
 * time: 1162.154051065445
    83     7.970637e+03     1.850084e-02
 * time: 1176.4892508983612
    84     7.970637e+03     1.738887e-02
 * time: 1190.6347510814667
    85     7.970637e+03     1.502740e-02
 * time: 1204.7899630069733
    86     7.970637e+03     1.462724e-02
 * time: 1219.079216003418
    87     7.970637e+03     1.303714e-02
 * time: 1233.1885590553284
    88     7.970637e+03     1.116895e-02
 * time: 1247.2600150108337
    89     7.970637e+03     1.020022e-02
 * time: 1261.340656042099
    90     7.970637e+03     9.644014e-03
 * time: 1275.378387928009
1301.521805 seconds (648.73 M allocations: 50.405 GiB, 1.97% gc time)
172.899658 seconds (38.44 M allocations: 1.820 GiB, 0.93% gc time)
