WARNING: Method definition _bcs1(Any, Any) in module Broadcast at broadcast.jl:439 overwritten in module ImageFiltering at /usr/people/briandd/.julia/packages/ImageFiltering/y5YkM/src/ImageFiltering.jl:28.
Iter     Function value   Gradient norm 
     0     4.678941e+04     4.281952e+03
 * time: 9.059906005859375e-6
     1     4.417192e+04     1.149758e+03
 * time: 2.965085029602051
     2     4.299599e+04     3.969556e+02
 * time: 3.339237928390503
     3     4.269276e+04     5.006972e+02
 * time: 3.7162020206451416
     4     4.252750e+04     7.718677e+02
 * time: 4.111670017242432
     5     4.229993e+04     6.566727e+02
 * time: 4.487093925476074
     6     4.208148e+04     5.811479e+02
 * time: 4.873625040054321
     7     4.183826e+04     7.939942e+02
 * time: 5.2514190673828125
     8     4.160047e+04     9.272287e+02
 * time: 5.668778896331787
     9     4.141085e+04     9.870603e+02
 * time: 6.051267862319946
    10     4.125642e+04     1.037197e+03
 * time: 6.419816970825195
    11     4.111286e+04     1.015362e+03
 * time: 6.808450937271118
    12     4.098585e+04     1.040582e+03
 * time: 7.19847297668457
    13     4.086445e+04     9.980156e+02
 * time: 7.57791805267334
    14     4.077660e+04     9.968280e+02
 * time: 7.960684061050415
    15     4.067058e+04     9.096546e+02
 * time: 8.34218692779541
    16     4.059989e+04     7.755693e+02
 * time: 8.732897996902466
    17     4.050897e+04     7.549886e+02
 * time: 9.114727973937988
    18     4.042562e+04     6.567980e+02
 * time: 9.497089862823486
    19     4.035442e+04     5.860676e+02
 * time: 9.883949041366577
    20     4.025753e+04     5.167835e+02
 * time: 10.260381937026978
    21     4.020636e+04     6.465665e+02
 * time: 10.635516881942749
    22     4.013337e+04     6.296955e+02
 * time: 11.014955043792725
    23     4.007477e+04     4.212713e+02
 * time: 11.39037799835205
    24     3.999650e+04     4.439748e+02
 * time: 11.765857934951782
    25     3.989404e+04     6.122095e+02
 * time: 12.146931886672974
    26     3.982687e+04     5.818937e+02
 * time: 12.54311490058899
    27     3.976379e+04     4.734361e+02
 * time: 12.92244005203247
    28     3.969430e+04     5.852898e+02
 * time: 13.30665898323059
    29     3.962189e+04     5.047788e+02
 * time: 13.718937873840332
    30     3.956827e+04     4.950220e+02
 * time: 14.113390922546387
    31     3.951522e+04     3.769030e+02
 * time: 14.495322942733765
    32     3.945306e+04     4.187990e+02
 * time: 14.89783000946045
    33     3.939686e+04     5.660724e+02
 * time: 15.275514841079712
    34     3.934686e+04     3.995086e+02
 * time: 15.666836023330688
    35     3.931328e+04     3.285889e+02
 * time: 16.03713083267212
    36     3.924771e+04     2.513794e+02
 * time: 16.418087005615234
    37     3.922980e+04     3.274130e+02
 * time: 16.801183938980103
    38     3.917303e+04     2.498876e+02
 * time: 17.185308933258057
    39     3.913683e+04     3.225059e+02
 * time: 17.560781002044678
    40     3.910141e+04     1.199184e+02
 * time: 17.93681287765503
    41     3.905485e+04     3.108830e+02
 * time: 18.313781023025513
    42     3.903432e+04     2.479292e+02
 * time: 18.69261884689331
    43     3.903200e+04     1.431105e+02
 * time: 19.068603038787842
    44     3.899854e+04     1.952565e+02
 * time: 19.454005002975464
    45     3.894308e+04     2.432875e+02
 * time: 19.83900785446167
    46     3.893790e+04     1.558186e+02
 * time: 20.314112901687622
    47     3.894949e+04     1.558186e+02
 * time: 21.841259956359863
Iter     Function value   Gradient norm 
     0     3.861111e+04     1.139766e+03
 * time: 3.0994415283203125e-6
     1     3.859949e+04     1.103720e+03
 * time: 11.131972074508667
     2     3.856041e+04     9.447574e+02
 * time: 18.767877101898193
     3     3.854336e+04     2.242767e+02
 * time: 26.838056087493896
     4     3.850957e+04     3.181816e+02
 * time: 33.65577292442322
     5     3.839576e+04     1.834441e+02
 * time: 40.39246392250061
     6     3.833730e+04     1.887264e+02
 * time: 47.11200714111328
     7     3.829805e+04     3.565272e+02
 * time: 53.93216013908386
     8     3.824228e+04     1.640127e+02
 * time: 60.6254301071167
     9     3.819170e+04     1.224421e+02
 * time: 67.48371911048889
    10     3.815533e+04     4.797820e+02
 * time: 74.68609809875488
    11     3.812446e+04     2.766551e+02
 * time: 81.78689694404602
    12     3.810115e+04     4.343942e+02
 * time: 88.57665705680847
    13     3.807497e+04     3.819520e+02
 * time: 95.3939790725708
    14     3.805272e+04     6.070560e+02
 * time: 102.18903112411499
    15     3.803217e+04     5.797570e+02
 * time: 109.01034593582153
    16     3.801635e+04     5.267251e+02
 * time: 115.78342700004578
    17     3.799655e+04     5.826670e+02
 * time: 122.4838080406189
    18     3.797708e+04     5.432713e+02
 * time: 129.47993111610413
    19     3.795952e+04     4.687821e+02
 * time: 136.46988701820374
    20     3.794214e+04     3.131843e+02
 * time: 143.29161405563354
    21     3.792397e+04     3.551282e+02
 * time: 150.10271692276
    22     3.790796e+04     3.401008e+02
 * time: 157.18672394752502
    23     3.789580e+04     2.969304e+02
 * time: 164.2664110660553
    24     3.788367e+04     2.599901e+02
 * time: 171.02280497550964
    25     3.787141e+04     3.156221e+02
 * time: 177.91057109832764
    26     3.786194e+04     2.696790e+02
 * time: 184.68654894828796
    27     3.785373e+04     1.736313e+02
 * time: 191.50369310379028
    28     3.784978e+04     5.357850e+02
 * time: 198.31789994239807
    29     3.784295e+04     4.344081e+02
 * time: 205.1338210105896
    30     3.783754e+04     3.101208e+02
 * time: 212.16489911079407
    31     3.783314e+04     2.203093e+02
 * time: 219.1386079788208
    32     3.782965e+04     1.277040e+02
 * time: 226.0159010887146
    33     3.782658e+04     1.256474e+02
 * time: 232.95879411697388
    34     3.782324e+04     8.475212e+01
 * time: 239.77649903297424
    35     3.782016e+04     1.026456e+02
 * time: 246.70482301712036
    36     3.781931e+04     1.228215e+02
 * time: 254.03865909576416
    37     3.781848e+04     1.203964e+02
 * time: 261.53662109375
    38     3.781536e+04     3.559988e+02
 * time: 268.2771649360657
    39     3.781432e+04     9.034651e+01
 * time: 275.02490305900574
    40     3.781351e+04     4.231321e+01
 * time: 282.0749931335449
    41     3.780989e+04     1.407516e+02
 * time: 289.5811131000519
    42     3.780764e+04     9.744100e+01
 * time: 296.3691589832306
    43     3.780720e+04     1.082674e+02
 * time: 303.2251160144806
    44     3.780690e+04     9.265381e+01
 * time: 310.1180760860443
    45     3.780584e+04     5.136317e+01
 * time: 317.4229259490967
    46     3.780389e+04     2.459994e+01
 * time: 324.2613971233368
    47     3.780323e+04     4.952815e+01
 * time: 330.9862160682678
    48     3.780286e+04     5.607948e+01
 * time: 338.7444190979004
    49     3.780221e+04     8.352214e+01
 * time: 345.4837529659271
    50     3.780175e+04     2.854220e+01
 * time: 352.1552231311798
    51     3.780076e+04     4.479723e+01
 * time: 359.08300709724426
    52     3.779949e+04     1.112746e+01
 * time: 365.89601707458496
    53     3.779937e+04     1.358134e+01
 * time: 373.342355966568
    54     3.779931e+04     1.348111e+01
 * time: 380.79578709602356
    55     3.779913e+04     7.405412e+00
 * time: 387.7024071216583
    56     3.779891e+04     1.367153e+01
 * time: 394.4735851287842
    57     3.779875e+04     3.051708e+01
 * time: 401.4960000514984
    58     3.779848e+04     2.770803e+01
 * time: 408.2473509311676
    59     3.779814e+04     2.919345e+01
 * time: 415.14436411857605
    60     3.779804e+04     3.017515e+01
 * time: 422.62956500053406
    61     3.779797e+04     1.072894e+01
 * time: 429.4000401496887
    62     3.779788e+04     1.664888e+01
 * time: 436.2889709472656
    63     3.779779e+04     3.567161e+01
 * time: 443.1054561138153
    64     3.779772e+04     1.405721e+01
 * time: 449.9200789928436
    65     3.779766e+04     1.592534e+01
 * time: 456.87151193618774
    66     3.779760e+04     1.514340e+01
 * time: 463.93271803855896
    67     3.779754e+04     9.164383e+01
 * time: 470.67878794670105
    68     3.779743e+04     1.374000e+01
 * time: 477.4278049468994
    69     3.779734e+04     1.368490e+01
 * time: 484.35773515701294
    70     3.779724e+04     4.160781e+01
 * time: 491.25464606285095
    71     3.779714e+04     5.968235e+01
 * time: 498.0232660770416
    72     3.779705e+04     6.840623e+01
 * time: 504.8766369819641
    73     3.779690e+04     1.440397e+01
 * time: 511.78697204589844
    74     3.779688e+04     9.956438e+01
 * time: 518.4946179389954
    75     3.779681e+04     1.773536e+01
 * time: 525.2491879463196
    76     3.779679e+04     2.324035e+01
 * time: 532.3107280731201
    77     3.779676e+04     2.479803e+01
 * time: 539.0998260974884
    78     3.779670e+04     4.800250e+01
 * time: 545.8530991077423
    79     3.779667e+04     8.620319e+00
 * time: 552.6296179294586
    80     3.779664e+04     7.397461e+01
 * time: 559.358314037323
    81     3.779658e+04     3.190287e+01
 * time: 565.9896061420441
    82     3.779651e+04     4.821414e+01
 * time: 572.80157995224
    83     3.779643e+04     2.487307e+01
 * time: 579.6119160652161
    84     3.779642e+04     4.761789e+01
 * time: 587.0920760631561
    85     3.779639e+04     3.067950e+01
 * time: 593.9491150379181
    86     3.779636e+04     1.402181e+01
 * time: 600.7498691082001
    87     3.779635e+04     1.537812e+01
 * time: 607.6418769359589
    88     3.779634e+04     1.261381e+01
 * time: 614.5585689544678
    89     3.779632e+04     2.528241e+01
 * time: 621.2852890491486
    90     3.779630e+04     3.468874e+01
 * time: 627.9789400100708
    91     3.779629e+04     2.847135e+01
 * time: 635.4221439361572
    92     3.779627e+04     2.422142e+01
 * time: 642.1402089595795
    93     3.779624e+04     1.033106e+01
 * time: 648.8314969539642
    94     3.779621e+04     1.578871e+01
 * time: 655.5272481441498
    95     3.779618e+04     9.864760e+00
 * time: 662.1752460002899
    96     3.779617e+04     3.151561e+01
 * time: 669.6518239974976
    97     3.779614e+04     5.645808e+01
 * time: 676.4291341304779
    98     3.779612e+04     2.637676e+01
 * time: 683.114588022232
    99     3.779610e+04     2.306543e+01
 * time: 690.0820960998535
   100     3.779608e+04     3.077333e+01
 * time: 696.8915181159973
   101     3.779607e+04     4.214519e+00
 * time: 703.7099289894104
   102     3.779606e+04     5.409102e+01
 * time: 710.5036299228668
   103     3.779605e+04     3.035474e+01
 * time: 717.4865441322327
   104     3.779604e+04     5.506911e+00
 * time: 724.1605529785156
   105     3.779603e+04     4.030654e+01
 * time: 730.8322160243988
   106     3.779602e+04     1.683575e+01
 * time: 737.6078381538391
   107     3.779601e+04     4.549221e+01
 * time: 744.3615300655365
   108     3.779600e+04     3.192691e+00
 * time: 751.318351984024
   109     3.779600e+04     9.089228e+00
 * time: 758.0716321468353
   110     3.779600e+04     4.144004e+00
 * time: 764.9787940979004
   111     3.779600e+04     5.458852e+00
 * time: 771.794664144516
   112     3.779599e+04     7.120480e+00
 * time: 778.5571870803833
   113     3.779599e+04     1.361108e+01
 * time: 785.552484035492
   114     3.779599e+04     2.101818e+00
 * time: 792.1647429466248
   115     3.779599e+04     6.553038e+00
 * time: 798.8116149902344
   116     3.779598e+04     1.691912e+00
 * time: 805.600280046463
   117     3.779598e+04     5.977639e+00
 * time: 812.5321109294891
   118     3.779598e+04     7.731223e+00
 * time: 819.3967800140381
   119     3.779598e+04     1.566659e+01
 * time: 826.0914199352264
   120     3.779597e+04     1.627619e+01
 * time: 832.8675870895386
   121     3.779597e+04     1.162294e+01
 * time: 839.6223759651184
   122     3.779597e+04     9.809449e+00
 * time: 846.3632891178131
   123     3.779597e+04     6.825875e+00
 * time: 853.2264649868011
   124     3.779597e+04     6.490147e+00
 * time: 859.9145770072937
   125     3.779596e+04     2.886055e+00
 * time: 866.7438731193542
   126     3.779596e+04     1.881286e+01
 * time: 873.5045609474182
   127     3.779596e+04     6.724981e+00
 * time: 880.3786771297455
   128     3.779596e+04     4.687309e+00
 * time: 887.3750350475311
   129     3.779596e+04     4.526354e+00
 * time: 894.1752021312714
   130     3.779595e+04     4.483266e+01
 * time: 901.1024389266968
   131     3.779594e+04     3.303061e+01
 * time: 907.9352350234985
   132     3.779594e+04     3.334596e+01
 * time: 914.6010520458221
   133     3.779594e+04     2.218058e+01
 * time: 921.3513920307159
   134     3.779594e+04     3.257136e+00
 * time: 928.7820570468903
   135     3.779594e+04     4.287666e+01
 * time: 935.4206080436707
   136     3.779593e+04     2.370659e+01
 * time: 942.194746017456
   137     3.779593e+04     3.258160e+00
 * time: 948.926922082901
   138     3.779593e+04     2.930739e+01
 * time: 955.617821931839
   139     3.779592e+04     7.395638e+00
 * time: 962.4449620246887
   140     3.779592e+04     9.476476e+00
 * time: 969.2200701236725
   141     3.779592e+04     2.757790e+00
 * time: 976.0473210811615
   142     3.779592e+04     3.805421e+00
 * time: 982.9906120300293
   143     3.779592e+04     1.744243e+01
 * time: 990.5395610332489
   144     3.779591e+04     5.341767e+00
 * time: 997.25794506073
   145     3.779591e+04     1.783173e+01
 * time: 1004.1179161071777
   146     3.779591e+04     5.261452e+01
 * time: 1010.9686040878296
   147     3.779590e+04     2.426111e+01
 * time: 1017.7728729248047
   148     3.779590e+04     4.532162e+01
 * time: 1025.1103630065918
   149     3.779588e+04     7.107923e+01
 * time: 1031.792899131775
   150     3.779588e+04     4.019744e+01
 * time: 1038.6612360477448
   151     3.779587e+04     3.742450e+01
 * time: 1045.5258660316467
   152     3.779587e+04     8.033401e+00
 * time: 1052.8110330104828
   153     3.779587e+04     1.715629e+00
 * time: 1059.6619811058044
   154     3.779586e+04     1.585166e+01
 * time: 1066.5525851249695
   155     3.779586e+04     1.414814e+01
 * time: 1073.4493629932404
   156     3.779585e+04     4.136745e+00
 * time: 1080.2487070560455
   157     3.779585e+04     6.564480e+00
 * time: 1087.0573091506958
   158     3.779585e+04     1.448057e+01
 * time: 1093.8295049667358
   159     3.779585e+04     4.539034e+00
 * time: 1101.271499156952
   160     3.779585e+04     1.321257e+00
 * time: 1108.3124480247498
   161     3.779585e+04     1.957448e+00
 * time: 1115.0744409561157
   162     3.779585e+04     1.452949e+01
 * time: 1121.75554895401
   163     3.779585e+04     5.558224e+00
 * time: 1128.5482001304626
   164     3.779585e+04     3.311156e+00
 * time: 1135.4461550712585
   165     3.779584e+04     7.825781e+00
 * time: 1142.4198400974274
   166     3.779584e+04     1.031322e+01
 * time: 1149.1537280082703
   167     3.779584e+04     1.474756e+01
 * time: 1155.9137930870056
   168     3.779583e+04     1.023197e+01
 * time: 1162.6139061450958
   169     3.779583e+04     2.298199e+01
 * time: 1169.7738070487976
   170     3.779583e+04     2.580256e+01
 * time: 1176.7082650661469
   171     3.779582e+04     1.029181e+01
 * time: 1184.0565099716187
   172     3.779582e+04     7.220235e+00
 * time: 1191.1994190216064
   173     3.779582e+04     1.341967e+01
 * time: 1198.2604579925537
   174     3.779582e+04     7.867416e+00
 * time: 1204.9343090057373
   175     3.779582e+04     7.138897e+00
 * time: 1211.9894659519196
   176     3.779582e+04     7.191442e+00
 * time: 1218.7559399604797
   177     3.779582e+04     3.695761e+00
 * time: 1225.6084311008453
   178     3.779582e+04     4.007729e+00
 * time: 1232.3019771575928
   179     3.779582e+04     1.438833e+00
 * time: 1239.083349943161
   180     3.779582e+04     1.260328e+00
 * time: 1245.7505540847778
1259.816730 seconds (417.39 M allocations: 50.405 GiB, 1.46% gc time)
optimization complete 
converged: true 
computing Hessian 
289.243261 seconds (48.12 M allocations: 4.444 GiB, 1.81% gc time)
computing samples from ML parameters 
done, saving. 
