orig nsessions: 8 
orig N_per_sess: [1, 1, 2, 2, 2, 1, 1, 3] 
new nsessions: 3 
new N_per_sess: [1, 1, 2] 
Iter     Function value   Gradient norm 
     0     3.053699e+04     1.060882e+03
 * time: 9.059906005859375e-6
     1     2.942344e+04     4.966574e+02
 * time: 2.6537280082702637
     2     2.899051e+04     3.521739e+02
 * time: 2.816348075866699
     3     2.889114e+04     4.294824e+02
 * time: 2.9704620838165283
     4     2.876885e+04     3.667204e+02
 * time: 3.117650032043457
     5     2.863275e+04     2.903893e+02
 * time: 3.251276969909668
     6     2.849162e+04     2.743789e+02
 * time: 3.388698101043701
     7     2.838143e+04     2.448225e+02
 * time: 3.526400089263916
     8     2.826292e+04     2.214261e+02
 * time: 3.6606969833374023
     9     2.816135e+04     2.116194e+02
 * time: 3.802978038787842
    10     2.806674e+04     1.950470e+02
 * time: 3.9450719356536865
    11     2.798350e+04     1.828374e+02
 * time: 4.082755088806152
    12     2.790874e+04     1.779867e+02
 * time: 4.217483997344971
    13     2.783939e+04     1.692182e+02
 * time: 4.357919931411743
    14     2.777572e+04     1.714059e+02
 * time: 4.501664876937866
    15     2.770662e+04     1.653225e+02
 * time: 4.647774934768677
    16     2.764612e+04     1.605085e+02
 * time: 4.792232036590576
    17     2.759164e+04     1.594428e+02
 * time: 4.932307004928589
    18     2.753643e+04     1.608787e+02
 * time: 5.065547943115234
    19     2.747721e+04     1.546790e+02
 * time: 5.200664043426514
    20     2.741665e+04     1.511508e+02
 * time: 5.343363046646118
    21     2.736343e+04     1.507471e+02
 * time: 5.474456071853638
    22     2.730848e+04     1.430499e+02
 * time: 5.6143529415130615
    23     2.725661e+04     1.467383e+02
 * time: 5.75739598274231
    24     2.720328e+04     1.402446e+02
 * time: 5.922394037246704
    25     2.715176e+04     1.425162e+02
 * time: 6.066895008087158
    26     2.710327e+04     1.321738e+02
 * time: 6.204586982727051
    27     2.704708e+04     1.280303e+02
 * time: 6.340449094772339
    28     2.700161e+04     1.311769e+02
 * time: 6.474565029144287
    29     2.695566e+04     1.296328e+02
 * time: 6.6333630084991455
    30     2.691482e+04     1.261408e+02
 * time: 6.775491952896118
    31     2.687184e+04     1.244963e+02
 * time: 6.909117937088013
    32     2.682575e+04     1.264764e+02
 * time: 7.047677993774414
    33     2.681614e+04     1.158222e+02
 * time: 7.183542013168335
    34     2.681490e+04     1.158720e+02
 * time: 7.3563759326934814
    35     2.670355e+04     3.983598e+01
 * time: 7.505198955535889
    36     2.669155e+04     5.110686e+02
 * time: 7.641171932220459
    37     2.663572e+04     3.551868e+02
 * time: 7.780600070953369
    38     2.658868e+04     3.633515e+02
 * time: 7.913070917129517
    39     2.656050e+04     3.458721e+02
 * time: 8.052629947662354
    40     2.651703e+04     3.181808e+02
 * time: 8.192804098129272
    41     2.648450e+04     2.734081e+02
 * time: 8.323589086532593
    42     2.645545e+04     2.581814e+02
 * time: 8.46273398399353
    43     2.641887e+04     2.022956e+02
 * time: 8.600435972213745
    44     2.639065e+04     2.311956e+02
 * time: 8.733494997024536
    45     2.635911e+04     2.084118e+02
 * time: 8.876245021820068
    46     2.633257e+04     1.406268e+02
 * time: 9.012516021728516
    47     2.630471e+04     1.327742e+02
 * time: 9.144895076751709
    48     2.628104e+04     1.430656e+02
 * time: 9.282486915588379
    49     2.625423e+04     1.410708e+02
 * time: 9.425163984298706
    50     2.623174e+04     1.292247e+02
 * time: 9.561999082565308
    51     2.621181e+04     7.435010e+01
 * time: 9.694842100143433
    52     2.618204e+04     7.999929e+01
 * time: 9.835222959518433
    53     2.616559e+04     6.880117e+01
 * time: 9.973526000976562
    54     2.614223e+04     5.071575e+01
 * time: 10.109857082366943
    55     2.612141e+04     2.357826e+01
 * time: 10.252399921417236
    56     2.610521e+04     6.434598e+01
 * time: 10.392567873001099
    57     2.608917e+04     5.920577e+01
 * time: 10.525927066802979
    58     2.606828e+04     3.309971e+01
 * time: 10.670037984848022
    59     2.606299e+04     1.464536e+02
 * time: 10.811758995056152
    60     2.604305e+04     8.843105e+01
 * time: 10.945322036743164
    61     2.603876e+04     3.144340e+01
 * time: 11.088113069534302
    62     2.603755e+04     4.345344e+01
 * time: 11.227351903915405
    63     2.602282e+04     2.830751e+01
 * time: 11.360853910446167
    64     2.602229e+04     2.950792e+01
 * time: 11.537965059280396
    65     2.601773e+04     2.151888e+01
 * time: 11.691719055175781
    66     2.600544e+04     6.675082e+01
 * time: 11.835893869400024
    67     2.600041e+04     3.445246e+01
 * time: 11.972949981689453
    68     2.599471e+04     6.478609e+01
 * time: 12.724656105041504
Iter     Function value   Gradient norm 
     0     2.595971e+04     2.742950e+02
 * time: 5.9604644775390625e-6
     1     2.595612e+04     5.537101e+01
 * time: 6.19966983795166
     2     2.594987e+04     2.001340e+01
 * time: 8.56698989868164
     3     2.593059e+04     1.300417e+02
 * time: 10.665875911712646
     4     2.589744e+04     1.370285e+02
 * time: 12.825285911560059
     5     2.587288e+04     1.300245e+02
 * time: 14.962642908096313
     6     2.586136e+04     1.122584e+02
 * time: 17.158674001693726
     7     2.585111e+04     9.783192e+01
 * time: 19.26010799407959
     8     2.584094e+04     8.521555e+01
 * time: 21.69170379638672
     9     2.583166e+04     7.728748e+01
 * time: 24.148186922073364
    10     2.582296e+04     6.404104e+01
 * time: 26.625797986984253
    11     2.581457e+04     4.716126e+01
 * time: 29.003280878067017
    12     2.580648e+04     3.361151e+01
 * time: 31.299779891967773
    13     2.579865e+04     2.375987e+01
 * time: 33.604899883270264
    14     2.579119e+04     2.399284e+01
 * time: 36.06903600692749
    15     2.578405e+04     2.345911e+01
 * time: 38.34779095649719
    16     2.577709e+04     1.885285e+01
 * time: 40.44897985458374
    17     2.577032e+04     1.383784e+01
 * time: 42.699140787124634
    18     2.576711e+04     1.463614e+01
 * time: 44.9257287979126
    19     2.576373e+04     1.491984e+01
 * time: 47.17714595794678
    20     2.576038e+04     1.954736e+01
 * time: 49.66832780838013
    21     2.575713e+04     2.272612e+01
 * time: 51.89022493362427
    22     2.575536e+04     2.296004e+01
 * time: 54.28490400314331
    23     2.575460e+04     6.570401e+00
 * time: 56.94185185432434
    24     2.575295e+04     7.709275e+00
 * time: 59.48260188102722
    25     2.574902e+04     6.692512e+01
 * time: 61.58506798744202
    26     2.574626e+04     3.814728e+01
 * time: 63.85539793968201
    27     2.574530e+04     3.769086e+01
 * time: 66.24183177947998
    28     2.573614e+04     4.836439e+01
 * time: 68.54239797592163
    29     2.572743e+04     4.109478e+01
 * time: 70.87541198730469
    30     2.571834e+04     7.462055e+01
 * time: 73.06326079368591
    31     2.571262e+04     8.366949e+01
 * time: 75.33693480491638
    32     2.570536e+04     7.095584e+01
 * time: 77.49335980415344
    33     2.569876e+04     5.229085e+01
 * time: 79.82120180130005
    34     2.569089e+04     7.468358e+01
 * time: 82.01503777503967
    35     2.568336e+04     7.995447e+01
 * time: 84.11021780967712
    36     2.567755e+04     1.123544e+02
 * time: 86.60239791870117
    37     2.567047e+04     8.196341e+01
 * time: 88.91676378250122
    38     2.566510e+04     7.095451e+01
 * time: 91.076486825943
    39     2.566009e+04     5.691442e+01
 * time: 93.30239295959473
    40     2.565680e+04     4.821548e+01
 * time: 95.46544289588928
    41     2.565435e+04     2.453634e+01
 * time: 97.8206799030304
    42     2.565339e+04     3.382314e+01
 * time: 100.03297281265259
    43     2.565299e+04     1.652910e+01
 * time: 102.35020589828491
    44     2.565273e+04     1.598609e+01
 * time: 104.88221096992493
    45     2.565214e+04     1.663362e+01
 * time: 107.1660168170929
    46     2.565151e+04     4.017737e+01
 * time: 109.39889979362488
    47     2.565124e+04     9.243874e+01
 * time: 111.68026494979858
    48     2.565015e+04     8.583931e+01
 * time: 113.7434549331665
    49     2.564832e+04     1.076263e+02
 * time: 115.89042496681213
    50     2.564621e+04     9.623024e+01
 * time: 118.09381580352783
    51     2.564433e+04     7.769452e+01
 * time: 120.28456282615662
    52     2.564296e+04     4.469909e+01
 * time: 122.57126998901367
    53     2.564204e+04     7.089155e+00
 * time: 125.03941893577576
    54     2.564161e+04     1.242617e+01
 * time: 127.25324296951294
    55     2.564145e+04     2.953691e+01
 * time: 129.6046769618988
    56     2.564136e+04     7.800167e+00
 * time: 131.77867794036865
    57     2.564125e+04     9.780178e+00
 * time: 133.85903692245483
    58     2.564116e+04     5.424430e+00
 * time: 136.16411590576172
    59     2.564104e+04     3.933785e+00
 * time: 138.30180978775024
    60     2.564090e+04     3.819253e+00
 * time: 140.82284998893738
    61     2.564074e+04     4.093922e+00
 * time: 143.12169098854065
    62     2.564073e+04     8.460770e+00
 * time: 146.1713309288025
    63     2.564072e+04     6.393556e+00
 * time: 148.84495997428894
    64     2.564068e+04     5.221978e+00
 * time: 151.50770783424377
    65     2.564067e+04     5.139913e+00
 * time: 154.27727699279785
    66     2.564066e+04     5.331284e+00
 * time: 157.20701694488525
    67     2.564065e+04     5.124144e+00
 * time: 160.0002679824829
    68     2.564064e+04     4.202394e+00
 * time: 162.54711985588074
    69     2.564058e+04     1.639806e+00
 * time: 165.08234095573425
    70     2.564051e+04     1.080750e+00
 * time: 167.45860600471497
    71     2.564048e+04     1.853584e+00
 * time: 169.96465492248535
    72     2.563998e+04     2.383550e+00
 * time: 172.41751980781555
    73     2.563997e+04     2.630648e+00
 * time: 175.39852690696716
    74     2.563996e+04     3.499060e+00
 * time: 178.518474817276
    75     2.563994e+04     2.430302e+00
 * time: 181.36127996444702
    76     2.563992e+04     2.761957e+00
 * time: 183.99717593193054
    77     2.563990e+04     2.197806e+00
 * time: 186.9791078567505
    78     2.563986e+04     2.160204e+00
 * time: 189.46231389045715
    79     2.563974e+04     1.737166e+00
 * time: 192.02349090576172
    80     2.563876e+04     2.099049e+01
 * time: 194.3120539188385
    81     2.563853e+04     8.778693e+01
 * time: 196.49458599090576
    82     2.563807e+04     7.490899e+01
 * time: 199.0730938911438
    83     2.563745e+04     3.586848e+01
 * time: 201.72055983543396
    84     2.563708e+04     3.040141e+01
 * time: 204.17895793914795
    85     2.563626e+04     4.506962e+01
 * time: 206.6797389984131
    86     2.563483e+04     3.648001e+01
 * time: 209.15713787078857
    87     2.563423e+04     3.128114e+01
 * time: 211.6671907901764
    88     2.563375e+04     4.919918e+01
 * time: 213.88330078125
    89     2.563373e+04     1.923442e+02
 * time: 216.1009829044342
    90     2.563364e+04     8.141921e+01
 * time: 218.18308091163635
    91     2.563320e+04     7.952996e+01
 * time: 220.6570258140564
    92     2.563288e+04     4.425942e+00
 * time: 222.88524198532104
    93     2.563276e+04     2.496554e+01
 * time: 225.39066982269287
    94     2.563262e+04     5.528065e+01
 * time: 227.85187482833862
    95     2.563247e+04     1.427094e+01
 * time: 230.0195508003235
    96     2.563246e+04     8.298560e+00
 * time: 232.42616486549377
    97     2.563245e+04     1.412205e+00
 * time: 234.61664700508118
    98     2.563241e+04     6.120996e+00
 * time: 236.84576082229614
    99     2.563235e+04     1.675776e+00
 * time: 239.0290458202362
   100     2.563230e+04     1.670638e+01
 * time: 241.3788719177246
   101     2.563226e+04     2.468181e+01
 * time: 243.67209887504578
   102     2.563221e+04     3.306295e+01
 * time: 245.77912497520447
   103     2.563215e+04     4.866795e+01
 * time: 248.0499119758606
   104     2.563213e+04     1.120127e+02
 * time: 250.48665499687195
   105     2.563206e+04     5.848935e+00
 * time: 253.62869596481323
   106     2.563206e+04     5.790569e+00
 * time: 256.8147180080414
   107     2.563206e+04     5.751794e+00
 * time: 259.960236787796
   108     2.563204e+04     5.052402e+00
 * time: 262.7966628074646
   109     2.563203e+04     3.598594e+00
 * time: 265.6304588317871
   110     2.563202e+04     1.905535e+00
 * time: 268.4306728839874
   111     2.563201e+04     1.329207e+00
 * time: 270.8926978111267
   112     2.563200e+04     5.683307e+00
 * time: 273.464035987854
   113     2.563192e+04     2.905873e+01
 * time: 275.9642457962036
   114     2.563183e+04     6.792543e+01
 * time: 278.7715218067169
   115     2.563172e+04     1.151127e+02
 * time: 281.0575029850006
   116     2.563089e+04     1.828773e+02
 * time: 283.4945638179779
   117     2.563062e+04     2.825082e+01
 * time: 286.5214009284973
   118     2.563052e+04     1.421909e+01
 * time: 289.51452589035034
   119     2.563004e+04     1.506467e+01
 * time: 292.00702595710754
   120     2.562989e+04     1.240946e+01
 * time: 294.84606099128723
   121     2.562962e+04     1.353058e+01
 * time: 297.2313389778137
   122     2.562913e+04     9.950420e+00
 * time: 299.6657409667969
   123     2.562810e+04     2.549165e+01
 * time: 302.25101685523987
   124     2.562148e+04     1.535909e+02
 * time: 304.56327199935913
   125     2.562143e+04     2.042236e+02
 * time: 307.06637477874756
   126     2.562072e+04     2.687692e+02
 * time: 309.8477759361267
   127     2.562067e+04     1.205207e+02
 * time: 312.5354549884796
   128     2.561997e+04     1.182737e+02
 * time: 315.38007378578186
   129     2.561806e+04     1.140759e+02
 * time: 317.8343348503113
   130     2.559760e+04     1.696134e+02
 * time: 320.1426029205322
   131     2.559271e+04     1.518580e+02
 * time: 322.6621530056
   132     2.558854e+04     4.445124e+02
 * time: 325.3018629550934
   133     2.558580e+04     6.230630e+02
 * time: 327.7188608646393
   134     2.558501e+04     7.087637e+01
 * time: 329.92646884918213
   135     2.558168e+04     4.033445e+02
 * time: 332.11239981651306
   136     2.557742e+04     3.701021e+02
 * time: 334.289431810379
   137     2.556387e+04     1.945766e+02
 * time: 336.67762899398804
   138     2.555811e+04     1.724734e+03
 * time: 338.9700617790222
   139     2.554616e+04     1.639124e+03
 * time: 341.31712198257446
   140     2.553421e+04     1.578599e+03
 * time: 343.45818400382996
   141     2.552217e+04     1.510847e+03
 * time: 345.63427996635437
   142     2.550895e+04     1.295637e+03
 * time: 348.07237100601196
   143     2.550273e+04     1.099279e+03
 * time: 350.34262585639954
   144     2.549514e+04     4.609345e+02
 * time: 353.25513100624084
   145     2.548867e+04     2.775912e+02
 * time: 355.9737229347229
   146     2.547560e+04     3.837077e+02
 * time: 358.35838985443115
   147     2.545614e+04     6.297044e+02
 * time: 361.03601694107056
   148     2.544691e+04     6.011270e+02
 * time: 363.4575469493866
   149     2.541637e+04     3.209997e+02
 * time: 365.64901399612427
   150     2.540954e+04     3.221364e+02
 * time: 368.1833219528198
   151     2.540639e+04     2.571814e+02
 * time: 370.82015895843506
   152     2.540372e+04     2.582923e+02
 * time: 373.4585118293762
   153     2.539785e+04     2.223058e+02
 * time: 375.808956861496
   154     2.539778e+04     1.622360e+02
 * time: 378.01258087158203
   155     2.539597e+04     1.346359e+02
 * time: 380.317941904068
   156     2.539382e+04     9.619708e+01
 * time: 382.5734269618988
   157     2.538852e+04     9.113694e+01
 * time: 385.0092577934265
   158     2.538778e+04     1.997277e+02
 * time: 387.6071569919586
   159     2.538590e+04     2.095542e+01
 * time: 389.9744129180908
   160     2.538487e+04     1.165379e+02
 * time: 392.2863838672638
   161     2.538439e+04     1.153253e+02
 * time: 395.0425708293915
   162     2.538342e+04     9.814355e+01
 * time: 397.3093638420105
   163     2.538329e+04     7.611164e+01
 * time: 399.7157747745514
   164     2.538312e+04     8.336854e+01
 * time: 402.06013798713684
   165     2.538284e+04     2.941197e+01
 * time: 404.6684629917145
   166     2.538268e+04     8.863367e+01
 * time: 406.83181595802307
   167     2.538236e+04     2.376103e+01
 * time: 408.97516989707947
   168     2.538209e+04     3.246849e+01
 * time: 411.31639885902405
   169     2.538177e+04     6.349224e+01
 * time: 413.59121084213257
   170     2.538151e+04     3.579090e+01
 * time: 415.7078139781952
   171     2.538117e+04     5.259252e+01
 * time: 418.05561089515686
   172     2.538087e+04     5.022381e+01
 * time: 420.3885898590088
   173     2.538053e+04     6.866682e+01
 * time: 422.5465579032898
   174     2.538028e+04     7.783496e+01
 * time: 424.8260338306427
   175     2.538001e+04     6.199125e+01
 * time: 427.1767599582672
   176     2.537980e+04     9.574043e+01
 * time: 429.27138781547546
   177     2.537957e+04     5.142462e+01
 * time: 431.6102168560028
   178     2.537940e+04     1.139438e+02
 * time: 433.76060581207275
   179     2.537922e+04     8.570756e+01
 * time: 435.91400694847107
   180     2.537905e+04     1.146956e+02
 * time: 438.02895998954773
   181     2.537892e+04     1.087547e+02
 * time: 440.3346219062805
   182     2.537877e+04     8.090239e+01
 * time: 442.52977299690247
   183     2.537865e+04     1.117851e+02
 * time: 444.7994477748871
   184     2.537853e+04     7.326305e+01
 * time: 447.1135199069977
   185     2.537842e+04     1.099553e+02
 * time: 449.3037610054016
   186     2.537830e+04     7.454213e+01
 * time: 451.69532895088196
   187     2.537820e+04     1.026096e+02
 * time: 453.9052839279175
   188     2.537808e+04     8.925500e+01
 * time: 456.11660289764404
   189     2.537798e+04     9.838030e+01
 * time: 458.4113669395447
   190     2.537787e+04     1.113716e+02
 * time: 460.67460894584656
   191     2.537776e+04     1.019435e+02
 * time: 462.8623538017273
   192     2.537764e+04     1.254063e+02
 * time: 465.2505397796631
   193     2.537752e+04     1.917628e+02
 * time: 467.44957184791565
   194     2.537741e+04     2.668774e+02
 * time: 469.67288398742676
   195     2.537731e+04     3.373302e+02
 * time: 472.06540393829346
   196     2.537722e+04     3.356136e+02
 * time: 474.30768394470215
   197     2.537720e+04     2.559281e+02
 * time: 476.783549785614
   198     2.537718e+04     3.170032e+01
 * time: 480.12459993362427
   199     2.537714e+04     1.186652e+01
 * time: 483.3866310119629
   200     2.537712e+04     4.586638e+00
 * time: 486.67399191856384
   201     2.537710e+04     5.853793e+00
 * time: 489.4660840034485
   202     2.537707e+04     7.424768e+00
 * time: 492.5045428276062
   203     2.537706e+04     8.724613e+00
 * time: 495.1472239494324
   204     2.537701e+04     4.476526e+00
 * time: 497.61207389831543
   205     2.537698e+04     2.232360e+01
 * time: 500.1087567806244
   206     2.537696e+04     4.661656e+01
 * time: 502.5627498626709
   207     2.537681e+04     1.734475e+02
 * time: 505.1505949497223
   208     2.537664e+04     9.259763e+02
 * time: 507.5891318321228
   209     2.537653e+04     7.755057e+02
 * time: 510.3053238391876
   210     2.537627e+04     1.484172e+02
 * time: 512.6839649677277
   211     2.537622e+04     5.534025e+01
 * time: 515.2903678417206
   212     2.537618e+04     7.287363e+00
 * time: 517.868330001831
   213     2.537611e+04     5.359957e+01
 * time: 520.1825919151306
   214     2.537609e+04     1.967408e+02
 * time: 522.5687828063965
   215     2.537593e+04     2.186859e+02
 * time: 524.9981009960175
   216     2.537584e+04     1.176619e+02
 * time: 527.2675869464874
   217     2.537584e+04     2.237430e+02
 * time: 529.4315259456635
   218     2.537581e+04     4.853634e+01
 * time: 531.5991787910461
   219     2.537580e+04     4.046621e+01
 * time: 534.060213804245
   220     2.537579e+04     7.230791e+01
 * time: 536.2528328895569
   221     2.537575e+04     1.187725e+02
 * time: 538.5916810035706
   222     2.537573e+04     9.238154e+01
 * time: 540.8328998088837
   223     2.537571e+04     2.555026e+01
 * time: 543.0277309417725
   224     2.537570e+04     2.590057e+01
 * time: 545.2331459522247
   225     2.537569e+04     7.951009e+00
 * time: 547.5176119804382
   226     2.537569e+04     1.011044e+01
 * time: 549.8330898284912
   227     2.537568e+04     2.114882e+01
 * time: 551.9625678062439
   228     2.537568e+04     6.558029e+00
 * time: 554.2515997886658
   229     2.537568e+04     1.657788e+00
 * time: 556.4868278503418
   230     2.537568e+04     1.123790e+01
 * time: 558.9346148967743
   231     2.537568e+04     1.068297e+01
 * time: 561.1903309822083
   232     2.537568e+04     8.034814e+00
 * time: 563.3096609115601
   233     2.537568e+04     5.556852e+00
 * time: 565.4105668067932
   234     2.537568e+04     5.777346e-01
 * time: 567.6635928153992
   235     2.537568e+04     5.623808e-01
 * time: 569.9410829544067
579.518834 seconds (167.03 M allocations: 22.146 GiB, 1.56% gc time)
optimization complete 
converged: true 
computing Hessian 
105.839250 seconds (35.43 M allocations: 2.182 GiB, 2.51% gc time)
computing samples from ML parameters 
done, saving. 
