orig nsessions: 25 
orig N_per_sess: [4, 2, 4, 2, 2, 1, 1, 2, 1, 1, 2, 6, 7, 5, 4, 4, 3, 5, 1, 4, 1, 2, 4, 2, 4] 
new nsessions: 10 
new N_per_sess: [2, 1, 1, 1, 1, 3, 4, 1, 2, 1] 
Iter     Function value   Gradient norm 
     0     2.507083e+05     3.302789e+03
 * time: 6.9141387939453125e-6
     1     2.457840e+05     1.491199e+03
 * time: 3.5742979049682617
     2     2.430015e+05     9.977772e+02
 * time: 5.148982048034668
     3     2.421857e+05     1.133403e+03
 * time: 6.88755989074707
     4     2.414763e+05     1.337734e+03
 * time: 8.956218004226685
     5     2.409640e+05     2.086766e+03
 * time: 11.133993864059448
     6     2.402179e+05     1.113267e+03
 * time: 12.94166088104248
     7     2.396961e+05     3.881106e+03
 * time: 14.617071866989136
     8     2.391381e+05     3.998296e+03
 * time: 16.305232048034668
     9     2.386626e+05     4.361919e+03
 * time: 17.93243098258972
    10     2.381113e+05     3.992664e+03
 * time: 19.560972929000854
    11     2.375686e+05     3.767201e+03
 * time: 21.119967937469482
    12     2.370409e+05     3.686953e+03
 * time: 23.159959077835083
    13     2.365232e+05     3.461722e+03
 * time: 25.037972927093506
    14     2.360013e+05     3.296879e+03
 * time: 26.66719698905945
    15     2.354924e+05     3.147482e+03
 * time: 28.712056875228882
    16     2.349829e+05     3.027167e+03
 * time: 30.50696086883545
    17     2.344980e+05     3.049675e+03
 * time: 32.161832094192505
    18     2.340299e+05     2.877419e+03
 * time: 34.04449105262756
    19     2.335838e+05     2.699124e+03
 * time: 35.89041090011597
    20     2.331495e+05     2.749986e+03
 * time: 37.57986092567444
    21     2.327297e+05     2.723325e+03
 * time: 39.264139890670776
    22     2.323598e+05     2.531346e+03
 * time: 41.03418588638306
    23     2.320073e+05     2.426407e+03
 * time: 42.606059074401855
    24     2.316653e+05     2.424626e+03
 * time: 44.36197805404663
    25     2.313335e+05     2.270509e+03
 * time: 46.000412940979004
    26     2.310031e+05     2.149837e+03
 * time: 47.73987007141113
    27     2.306763e+05     2.070344e+03
 * time: 49.60576105117798
    28     2.303514e+05     1.935045e+03
 * time: 51.266597032547
    29     2.300625e+05     1.893032e+03
 * time: 53.02219891548157
    30     2.297812e+05     1.855813e+03
 * time: 54.671241998672485
    31     2.295119e+05     1.907168e+03
 * time: 56.451168060302734
    32     2.292408e+05     1.911514e+03
 * time: 58.60050106048584
    33     2.289675e+05     1.889491e+03
 * time: 60.92758893966675
    34     2.287007e+05     1.921443e+03
 * time: 62.76851296424866
    35     2.284208e+05     1.923973e+03
 * time: 64.59061193466187
    36     2.281719e+05     1.919855e+03
 * time: 66.39874696731567
    37     2.279062e+05     1.943116e+03
 * time: 68.05447506904602
    38     2.276523e+05     1.883983e+03
 * time: 69.76074409484863
    39     2.274114e+05     1.917289e+03
 * time: 71.48036789894104
    40     2.271775e+05     1.901148e+03
 * time: 73.1825098991394
    41     2.269434e+05     1.894762e+03
 * time: 74.92943406105042
    42     2.267239e+05     1.855231e+03
 * time: 76.62264394760132
    43     2.265040e+05     1.871906e+03
 * time: 78.3565320968628
    44     2.262895e+05     1.896725e+03
 * time: 80.05026888847351
    45     2.260840e+05     1.902887e+03
 * time: 81.7208468914032
    46     2.258881e+05     1.908301e+03
 * time: 83.41416001319885
    47     2.256994e+05     1.914832e+03
 * time: 85.02068996429443
    48     2.255170e+05     1.948883e+03
 * time: 86.85158109664917
    49     2.253305e+05     1.944186e+03
 * time: 88.72645401954651
    50     2.251528e+05     1.957386e+03
 * time: 90.36173391342163
    51     2.249807e+05     1.948860e+03
 * time: 91.923987865448
    52     2.247981e+05     1.950781e+03
 * time: 94.13877201080322
    53     2.246302e+05     1.938255e+03
 * time: 95.8335371017456
    54     2.244504e+05     1.959474e+03
 * time: 97.422523021698
    55     2.242834e+05     1.923555e+03
 * time: 99.3705689907074
    56     2.241041e+05     1.883570e+03
 * time: 100.90741491317749
    57     2.239354e+05     1.871947e+03
 * time: 102.40601801872253
    58     2.237649e+05     1.911747e+03
 * time: 104.03947591781616
    59     2.235955e+05     1.709586e+03
 * time: 105.81531000137329
    60     2.234113e+05     1.779411e+03
 * time: 107.36594295501709
    61     2.232415e+05     1.758815e+03
 * time: 109.1903760433197
    62     2.230665e+05     1.686439e+03
 * time: 111.09168696403503
    63     2.229056e+05     1.727532e+03
 * time: 112.69097208976746
    64     2.227314e+05     1.538449e+03
 * time: 114.47351408004761
    65     2.225529e+05     1.488013e+03
 * time: 116.13020300865173
    66     2.224019e+05     1.136845e+03
 * time: 117.84745693206787
    67     2.222835e+05     1.058486e+03
 * time: 119.55996990203857
    68     2.221710e+05     1.175508e+03
 * time: 121.24167799949646
    69     2.221114e+05     8.733705e+02
 * time: 122.810702085495
    70     2.221091e+05     5.935573e+02
 * time: 124.67396187782288
    71     2.220823e+05     3.471595e+03
 * time: 126.62128400802612
    72     2.218658e+05     3.916326e+03
 * time: 128.64579486846924
    73     2.216425e+05     3.281657e+03
 * time: 130.6117649078369
    74     2.213493e+05     1.309985e+03
 * time: 132.35323309898376
    75     2.210906e+05     1.355044e+03
 * time: 134.00082898139954
    76     2.208678e+05     1.346122e+03
 * time: 135.69489097595215
    77     2.206163e+05     1.320413e+03
 * time: 137.8756718635559
    78     2.203996e+05     1.098105e+03
 * time: 139.64885687828064
    79     2.202005e+05     5.200511e+02
 * time: 141.48071694374084
    80     2.200310e+05     8.704767e+02
 * time: 143.4434950351715
    81     2.198295e+05     1.489039e+03
 * time: 145.4581151008606
    82     2.196591e+05     6.859768e+02
 * time: 147.78388905525208
    83     2.195001e+05     2.586228e+02
 * time: 149.85388898849487
    84     2.193330e+05     1.942709e+02
 * time: 151.65948009490967
    85     2.191813e+05     1.653318e+02
 * time: 153.6432900428772
    86     2.190589e+05     2.057526e+02
 * time: 155.7434470653534
    87     2.189511e+05     3.188392e+02
 * time: 157.59329509735107
    88     2.188351e+05     3.106513e+02
 * time: 159.606271982193
    89     2.187277e+05     1.269289e+02
 * time: 161.21173286437988
    90     2.186250e+05     2.141546e+02
 * time: 162.98900294303894
    91     2.185360e+05     2.650125e+02
 * time: 165.1774070262909
    92     2.184325e+05     2.669908e+02
 * time: 167.43530201911926
    93     2.183206e+05     2.727983e+02
 * time: 169.14108800888062
    94     2.182449e+05     3.182995e+02
 * time: 170.7603418827057
    95     2.181170e+05     2.655114e+02
 * time: 172.57089400291443
    96     2.180483e+05     2.797396e+02
 * time: 174.72579908370972
    97     2.179263e+05     2.302538e+02
 * time: 176.89855003356934
    98     2.178534e+05     2.731457e+02
 * time: 178.7364239692688
    99     2.177559e+05     2.344650e+02
 * time: 180.32163500785828
   100     2.176703e+05     2.425630e+02
 * time: 182.05740690231323
   101     2.175913e+05     2.730741e+02
 * time: 184.1915419101715
   102     2.174870e+05     1.836895e+02
 * time: 186.0147249698639
   103     2.174119e+05     9.699676e+01
 * time: 187.71543788909912
   104     2.173374e+05     1.461579e+02
 * time: 189.50025606155396
   105     2.172365e+05     1.860352e+02
 * time: 191.14260387420654
   106     2.171677e+05     1.354171e+02
 * time: 193.19487500190735
   107     2.170831e+05     1.259962e+02
 * time: 195.00587391853333
   108     2.170231e+05     1.357757e+02
 * time: 196.60475206375122
   109     2.169367e+05     9.692518e+01
 * time: 198.35625410079956
   110     2.168802e+05     1.179459e+02
 * time: 199.93746089935303
   111     2.168158e+05     1.136731e+02
 * time: 201.61952304840088
   112     2.167494e+05     1.942860e+02
 * time: 203.3598439693451
   113     2.166843e+05     3.081142e+02
 * time: 205.58683109283447
   114     2.166207e+05     3.392008e+02
 * time: 207.28644490242004
   115     2.165639e+05     5.346474e+02
 * time: 208.91943907737732
   116     2.164901e+05     5.308864e+02
 * time: 210.77161407470703
   117     2.164159e+05     5.578992e+02
 * time: 212.51137804985046
   118     2.163375e+05     4.375522e+02
 * time: 214.2779040336609
   119     2.163029e+05     3.003351e+02
 * time: 215.9261748790741
   120     2.162640e+05     4.612837e+02
 * time: 217.72345304489136
   121     2.161878e+05     3.148465e+02
 * time: 219.43223786354065
   122     2.161540e+05     3.656128e+02
 * time: 221.18650889396667
   123     2.161083e+05     1.628182e+02
 * time: 222.8303198814392
   124     2.160653e+05     1.375893e+02
 * time: 224.57253098487854
   125     2.160134e+05     5.312458e+02
 * time: 226.27002787590027
   126     2.159766e+05     1.794640e+02
 * time: 227.98961806297302
   127     2.159355e+05     1.971915e+02
 * time: 229.89521598815918
   128     2.158712e+05     2.169024e+02
 * time: 231.61962389945984
   129     2.157968e+05     2.106924e+02
 * time: 233.3502700328827
   130     2.157721e+05     1.780415e+02
 * time: 235.05469489097595
   131     2.157393e+05     1.500703e+02
 * time: 236.85193705558777
   132     2.157020e+05     1.842357e+02
 * time: 238.96084594726562
   133     2.156539e+05     3.001453e+02
 * time: 240.82205295562744
   134     2.156334e+05     3.465888e+02
 * time: 242.54446005821228
   135     2.156097e+05     2.165933e+02
 * time: 244.85435104370117
   136     2.155802e+05     2.667918e+02
 * time: 246.57111597061157
   137     2.155293e+05     2.507330e+02
 * time: 248.46155405044556
   138     2.154935e+05     3.863189e+02
 * time: 250.53065609931946
   139     2.154851e+05     2.294734e+02
 * time: 252.48196005821228
   140     2.154782e+05     1.924776e+02
 * time: 254.6458809375763
   141     2.154405e+05     2.196584e+02
 * time: 256.92374992370605
   142     2.154313e+05     3.871777e+02
 * time: 258.7463948726654
   143     2.154147e+05     1.985935e+02
 * time: 260.6637530326843
   144     2.153884e+05     5.316219e+02
 * time: 262.9704360961914
   145     2.153612e+05     6.809859e+02
 * time: 264.9591898918152
   146     2.153455e+05     7.140932e+02
 * time: 267.3713479042053
   147     2.153372e+05     1.008500e+03
 * time: 269.43449997901917
   148     2.153252e+05     1.015370e+03
 * time: 271.82040786743164
   149     2.153032e+05     7.525733e+02
 * time: 273.5187990665436
   150     2.153022e+05     1.025779e+03
 * time: 276.72424602508545
Iter     Function value   Gradient norm 
     0     2.147590e+05     5.496585e+03
 * time: 1.1920928955078125e-5
     1     2.147281e+05     2.679966e+03
 * time: 45.462976932525635
     2     2.146551e+05     2.501774e+03
 * time: 87.76151490211487
     3     2.145899e+05     2.008567e+03
 * time: 128.52720093727112
     4     2.142910e+05     7.154693e+02
 * time: 168.00702691078186
     5     2.139251e+05     8.737426e+02
 * time: 206.84217596054077
     6     2.136083e+05     1.106490e+03
 * time: 245.31491088867188
     7     2.133074e+05     8.754400e+02
 * time: 284.5416429042816
     8     2.130534e+05     2.972344e+02
 * time: 323.90338492393494
     9     2.129669e+05     2.364606e+02
 * time: 363.0250608921051
    10     2.128471e+05     3.804317e+02
 * time: 401.9000859260559
    11     2.127420e+05     4.541251e+02
 * time: 440.618155002594
    12     2.126334e+05     3.942770e+02
 * time: 479.72587394714355
    13     2.125064e+05     4.561431e+02
 * time: 518.8872668743134
    14     2.123913e+05     5.105907e+02
 * time: 557.8204391002655
    15     2.123581e+05     5.147727e+02
 * time: 598.1990509033203
    16     2.122843e+05     5.272836e+02
 * time: 636.8266360759735
    17     2.122078e+05     6.391213e+02
 * time: 675.9025418758392
    18     2.121243e+05     5.647310e+02
 * time: 714.6819539070129
    19     2.120563e+05     5.371320e+02
 * time: 753.6729259490967
    20     2.120004e+05     4.720035e+02
 * time: 792.7259020805359
    21     2.119605e+05     4.547371e+02
 * time: 832.170923948288
    22     2.119121e+05     4.244655e+02
 * time: 871.3564388751984
    23     2.118587e+05     4.752386e+02
 * time: 910.6169509887695
    24     2.118076e+05     4.619784e+02
 * time: 949.9446740150452
    25     2.117737e+05     4.001434e+02
 * time: 988.9672040939331
    26     2.117261e+05     4.066515e+02
 * time: 1028.2776029109955
    27     2.116787e+05     4.070422e+02
 * time: 1067.39222407341
    28     2.116398e+05     4.698810e+02
 * time: 1106.959804058075
    29     2.116036e+05     4.488903e+02
 * time: 1146.5438618659973
    30     2.115622e+05     4.180579e+02
 * time: 1185.8103749752045
    31     2.115212e+05     4.205026e+02
 * time: 1225.059413909912
    32     2.114814e+05     4.027778e+02
 * time: 1264.5491890907288
    33     2.114457e+05     4.143603e+02
 * time: 1304.051666021347
    34     2.114114e+05     4.480422e+02
 * time: 1343.5419709682465
    35     2.113785e+05     3.747540e+02
 * time: 1383.0345349311829
    36     2.113448e+05     3.799381e+02
 * time: 1422.1781179904938
    37     2.113109e+05     3.830617e+02
 * time: 1461.6201479434967
    38     2.112779e+05     3.829718e+02
 * time: 1500.9344918727875
    39     2.112468e+05     3.887807e+02
 * time: 1540.3228089809418
    40     2.112195e+05     4.101530e+02
 * time: 1579.4857559204102
    41     2.111942e+05     4.038489e+02
 * time: 1619.5693910121918
    42     2.111659e+05     3.953196e+02
 * time: 1659.6536419391632
    43     2.111383e+05     4.109283e+02
 * time: 1699.1211450099945
    44     2.111120e+05     4.172101e+02
 * time: 1738.7597489356995
    45     2.110843e+05     4.281299e+02
 * time: 1778.1366140842438
    46     2.110550e+05     4.391845e+02
 * time: 1817.3082540035248
    47     2.110268e+05     4.562837e+02
 * time: 1856.857941865921
    48     2.110028e+05     4.334189e+02
 * time: 1896.4496800899506
    49     2.109853e+05     4.338960e+02
 * time: 1935.7077429294586
    50     2.109733e+05     4.461412e+02
 * time: 1975.1798329353333
    51     2.109614e+05     4.531295e+02
 * time: 2014.4288499355316
    52     2.109502e+05     4.550436e+02
 * time: 2053.9497458934784
    53     2.109424e+05     4.658431e+02
 * time: 2093.3015649318695
    54     2.109408e+05     4.664235e+02
 * time: 2132.3883168697357
    55     2.109093e+05     3.312442e+02
 * time: 2173.811938047409
    56     2.109073e+05     5.366272e+02
 * time: 2215.2376539707184
    57     2.108904e+05     4.475677e+02
 * time: 2256.440295934677
    58     2.108856e+05     6.426965e+02
 * time: 2297.6650450229645
    59     2.108745e+05     4.589666e+02
 * time: 2338.4258799552917
    60     2.108436e+05     3.869060e+02
 * time: 2379.0882289409637
    61     2.108319e+05     6.249670e+02
 * time: 2420.246481895447
    62     2.108189e+05     4.135811e+02
 * time: 2460.9608578681946
    63     2.108133e+05     6.380198e+02
 * time: 2501.7778329849243
    64     2.107927e+05     8.593213e+02
 * time: 2542.6528809070587
    65     2.107527e+05     9.873078e+02
 * time: 2583.6648650169373
    66     2.107452e+05     1.083972e+03
 * time: 2624.3706769943237
    67     2.107307e+05     1.317637e+03
 * time: 2665.473321914673
    68     2.106942e+05     1.150400e+03
 * time: 2704.8128490448
    69     2.106620e+05     1.837244e+03
 * time: 2743.9457609653473
    70     2.106488e+05     1.432451e+03
 * time: 2785.1226799488068
    71     2.106283e+05     2.200256e+03
 * time: 2824.4928460121155
    72     2.105954e+05     1.371203e+03
 * time: 2863.8517220020294
    73     2.105707e+05     1.700667e+03
 * time: 2903.1037850379944
    74     2.105534e+05     1.339882e+03
 * time: 2942.0960710048676
    75     2.105247e+05     1.711995e+03
 * time: 2981.607933998108
    76     2.104947e+05     1.663413e+03
 * time: 3020.881253004074
    77     2.104678e+05     1.552932e+03
 * time: 3060.2616019248962
    78     2.104425e+05     1.316126e+03
 * time: 3099.695767879486
    79     2.104145e+05     1.508479e+03
 * time: 3139.5261828899384
    80     2.103894e+05     1.616222e+03
 * time: 3179.3206090927124
    81     2.103672e+05     1.507659e+03
 * time: 3219.220629930496
    82     2.103458e+05     1.205119e+03
 * time: 3259.1175429821014
    83     2.103218e+05     1.165950e+03
 * time: 3298.8957018852234
    84     2.103007e+05     1.184875e+03
 * time: 3338.8851919174194
    85     2.102850e+05     1.096917e+03
 * time: 3378.6171209812164
    86     2.102633e+05     8.065299e+02
 * time: 3418.827348947525
    87     2.102488e+05     1.237719e+03
 * time: 3459.262580871582
    88     2.102304e+05     1.275885e+03
 * time: 3499.4740409851074
    89     2.102114e+05     1.247322e+03
 * time: 3539.1910469532013
    90     2.101929e+05     1.455373e+03
 * time: 3578.7629959583282
    91     2.101720e+05     1.272563e+03
 * time: 3618.2773599624634
    92     2.101523e+05     1.211967e+03
 * time: 3657.7997019290924
    93     2.101330e+05     1.152724e+03
 * time: 3697.032973051071
    94     2.101146e+05     1.325082e+03
 * time: 3736.376354932785
    95     2.100963e+05     1.052151e+03
 * time: 3775.6708030700684
    96     2.100767e+05     9.932360e+02
 * time: 3815.2002749443054
    97     2.100597e+05     9.658785e+02
 * time: 3854.652759075165
    98     2.100424e+05     8.298178e+02
 * time: 3894.0256428718567
    99     2.100272e+05     7.956435e+02
 * time: 3933.277266025543
   100     2.100124e+05     7.780519e+02
 * time: 3972.3637919425964
   101     2.099976e+05     7.418415e+02
 * time: 4011.4674150943756
   102     2.099828e+05     7.055225e+02
 * time: 4050.5780050754547
   103     2.099682e+05     6.710895e+02
 * time: 4090.3140959739685
   104     2.099540e+05     5.992735e+02
 * time: 4129.853375911713
   105     2.099399e+05     5.611744e+02
 * time: 4169.15832400322
   106     2.099279e+05     5.107149e+02
 * time: 4208.372015953064
   107     2.099166e+05     4.856521e+02
 * time: 4247.474745988846
   108     2.099056e+05     4.106600e+02
 * time: 4286.930702924728
   109     2.098968e+05     4.248342e+02
 * time: 4326.17698597908
   110     2.098873e+05     4.105283e+02
 * time: 4365.50506901741
   111     2.098784e+05     4.003554e+02
 * time: 4404.801632881165
   112     2.098705e+05     3.483853e+02
 * time: 4444.122606039047
   113     2.098630e+05     3.351808e+02
 * time: 4483.384370088577
   114     2.098553e+05     3.137569e+02
 * time: 4523.088268041611
   115     2.098477e+05     2.962257e+02
 * time: 4562.383200883865
   116     2.098409e+05     3.294755e+02
 * time: 4601.963443040848
   117     2.098373e+05     3.147750e+02
 * time: 4641.14453291893
   118     2.098340e+05     3.703765e+02
 * time: 4680.38130402565
   119     2.098307e+05     3.991381e+02
 * time: 4719.496623039246
   120     2.098279e+05     4.927416e+02
 * time: 4758.776813030243
   121     2.098271e+05     4.624033e+02
 * time: 4798.054939031601
   122     2.098268e+05     6.692179e+02
 * time: 4840.570520877838
   123     2.098262e+05     4.809310e+02
 * time: 4884.805319070816
   124     2.098258e+05     5.951289e+02
 * time: 4928.754103899002
   125     2.098251e+05     5.217010e+02
 * time: 4971.56916308403
   126     2.098250e+05     5.622919e+02
 * time: 5014.295403003693
   127     2.098248e+05     5.329854e+02
 * time: 5057.122767925262
   128     2.098247e+05     5.379889e+02
 * time: 5101.595901012421
   129     2.098243e+05     5.414980e+02
 * time: 5144.232985019684
   130     2.098239e+05     5.441559e+02
 * time: 5186.677440881729
   131     2.098234e+05     5.409791e+02
 * time: 5230.286588907242
   132     2.098226e+05     5.396168e+02
 * time: 5271.818211078644
   133     2.098224e+05     5.426904e+02
 * time: 5314.618010997772
   134     2.098222e+05     5.268162e+02
 * time: 5355.7062249183655
   135     2.098213e+05     5.293097e+02
 * time: 5396.585597991943
   136     2.098205e+05     5.321652e+02
 * time: 5437.258507013321
   137     2.098189e+05     5.600660e+02
 * time: 5478.093363046646
   138     2.098179e+05     5.699560e+02
 * time: 5519.06353187561
   139     2.098169e+05     5.842801e+02
 * time: 5560.095329046249
   140     2.098159e+05     5.894861e+02
 * time: 5601.246685028076
   141     2.098153e+05     5.905578e+02
 * time: 5642.202291965485
   142     2.098145e+05     5.860152e+02
 * time: 5683.107810020447
   143     2.098135e+05     5.706904e+02
 * time: 5724.047564983368
   144     2.098106e+05     1.104031e+03
 * time: 5763.286983013153
   145     2.098091e+05     1.343586e+03
 * time: 5804.363357067108
   146     2.098070e+05     1.304522e+03
 * time: 5844.7960340976715
   147     2.098053e+05     1.270323e+03
 * time: 5885.775377035141
   148     2.098048e+05     1.213459e+03
 * time: 5926.618442058563
   149     2.098014e+05     7.543339e+02
 * time: 5966.43802189827
   150     2.098005e+05     6.649837e+02
 * time: 6007.378861904144
   151     2.097959e+05     6.516630e+02
 * time: 6047.103584051132
   152     2.097917e+05     6.300280e+02
 * time: 6086.343198060989
   153     2.097912e+05     5.432829e+02
 * time: 6125.848860025406
   154     2.097889e+05     3.990951e+02
 * time: 6165.26350402832
   155     2.097834e+05     4.325421e+02
 * time: 6204.542839050293
   156     2.097781e+05     7.894588e+02
 * time: 6243.721675872803
   157     2.097763e+05     1.301120e+03
 * time: 6283.181245088577
   158     2.097709e+05     1.269742e+03
 * time: 6322.415863990784
   159     2.097657e+05     1.051635e+03
 * time: 6361.9820239543915
   160     2.097605e+05     9.510478e+02
 * time: 6401.453882932663
   161     2.097581e+05     6.283754e+02
 * time: 6441.001502990723
   162     2.097562e+05     3.690005e+02
 * time: 6480.435137987137
   163     2.097517e+05     3.961232e+02
 * time: 6519.675668001175
   164     2.097499e+05     4.699015e+02
 * time: 6560.586049079895
   165     2.097459e+05     3.835102e+02
 * time: 6600.05922293663
   166     2.097429e+05     4.014760e+02
 * time: 6639.165862083435
   167     2.097405e+05     1.772820e+02
 * time: 6678.432589054108
   168     2.097381e+05     4.629780e+02
 * time: 6717.496340036392
   169     2.097364e+05     4.035691e+02
 * time: 6756.643303871155
   170     2.097351e+05     4.542818e+02
 * time: 6796.06884598732
   171     2.097332e+05     6.966156e+02
 * time: 6835.3129251003265
   172     2.097306e+05     4.601207e+02
 * time: 6874.689400911331
   173     2.097288e+05     3.109992e+02
 * time: 6913.8237380981445
   174     2.097274e+05     3.771792e+02
 * time: 6952.833626031876
   175     2.097257e+05     3.050335e+02
 * time: 6992.099721908569
   176     2.097243e+05     2.673347e+02
 * time: 7032.375457048416
   177     2.097235e+05     3.310292e+02
 * time: 7071.561441898346
   178     2.097232e+05     1.736751e+02
 * time: 7111.1037340164185
   179     2.097231e+05     9.331599e+01
 * time: 7155.616060018539
   180     2.097231e+05     8.212328e+01
 * time: 7199.584043979645
   181     2.097231e+05     8.653403e+01
 * time: 7243.303251981735
   182     2.097230e+05     6.735874e+01
 * time: 7287.393342971802
   183     2.097230e+05     5.944908e+01
 * time: 7331.609118938446
   184     2.097230e+05     6.158911e+01
 * time: 7375.933357954025
   185     2.097229e+05     6.537094e+01
 * time: 7420.337761878967
   186     2.097228e+05     6.434529e+01
 * time: 7462.9126579761505
   187     2.097227e+05     6.436406e+01
 * time: 7505.180693864822
   188     2.097226e+05     6.446469e+01
 * time: 7547.754757881165
   189     2.097226e+05     6.413640e+01
 * time: 7590.417835950851
   190     2.097225e+05     6.384048e+01
 * time: 7632.994280099869
   191     2.097223e+05     6.363357e+01
 * time: 7675.67778301239
   192     2.097222e+05     6.297275e+01
 * time: 7718.114540100098
   193     2.097220e+05     6.248518e+01
 * time: 7760.863450050354
   194     2.097220e+05     6.242333e+01
 * time: 7803.365761041641
   195     2.097213e+05     6.678333e+01
 * time: 7844.42284488678
   196     2.097210e+05     6.638167e+01
 * time: 7885.446480989456
   197     2.097202e+05     5.700335e+01
 * time: 7926.220484972
   198     2.097194e+05     4.687804e+01
 * time: 7966.87406206131
   199     2.097185e+05     6.817000e+01
 * time: 8007.541179895401
   200     2.097179e+05     9.054640e+01
 * time: 8048.528825998306
   201     2.097178e+05     1.100347e+02
 * time: 8089.420687913895
   202     2.097177e+05     1.270005e+02
 * time: 8130.740563869476
   203     2.097174e+05     1.450348e+02
 * time: 8171.723002910614
   204     2.097174e+05     1.513512e+02
 * time: 8213.85634803772
   205     2.097170e+05     1.951191e+02
 * time: 8254.745074033737
   206     2.097167e+05     2.331482e+02
 * time: 8295.951538085938
   207     2.097163e+05     2.883378e+02
 * time: 8336.80629491806
   208     2.097160e+05     3.174664e+02
 * time: 8377.970268964767
   209     2.097158e+05     3.284220e+02
 * time: 8419.130524873734
   210     2.097152e+05     3.624362e+02
 * time: 8460.312402963638
   211     2.097149e+05     3.324911e+02
 * time: 8501.604403972626
   212     2.097144e+05     2.757222e+02
 * time: 8542.773514986038
   213     2.097140e+05     2.707259e+02
 * time: 8582.49261188507
   214     2.097136e+05     2.582349e+02
 * time: 8623.828847885132
   215     2.097133e+05     2.183566e+02
 * time: 8664.93416595459
   216     2.097130e+05     1.595873e+02
 * time: 8706.189019918442
   217     2.097128e+05     1.270715e+02
 * time: 8747.507857084274
   218     2.097124e+05     1.103165e+02
 * time: 8788.736645936966
   219     2.097119e+05     1.866670e+02
 * time: 8829.370545864105
   220     2.097114e+05     1.168088e+02
 * time: 8869.506823062897
   221     2.097108e+05     2.619541e+02
 * time: 8909.204703092575
   222     2.097104e+05     3.622322e+02
 * time: 8948.888230085373
   223     2.097096e+05     3.381953e+02
 * time: 8988.717673063278
   224     2.097086e+05     3.936184e+02
 * time: 9028.097316026688
   225     2.097078e+05     3.954175e+02
 * time: 9067.579236030579
   226     2.097070e+05     2.616931e+02
 * time: 9107.002016067505
   227     2.097065e+05     1.056375e+02
 * time: 9146.289134025574
   228     2.097060e+05     9.812174e+01
 * time: 9185.558032035828
   229     2.097055e+05     5.855161e+01
 * time: 9224.939454078674
   230     2.097051e+05     6.594120e+01
 * time: 9264.55908703804
   231     2.097048e+05     5.475388e+01
 * time: 9304.04769897461
   232     2.097045e+05     5.645512e+01
 * time: 9343.270957946777
   233     2.097042e+05     5.737762e+01
 * time: 9382.367858886719
   234     2.097039e+05     5.838479e+01
 * time: 9421.908029079437
   235     2.097039e+05     4.217430e+01
 * time: 9467.826890945435
   236     2.097039e+05     5.496605e+01
 * time: 9511.961014986038
   237     2.097039e+05     4.170935e+01
 * time: 9557.932491064072
┌ Warning: CI computation failed.
└ @ pulse_input_DDM ~/Projects/pulse_input_DDM.jl/src/neural_model/wrapper_functions.jl:78
9602.359011 seconds (2.88 G allocations: 353.303 GiB, 1.30% gc time)
optimization complete 
converged: true 
computing Hessian 
3561.431983 seconds (280.83 M allocations: 39.566 GiB, 1.63% gc time)
computing samples from ML parameters 
done, saving. 
